[ 2017-04-22T16:08:10+08:00 ] 113.107.163.197 /ScoreBoard/app.php/Home/Car/cardOCR
INFO: [ app_init ] --START--
INFO: Run Behavior\BuildLiteBehavior [ RunTime:0.000016s ]
INFO: [ app_init ] --END-- [ RunTime:0.000276s ]
INFO: [ app_begin ] --START--
INFO: Run Behavior\ReadHtmlCacheBehavior [ RunTime:0.000338s ]
INFO: [ app_begin ] --END-- [ RunTime:0.000398s ]

[ 2017-04-22T16:08:31+08:00 ] 113.107.163.197 /ScoreBoard/app.php/Home/Car/cardOCR
INFO: [ app_init ] --START--
INFO: Run Behavior\BuildLiteBehavior [ RunTime:0.000015s ]
INFO: [ app_init ] --END-- [ RunTime:0.000245s ]
INFO: [ app_begin ] --START--
INFO: Run Behavior\ReadHtmlCacheBehavior [ RunTime:0.000320s ]
INFO: [ app_begin ] --END-- [ RunTime:0.000380s ]
NOTIC: [2] require_once(curl.func.php): failed to open stream: No such file or directory /var/www/ScoreBoard/App/Home/Controller/CarController.class.php 第 4 行.

[ 2017-04-22T16:08:47+08:00 ] 113.107.163.197 /ScoreBoard/app.php/Home/Car/cardOCR
INFO: [ app_init ] --START--
INFO: Run Behavior\BuildLiteBehavior [ RunTime:0.000021s ]
INFO: [ app_init ] --END-- [ RunTime:0.000378s ]
INFO: [ app_begin ] --START--
INFO: Run Behavior\ReadHtmlCacheBehavior [ RunTime:0.000332s ]
INFO: [ app_begin ] --END-- [ RunTime:0.000379s ]

[ 2017-04-22T16:14:24+08:00 ] 113.107.163.197 /ScoreBoard/app.php/Home/Car/cardOCR
INFO: [ app_init ] --START--
INFO: Run Behavior\BuildLiteBehavior [ RunTime:0.000015s ]
INFO: [ app_init ] --END-- [ RunTime:0.000263s ]
INFO: [ app_begin ] --START--
INFO: Run Behavior\ReadHtmlCacheBehavior [ RunTime:0.000284s ]
INFO: [ app_begin ] --END-- [ RunTime:0.000329s ]

[ 2017-04-22T16:48:21+08:00 ] 113.107.163.197 /ScoreBoard/app.php/Home/Show/show_publish
INFO: [ app_init ] --START--
INFO: Run Behavior\BuildLiteBehavior [ RunTime:0.000023s ]
INFO: [ app_init ] --END-- [ RunTime:0.004138s ]
INFO: [ app_begin ] --START--
INFO: Run Behavior\ReadHtmlCacheBehavior [ RunTime:0.009982s ]
INFO: [ app_begin ] --END-- [ RunTime:0.010061s ]
SQL: SHOW COLUMNS FROM `pk` [ RunTime:0.1421s ]
SQL: SELECT * FROM `pk` WHERE `state` = 0 AND `pk_character` <> 1  [ RunTime:0.0001s ]
SQL: SHOW COLUMNS FROM `team` [ RunTime:0.0005s ]
SQL: SELECT * FROM `team` WHERE `t_id` = 1  [ RunTime:0.0001s ]
SQL: SHOW COLUMNS FROM `user_team` [ RunTime:0.0003s ]
SQL: SELECT * FROM `user_team` WHERE `t_id` = 1  [ RunTime:0.0001s ]
SQL: SHOW COLUMNS FROM `scoreboard` [ RunTime:0.0003s ]
SQL: SELECT * FROM `scoreboard` WHERE `reg_id` = 2  [ RunTime:0.0001s ]

[ 2017-04-22T16:48:30+08:00 ] 113.107.163.197 /ScoreBoard/app.php/Home/Index/car
INFO: [ app_init ] --START--
INFO: Run Behavior\BuildLiteBehavior [ RunTime:0.000017s ]
INFO: [ app_init ] --END-- [ RunTime:0.000257s ]
INFO: [ app_begin ] --START--
INFO: Run Behavior\ReadHtmlCacheBehavior [ RunTime:0.000292s ]
INFO: [ app_begin ] --END-- [ RunTime:0.000339s ]
INFO: [ view_parse ] --START--
INFO: [ template_filter ] --START--
INFO: Run Behavior\ContentReplaceBehavior [ RunTime:0.000038s ]
INFO: [ template_filter ] --END-- [ RunTime:0.000092s ]
INFO: Run Behavior\ParseTemplateBehavior [ RunTime:0.029332s ]
INFO: [ view_parse ] --END-- [ RunTime:0.029385s ]
INFO: [ view_filter ] --START--
INFO: Run Behavior\WriteHtmlCacheBehavior [ RunTime:0.005595s ]
INFO: [ view_filter ] --END-- [ RunTime:0.005641s ]
INFO: [ app_end ] --START--
INFO: Run Behavior\ShowPageTraceBehavior [ RunTime:0.003966s ]
INFO: [ app_end ] --END-- [ RunTime:0.004026s ]

[ 2017-04-22T17:06:35+08:00 ] 113.107.163.197 /ScoreBoard/app.php/Home/Car/cardOCR
INFO: [ app_init ] --START--
INFO: Run Behavior\BuildLiteBehavior [ RunTime:0.000014s ]
INFO: [ app_init ] --END-- [ RunTime:0.000249s ]
INFO: [ app_begin ] --START--
INFO: Run Behavior\ReadHtmlCacheBehavior [ RunTime:0.000293s ]
INFO: [ app_begin ] --END-- [ RunTime:0.000340s ]
NOTIC: [2] file_get_contents(C:\Users\YJS\Desktop\car.jpg): failed to open stream: No such file or directory /var/www/ScoreBoard/App/Home/Controller/CarController.class.php 第 32 行.
INFO: [ app_end ] --START--
INFO: Run Behavior\ShowPageTraceBehavior [ RunTime:0.003918s ]
INFO: [ app_end ] --END-- [ RunTime:0.004035s ]

[ 2017-04-22T17:06:41+08:00 ] 113.107.163.197 /ScoreBoard/app.php/Home/Car/cardOCR
INFO: [ app_init ] --START--
INFO: Run Behavior\BuildLiteBehavior [ RunTime:0.000019s ]
INFO: [ app_init ] --END-- [ RunTime:0.000270s ]
INFO: [ app_begin ] --START--
INFO: Run Behavior\ReadHtmlCacheBehavior [ RunTime:0.000296s ]
INFO: [ app_begin ] --END-- [ RunTime:0.000341s ]
NOTIC: [2] file_get_contents(C:\Users\YJS\Desktop\car.jpg): failed to open stream: No such file or directory /var/www/ScoreBoard/App/Home/Controller/CarController.class.php 第 32 行.
INFO: [ app_end ] --START--
INFO: Run Behavior\ShowPageTraceBehavior [ RunTime:0.000409s ]
INFO: [ app_end ] --END-- [ RunTime:0.000512s ]

[ 2017-04-22T17:06:41+08:00 ] 113.107.163.197 /ScoreBoard/app.php/Home/Car/cardOCR
INFO: [ app_init ] --START--
INFO: Run Behavior\BuildLiteBehavior [ RunTime:0.000012s ]
INFO: [ app_init ] --END-- [ RunTime:0.000223s ]
INFO: [ app_begin ] --START--
INFO: Run Behavior\ReadHtmlCacheBehavior [ RunTime:0.000292s ]
INFO: [ app_begin ] --END-- [ RunTime:0.000360s ]
NOTIC: [2] file_get_contents(C:\Users\YJS\Desktop\car.jpg): failed to open stream: No such file or directory /var/www/ScoreBoard/App/Home/Controller/CarController.class.php 第 32 行.
INFO: [ app_end ] --START--
INFO: Run Behavior\ShowPageTraceBehavior [ RunTime:0.000315s ]
INFO: [ app_end ] --END-- [ RunTime:0.000379s ]

[ 2017-04-22T17:06:41+08:00 ] 113.107.163.197 /ScoreBoard/app.php/Home/Car/cardOCR
INFO: [ app_init ] --START--
INFO: Run Behavior\BuildLiteBehavior [ RunTime:0.000013s ]
INFO: [ app_init ] --END-- [ RunTime:0.000226s ]
INFO: [ app_begin ] --START--
INFO: Run Behavior\ReadHtmlCacheBehavior [ RunTime:0.000280s ]
INFO: [ app_begin ] --END-- [ RunTime:0.000325s ]
NOTIC: [2] file_get_contents(C:\Users\YJS\Desktop\car.jpg): failed to open stream: No such file or directory /var/www/ScoreBoard/App/Home/Controller/CarController.class.php 第 32 行.
INFO: [ app_end ] --START--
INFO: Run Behavior\ShowPageTraceBehavior [ RunTime:0.000480s ]
INFO: [ app_end ] --END-- [ RunTime:0.000588s ]

[ 2017-04-22T17:07:39+08:00 ] 113.107.163.197 /ScoreBoard/app.php/Home/Car/cardOCR
INFO: [ app_init ] --START--
INFO: Run Behavior\BuildLiteBehavior [ RunTime:0.000016s ]
INFO: [ app_init ] --END-- [ RunTime:0.004312s ]
INFO: [ app_begin ] --START--
INFO: Run Behavior\ReadHtmlCacheBehavior [ RunTime:0.000300s ]
INFO: [ app_begin ] --END-- [ RunTime:0.000346s ]
NOTIC: [2] file_get_contents(C:\Users\YJS\Desktop\car.jpg): failed to open stream: No such file or directory /var/www/ScoreBoard/App/Home/Controller/CarController.class.php 第 32 行.
INFO: [ app_end ] --START--
INFO: Run Behavior\ShowPageTraceBehavior [ RunTime:0.000360s ]
INFO: [ app_end ] --END-- [ RunTime:0.000438s ]

[ 2017-04-22T17:07:40+08:00 ] 113.107.163.197 /ScoreBoard/app.php/Home/Car/cardOCR
INFO: [ app_init ] --START--
INFO: Run Behavior\BuildLiteBehavior [ RunTime:0.000012s ]
INFO: [ app_init ] --END-- [ RunTime:0.000252s ]
INFO: [ app_begin ] --START--
INFO: Run Behavior\ReadHtmlCacheBehavior [ RunTime:0.000281s ]
INFO: [ app_begin ] --END-- [ RunTime:0.000326s ]
NOTIC: [2] file_get_contents(C:\Users\YJS\Desktop\car.jpg): failed to open stream: No such file or directory /var/www/ScoreBoard/App/Home/Controller/CarController.class.php 第 32 行.
INFO: [ app_end ] --START--
INFO: Run Behavior\ShowPageTraceBehavior [ RunTime:0.000357s ]
INFO: [ app_end ] --END-- [ RunTime:0.000440s ]

[ 2017-04-22T17:07:41+08:00 ] 113.107.163.197 /ScoreBoard/app.php/Home/Car/cardOCR
INFO: [ app_init ] --START--
INFO: Run Behavior\BuildLiteBehavior [ RunTime:0.000013s ]
INFO: [ app_init ] --END-- [ RunTime:0.000232s ]
INFO: [ app_begin ] --START--
INFO: Run Behavior\ReadHtmlCacheBehavior [ RunTime:0.000286s ]
INFO: [ app_begin ] --END-- [ RunTime:0.000331s ]
NOTIC: [2] file_get_contents(C:\Users\YJS\Desktop\car.jpg): failed to open stream: No such file or directory /var/www/ScoreBoard/App/Home/Controller/CarController.class.php 第 32 行.
INFO: [ app_end ] --START--
INFO: Run Behavior\ShowPageTraceBehavior [ RunTime:0.000382s ]
INFO: [ app_end ] --END-- [ RunTime:0.000467s ]

[ 2017-04-22T17:07:41+08:00 ] 113.107.163.197 /ScoreBoard/app.php/Home/Car/cardOCR
INFO: [ app_init ] --START--
INFO: Run Behavior\BuildLiteBehavior [ RunTime:0.000012s ]
INFO: [ app_init ] --END-- [ RunTime:0.000231s ]
INFO: [ app_begin ] --START--
INFO: Run Behavior\ReadHtmlCacheBehavior [ RunTime:0.000305s ]
INFO: [ app_begin ] --END-- [ RunTime:0.000351s ]
NOTIC: [2] file_get_contents(C:\Users\YJS\Desktop\car.jpg): failed to open stream: No such file or directory /var/www/ScoreBoard/App/Home/Controller/CarController.class.php 第 32 行.
INFO: [ app_end ] --START--
INFO: Run Behavior\ShowPageTraceBehavior [ RunTime:0.000306s ]
INFO: [ app_end ] --END-- [ RunTime:0.000366s ]

[ 2017-04-22T17:07:41+08:00 ] 113.107.163.197 /ScoreBoard/app.php/Home/Car/cardOCR
INFO: [ app_init ] --START--
INFO: Run Behavior\BuildLiteBehavior [ RunTime:0.000013s ]
INFO: [ app_init ] --END-- [ RunTime:0.000235s ]
INFO: [ app_begin ] --START--
INFO: Run Behavior\ReadHtmlCacheBehavior [ RunTime:0.000292s ]
INFO: [ app_begin ] --END-- [ RunTime:0.000338s ]
NOTIC: [2] file_get_contents(C:\Users\YJS\Desktop\car.jpg): failed to open stream: No such file or directory /var/www/ScoreBoard/App/Home/Controller/CarController.class.php 第 32 行.
INFO: [ app_end ] --START--
INFO: Run Behavior\ShowPageTraceBehavior [ RunTime:0.000412s ]
INFO: [ app_end ] --END-- [ RunTime:0.000522s ]

[ 2017-04-22T17:08:30+08:00 ] 113.107.163.197 /ScoreBoard/app.php/Home/Car/cardOCR
INFO: [ app_init ] --START--
INFO: Run Behavior\BuildLiteBehavior [ RunTime:0.000015s ]
INFO: [ app_init ] --END-- [ RunTime:0.000268s ]
INFO: [ app_begin ] --START--
INFO: Run Behavior\ReadHtmlCacheBehavior [ RunTime:0.000290s ]
INFO: [ app_begin ] --END-- [ RunTime:0.000339s ]
NOTIC: [2] file_get_contents(C:\Users\YJS\Desktop\car.jpg): failed to open stream: No such file or directory /var/www/ScoreBoard/App/Home/Controller/CarController.class.php 第 32 行.
INFO: [ app_end ] --START--
INFO: Run Behavior\ShowPageTraceBehavior [ RunTime:0.000374s ]
INFO: [ app_end ] --END-- [ RunTime:0.000448s ]

[ 2017-04-22T17:08:58+08:00 ] 113.107.163.197 /ScoreBoard/app.php/Home/Car/cardOCR
INFO: [ app_init ] --START--
INFO: Run Behavior\BuildLiteBehavior [ RunTime:0.000015s ]
INFO: [ app_init ] --END-- [ RunTime:0.000247s ]
INFO: [ app_begin ] --START--
INFO: Run Behavior\ReadHtmlCacheBehavior [ RunTime:0.000292s ]
INFO: [ app_begin ] --END-- [ RunTime:0.000340s ]
NOTIC: [2] file_get_contents(C:\Users\YJS\Desktop\car.jpg): failed to open stream: No such file or directory /var/www/ScoreBoard/App/Home/Controller/CarController.class.php 第 32 行.
INFO: [ app_end ] --START--
INFO: Run Behavior\ShowPageTraceBehavior [ RunTime:0.000398s ]
INFO: [ app_end ] --END-- [ RunTime:0.000486s ]

[ 2017-04-22T17:08:59+08:00 ] 113.107.163.197 /ScoreBoard/app.php/Home/Car/cardOCR
INFO: [ app_init ] --START--
INFO: Run Behavior\BuildLiteBehavior [ RunTime:0.000012s ]
INFO: [ app_init ] --END-- [ RunTime:0.000224s ]
INFO: [ app_begin ] --START--
INFO: Run Behavior\ReadHtmlCacheBehavior [ RunTime:0.000301s ]
INFO: [ app_begin ] --END-- [ RunTime:0.000347s ]
NOTIC: [2] file_get_contents(C:\Users\YJS\Desktop\car.jpg): failed to open stream: No such file or directory /var/www/ScoreBoard/App/Home/Controller/CarController.class.php 第 32 行.
INFO: [ app_end ] --START--
INFO: Run Behavior\ShowPageTraceBehavior [ RunTime:0.000397s ]
INFO: [ app_end ] --END-- [ RunTime:0.000489s ]

[ 2017-04-22T17:08:59+08:00 ] 113.107.163.197 /ScoreBoard/app.php/Home/Car/cardOCR
INFO: [ app_init ] --START--
INFO: Run Behavior\BuildLiteBehavior [ RunTime:0.000012s ]
INFO: [ app_init ] --END-- [ RunTime:0.000274s ]
INFO: [ app_begin ] --START--
INFO: Run Behavior\ReadHtmlCacheBehavior [ RunTime:0.000319s ]
INFO: [ app_begin ] --END-- [ RunTime:0.000369s ]
NOTIC: [2] file_get_contents(C:\Users\YJS\Desktop\car.jpg): failed to open stream: No such file or directory /var/www/ScoreBoard/App/Home/Controller/CarController.class.php 第 32 行.
INFO: [ app_end ] --START--
INFO: Run Behavior\ShowPageTraceBehavior [ RunTime:0.000369s ]
INFO: [ app_end ] --END-- [ RunTime:0.000454s ]

[ 2017-04-22T17:08:59+08:00 ] 113.107.163.197 /ScoreBoard/app.php/Home/Car/cardOCR
INFO: [ app_init ] --START--
INFO: Run Behavior\BuildLiteBehavior [ RunTime:0.000013s ]
INFO: [ app_init ] --END-- [ RunTime:0.000223s ]
INFO: [ app_begin ] --START--
INFO: Run Behavior\ReadHtmlCacheBehavior [ RunTime:0.000276s ]
INFO: [ app_begin ] --END-- [ RunTime:0.000322s ]
NOTIC: [2] file_get_contents(C:\Users\YJS\Desktop\car.jpg): failed to open stream: No such file or directory /var/www/ScoreBoard/App/Home/Controller/CarController.class.php 第 32 行.
INFO: [ app_end ] --START--
INFO: Run Behavior\ShowPageTraceBehavior [ RunTime:0.000343s ]
INFO: [ app_end ] --END-- [ RunTime:0.000416s ]

[ 2017-04-22T17:09:00+08:00 ] 113.107.163.197 /ScoreBoard/app.php/Home/Car/cardOCR
INFO: [ app_init ] --START--
INFO: Run Behavior\BuildLiteBehavior [ RunTime:0.000013s ]
INFO: [ app_init ] --END-- [ RunTime:0.000230s ]
INFO: [ app_begin ] --START--
INFO: Run Behavior\ReadHtmlCacheBehavior [ RunTime:0.009978s ]
INFO: [ app_begin ] --END-- [ RunTime:0.010028s ]
NOTIC: [2] file_get_contents(C:\Users\YJS\Desktop\car.jpg): failed to open stream: No such file or directory /var/www/ScoreBoard/App/Home/Controller/CarController.class.php 第 32 行.
INFO: [ app_end ] --START--
INFO: Run Behavior\ShowPageTraceBehavior [ RunTime:0.000366s ]
INFO: [ app_end ] --END-- [ RunTime:0.000453s ]

[ 2017-04-22T17:09:00+08:00 ] 113.107.163.197 /ScoreBoard/app.php/Home/Car/cardOCR
INFO: [ app_init ] --START--
INFO: Run Behavior\BuildLiteBehavior [ RunTime:0.005145s ]
INFO: [ app_init ] --END-- [ RunTime:0.005416s ]
INFO: [ app_begin ] --START--
INFO: Run Behavior\ReadHtmlCacheBehavior [ RunTime:0.000336s ]
INFO: [ app_begin ] --END-- [ RunTime:0.000387s ]
NOTIC: [2] file_get_contents(C:\Users\YJS\Desktop\car.jpg): failed to open stream: No such file or directory /var/www/ScoreBoard/App/Home/Controller/CarController.class.php 第 32 行.
INFO: [ app_end ] --START--
INFO: Run Behavior\ShowPageTraceBehavior [ RunTime:0.000403s ]
INFO: [ app_end ] --END-- [ RunTime:0.000502s ]

[ 2017-04-22T17:09:00+08:00 ] 113.107.163.197 /ScoreBoard/app.php/Home/Car/cardOCR
INFO: [ app_init ] --START--
INFO: Run Behavior\BuildLiteBehavior [ RunTime:0.000012s ]
INFO: [ app_init ] --END-- [ RunTime:0.000228s ]
INFO: [ app_begin ] --START--
INFO: Run Behavior\ReadHtmlCacheBehavior [ RunTime:0.000297s ]
INFO: [ app_begin ] --END-- [ RunTime:0.000343s ]
NOTIC: [2] file_get_contents(C:\Users\YJS\Desktop\car.jpg): failed to open stream: No such file or directory /var/www/ScoreBoard/App/Home/Controller/CarController.class.php 第 32 行.
INFO: [ app_end ] --START--
INFO: Run Behavior\ShowPageTraceBehavior [ RunTime:0.000353s ]
INFO: [ app_end ] --END-- [ RunTime:0.000433s ]

[ 2017-04-22T17:09:00+08:00 ] 113.107.163.197 /ScoreBoard/app.php/Home/Car/cardOCR
INFO: [ app_init ] --START--
INFO: Run Behavior\BuildLiteBehavior [ RunTime:0.000012s ]
INFO: [ app_init ] --END-- [ RunTime:0.000227s ]
INFO: [ app_begin ] --START--
INFO: Run Behavior\ReadHtmlCacheBehavior [ RunTime:0.000283s ]
INFO: [ app_begin ] --END-- [ RunTime:0.000331s ]
NOTIC: [2] file_get_contents(C:\Users\YJS\Desktop\car.jpg): failed to open stream: No such file or directory /var/www/ScoreBoard/App/Home/Controller/CarController.class.php 第 32 行.
INFO: [ app_end ] --START--
INFO: Run Behavior\ShowPageTraceBehavior [ RunTime:0.000380s ]
INFO: [ app_end ] --END-- [ RunTime:0.000473s ]

[ 2017-04-22T17:09:00+08:00 ] 113.107.163.197 /ScoreBoard/app.php/Home/Car/cardOCR
INFO: [ app_init ] --START--
INFO: Run Behavior\BuildLiteBehavior [ RunTime:0.000012s ]
INFO: [ app_init ] --END-- [ RunTime:0.000225s ]
INFO: [ app_begin ] --START--
INFO: Run Behavior\ReadHtmlCacheBehavior [ RunTime:0.000281s ]
INFO: [ app_begin ] --END-- [ RunTime:0.000327s ]
NOTIC: [2] file_get_contents(C:\Users\YJS\Desktop\car.jpg): failed to open stream: No such file or directory /var/www/ScoreBoard/App/Home/Controller/CarController.class.php 第 32 行.
INFO: [ app_end ] --START--
INFO: Run Behavior\ShowPageTraceBehavior [ RunTime:0.000333s ]
INFO: [ app_end ] --END-- [ RunTime:0.000404s ]

[ 2017-04-22T17:09:01+08:00 ] 113.107.163.197 /ScoreBoard/app.php/Home/Car/cardOCR
INFO: [ app_init ] --START--
INFO: Run Behavior\BuildLiteBehavior [ RunTime:0.000016s ]
INFO: [ app_init ] --END-- [ RunTime:0.000242s ]
INFO: [ app_begin ] --START--
INFO: Run Behavior\ReadHtmlCacheBehavior [ RunTime:0.000306s ]
INFO: [ app_begin ] --END-- [ RunTime:0.000359s ]
NOTIC: [2] file_get_contents(C:\Users\YJS\Desktop\car.jpg): failed to open stream: No such file or directory /var/www/ScoreBoard/App/Home/Controller/CarController.class.php 第 32 行.
INFO: [ app_end ] --START--
INFO: Run Behavior\ShowPageTraceBehavior [ RunTime:0.000413s ]
INFO: [ app_end ] --END-- [ RunTime:0.000516s ]

[ 2017-04-22T17:09:01+08:00 ] 113.107.163.197 /ScoreBoard/app.php/Home/Car/cardOCR
INFO: [ app_init ] --START--
INFO: Run Behavior\BuildLiteBehavior [ RunTime:0.000014s ]
INFO: [ app_init ] --END-- [ RunTime:0.000247s ]
INFO: [ app_begin ] --START--
INFO: Run Behavior\ReadHtmlCacheBehavior [ RunTime:0.000291s ]
INFO: [ app_begin ] --END-- [ RunTime:0.000344s ]
NOTIC: [2] file_get_contents(C:\Users\YJS\Desktop\car.jpg): failed to open stream: No such file or directory /var/www/ScoreBoard/App/Home/Controller/CarController.class.php 第 32 行.
INFO: [ app_end ] --START--
INFO: Run Behavior\ShowPageTraceBehavior [ RunTime:0.000436s ]
INFO: [ app_end ] --END-- [ RunTime:0.000543s ]

[ 2017-04-22T17:09:01+08:00 ] 113.107.163.197 /ScoreBoard/app.php/Home/Car/cardOCR
INFO: [ app_init ] --START--
INFO: Run Behavior\BuildLiteBehavior [ RunTime:0.000013s ]
INFO: [ app_init ] --END-- [ RunTime:0.000239s ]
INFO: [ app_begin ] --START--
INFO: Run Behavior\ReadHtmlCacheBehavior [ RunTime:0.000286s ]
INFO: [ app_begin ] --END-- [ RunTime:0.000333s ]
NOTIC: [2] file_get_contents(C:\Users\YJS\Desktop\car.jpg): failed to open stream: No such file or directory /var/www/ScoreBoard/App/Home/Controller/CarController.class.php 第 32 行.
INFO: [ app_end ] --START--
INFO: Run Behavior\ShowPageTraceBehavior [ RunTime:0.000367s ]
INFO: [ app_end ] --END-- [ RunTime:0.000456s ]

[ 2017-04-22T17:10:33+08:00 ] 113.107.163.197 /ScoreBoard/app.php/Home/Car/cardOCR
INFO: [ app_init ] --START--
INFO: Run Behavior\BuildLiteBehavior [ RunTime:0.000015s ]
INFO: [ app_init ] --END-- [ RunTime:0.000242s ]
INFO: [ app_begin ] --START--
INFO: Run Behavior\ReadHtmlCacheBehavior [ RunTime:0.006557s ]
INFO: [ app_begin ] --END-- [ RunTime:0.006606s ]
NOTIC: [2] file_get_contents(file:///C:\Users\YJS\Desktop\car.jpg): failed to open stream: No such file or directory /var/www/ScoreBoard/App/Home/Controller/CarController.class.php 第 32 行.
INFO: [ app_end ] --START--
INFO: Run Behavior\ShowPageTraceBehavior [ RunTime:0.000337s ]
INFO: [ app_end ] --END-- [ RunTime:0.000408s ]

[ 2017-04-22T17:10:34+08:00 ] 113.107.163.197 /ScoreBoard/app.php/Home/Car/cardOCR
INFO: [ app_init ] --START--
INFO: Run Behavior\BuildLiteBehavior [ RunTime:0.000013s ]
INFO: [ app_init ] --END-- [ RunTime:0.000258s ]
INFO: [ app_begin ] --START--
INFO: Run Behavior\ReadHtmlCacheBehavior [ RunTime:0.000286s ]
INFO: [ app_begin ] --END-- [ RunTime:0.000332s ]
NOTIC: [2] file_get_contents(file:///C:\Users\YJS\Desktop\car.jpg): failed to open stream: No such file or directory /var/www/ScoreBoard/App/Home/Controller/CarController.class.php 第 32 行.
INFO: [ app_end ] --START--
INFO: Run Behavior\ShowPageTraceBehavior [ RunTime:0.000352s ]
INFO: [ app_end ] --END-- [ RunTime:0.000439s ]

[ 2017-04-22T17:10:34+08:00 ] 113.107.163.197 /ScoreBoard/app.php/Home/Car/cardOCR
INFO: [ app_init ] --START--
INFO: Run Behavior\BuildLiteBehavior [ RunTime:0.000016s ]
INFO: [ app_init ] --END-- [ RunTime:0.000253s ]
INFO: [ app_begin ] --START--
INFO: Run Behavior\ReadHtmlCacheBehavior [ RunTime:0.000323s ]
INFO: [ app_begin ] --END-- [ RunTime:0.000370s ]
NOTIC: [2] file_get_contents(file:///C:\Users\YJS\Desktop\car.jpg): failed to open stream: No such file or directory /var/www/ScoreBoard/App/Home/Controller/CarController.class.php 第 32 行.
INFO: [ app_end ] --START--
INFO: Run Behavior\ShowPageTraceBehavior [ RunTime:0.000375s ]
INFO: [ app_end ] --END-- [ RunTime:0.000472s ]

[ 2017-04-22T17:10:35+08:00 ] 113.107.163.197 /ScoreBoard/app.php/Home/Car/cardOCR
INFO: [ app_init ] --START--
INFO: Run Behavior\BuildLiteBehavior [ RunTime:0.000012s ]
INFO: [ app_init ] --END-- [ RunTime:0.000229s ]
INFO: [ app_begin ] --START--
INFO: Run Behavior\ReadHtmlCacheBehavior [ RunTime:0.000281s ]
INFO: [ app_begin ] --END-- [ RunTime:0.000327s ]
NOTIC: [2] file_get_contents(file:///C:\Users\YJS\Desktop\car.jpg): failed to open stream: No such file or directory /var/www/ScoreBoard/App/Home/Controller/CarController.class.php 第 32 行.
INFO: [ app_end ] --START--
INFO: Run Behavior\ShowPageTraceBehavior [ RunTime:0.000399s ]
INFO: [ app_end ] --END-- [ RunTime:0.000523s ]

[ 2017-04-22T17:10:35+08:00 ] 113.107.163.197 /ScoreBoard/app.php/Home/Car/cardOCR
INFO: [ app_init ] --START--
INFO: Run Behavior\BuildLiteBehavior [ RunTime:0.000012s ]
INFO: [ app_init ] --END-- [ RunTime:0.000235s ]
INFO: [ app_begin ] --START--
INFO: Run Behavior\ReadHtmlCacheBehavior [ RunTime:0.000279s ]
INFO: [ app_begin ] --END-- [ RunTime:0.000326s ]
NOTIC: [2] file_get_contents(file:///C:\Users\YJS\Desktop\car.jpg): failed to open stream: No such file or directory /var/www/ScoreBoard/App/Home/Controller/CarController.class.php 第 32 行.
INFO: [ app_end ] --START--
INFO: Run Behavior\ShowPageTraceBehavior [ RunTime:0.000334s ]
INFO: [ app_end ] --END-- [ RunTime:0.000409s ]

[ 2017-04-22T17:11:34+08:00 ] 113.107.163.197 /ScoreBoard/app.php/Home/Car/cardOCR
INFO: [ app_init ] --START--
INFO: Run Behavior\BuildLiteBehavior [ RunTime:0.000013s ]
INFO: [ app_init ] --END-- [ RunTime:0.000232s ]
INFO: [ app_begin ] --START--
INFO: Run Behavior\ReadHtmlCacheBehavior [ RunTime:0.000281s ]
INFO: [ app_begin ] --END-- [ RunTime:0.000328s ]
NOTIC: [2] file_get_contents(file:///C:\Users\YJS\Desktop\car.jpg): failed to open stream: No such file or directory /var/www/ScoreBoard/App/Home/Controller/CarController.class.php 第 32 行.
INFO: [ app_end ] --START--
INFO: Run Behavior\ShowPageTraceBehavior [ RunTime:0.000362s ]
INFO: [ app_end ] --END-- [ RunTime:0.000448s ]

[ 2017-04-22T17:11:35+08:00 ] 113.107.163.197 /ScoreBoard/app.php/Home/Car/cardOCR
INFO: [ app_init ] --START--
INFO: Run Behavior\BuildLiteBehavior [ RunTime:0.000012s ]
INFO: [ app_init ] --END-- [ RunTime:0.000225s ]
INFO: [ app_begin ] --START--
INFO: Run Behavior\ReadHtmlCacheBehavior [ RunTime:0.000291s ]
INFO: [ app_begin ] --END-- [ RunTime:0.000336s ]
NOTIC: [2] file_get_contents(file:///C:\Users\YJS\Desktop\car.jpg): failed to open stream: No such file or directory /var/www/ScoreBoard/App/Home/Controller/CarController.class.php 第 32 行.
INFO: [ app_end ] --START--
INFO: Run Behavior\ShowPageTraceBehavior [ RunTime:0.000377s ]
INFO: [ app_end ] --END-- [ RunTime:0.000467s ]

[ 2017-04-22T17:11:36+08:00 ] 113.107.163.197 /ScoreBoard/app.php/Home/Car/cardOCR
INFO: [ app_init ] --START--
INFO: Run Behavior\BuildLiteBehavior [ RunTime:0.000013s ]
INFO: [ app_init ] --END-- [ RunTime:0.000225s ]
INFO: [ app_begin ] --START--
INFO: Run Behavior\ReadHtmlCacheBehavior [ RunTime:0.000291s ]
INFO: [ app_begin ] --END-- [ RunTime:0.000336s ]
NOTIC: [2] file_get_contents(file:///C:\Users\YJS\Desktop\car.jpg): failed to open stream: No such file or directory /var/www/ScoreBoard/App/Home/Controller/CarController.class.php 第 32 行.
INFO: [ app_end ] --START--
INFO: Run Behavior\ShowPageTraceBehavior [ RunTime:0.000343s ]
INFO: [ app_end ] --END-- [ RunTime:0.000417s ]

[ 2017-04-22T17:11:36+08:00 ] 113.107.163.197 /ScoreBoard/app.php/Home/Car/cardOCR
INFO: [ app_init ] --START--
INFO: Run Behavior\BuildLiteBehavior [ RunTime:0.000013s ]
INFO: [ app_init ] --END-- [ RunTime:0.000228s ]
INFO: [ app_begin ] --START--
INFO: Run Behavior\ReadHtmlCacheBehavior [ RunTime:0.000292s ]
INFO: [ app_begin ] --END-- [ RunTime:0.000337s ]
NOTIC: [2] file_get_contents(file:///C:\Users\YJS\Desktop\car.jpg): failed to open stream: No such file or directory /var/www/ScoreBoard/App/Home/Controller/CarController.class.php 第 32 行.
INFO: [ app_end ] --START--
INFO: Run Behavior\ShowPageTraceBehavior [ RunTime:0.000349s ]
INFO: [ app_end ] --END-- [ RunTime:0.000426s ]

[ 2017-04-22T17:11:36+08:00 ] 113.107.163.197 /ScoreBoard/app.php/Home/Car/cardOCR
INFO: [ app_init ] --START--
INFO: Run Behavior\BuildLiteBehavior [ RunTime:0.000014s ]
INFO: [ app_init ] --END-- [ RunTime:0.000236s ]
INFO: [ app_begin ] --START--
INFO: Run Behavior\ReadHtmlCacheBehavior [ RunTime:0.000287s ]
INFO: [ app_begin ] --END-- [ RunTime:0.000333s ]
NOTIC: [2] file_get_contents(file:///C:\Users\YJS\Desktop\car.jpg): failed to open stream: No such file or directory /var/www/ScoreBoard/App/Home/Controller/CarController.class.php 第 32 行.
INFO: [ app_end ] --START--
INFO: Run Behavior\ShowPageTraceBehavior [ RunTime:0.000349s ]
INFO: [ app_end ] --END-- [ RunTime:0.000425s ]

[ 2017-04-22T17:11:36+08:00 ] 113.107.163.197 /ScoreBoard/app.php/Home/Car/cardOCR
INFO: [ app_init ] --START--
INFO: Run Behavior\BuildLiteBehavior [ RunTime:0.000013s ]
INFO: [ app_init ] --END-- [ RunTime:0.000223s ]
INFO: [ app_begin ] --START--
INFO: Run Behavior\ReadHtmlCacheBehavior [ RunTime:0.000280s ]
INFO: [ app_begin ] --END-- [ RunTime:0.000325s ]
NOTIC: [2] file_get_contents(file:///C:\Users\YJS\Desktop\car.jpg): failed to open stream: No such file or directory /var/www/ScoreBoard/App/Home/Controller/CarController.class.php 第 32 行.
INFO: [ app_end ] --START--
INFO: Run Behavior\ShowPageTraceBehavior [ RunTime:0.000353s ]
INFO: [ app_end ] --END-- [ RunTime:0.000447s ]

[ 2017-04-22T17:11:38+08:00 ] 113.107.163.197 /ScoreBoard/app.php/Home/Car/cardOCR
INFO: [ app_init ] --START--
INFO: Run Behavior\BuildLiteBehavior [ RunTime:0.000014s ]
INFO: [ app_init ] --END-- [ RunTime:0.000232s ]
INFO: [ app_begin ] --START--
INFO: Run Behavior\ReadHtmlCacheBehavior [ RunTime:0.000292s ]
INFO: [ app_begin ] --END-- [ RunTime:0.000336s ]
NOTIC: [2] file_get_contents(file:///C:\Users\YJS\Desktop\car.jpg): failed to open stream: No such file or directory /var/www/ScoreBoard/App/Home/Controller/CarController.class.php 第 32 行.
INFO: [ app_end ] --START--
INFO: Run Behavior\ShowPageTraceBehavior [ RunTime:0.000414s ]
INFO: [ app_end ] --END-- [ RunTime:0.000539s ]

[ 2017-04-22T17:12:24+08:00 ] 113.107.163.197 /ScoreBoard/app.php/Home/Car/cardOCR
INFO: [ app_init ] --START--
INFO: Run Behavior\BuildLiteBehavior [ RunTime:0.000014s ]
INFO: [ app_init ] --END-- [ RunTime:0.000239s ]
INFO: [ app_begin ] --START--
INFO: Run Behavior\ReadHtmlCacheBehavior [ RunTime:0.000282s ]
INFO: [ app_begin ] --END-- [ RunTime:0.000328s ]
NOTIC: [2] file_get_contents(./curl.func.php): failed to open stream: No such file or directory /var/www/ScoreBoard/App/Home/Controller/CarController.class.php 第 32 行.
INFO: [ app_end ] --START--
INFO: Run Behavior\ShowPageTraceBehavior [ RunTime:0.000415s ]
INFO: [ app_end ] --END-- [ RunTime:0.000520s ]

[ 2017-04-22T17:12:25+08:00 ] 113.107.163.197 /ScoreBoard/app.php/Home/Car/cardOCR
INFO: [ app_init ] --START--
INFO: Run Behavior\BuildLiteBehavior [ RunTime:0.000021s ]
INFO: [ app_init ] --END-- [ RunTime:0.000274s ]
INFO: [ app_begin ] --START--
INFO: Run Behavior\ReadHtmlCacheBehavior [ RunTime:0.009017s ]
INFO: [ app_begin ] --END-- [ RunTime:0.009074s ]
NOTIC: [2] file_get_contents(./curl.func.php): failed to open stream: No such file or directory /var/www/ScoreBoard/App/Home/Controller/CarController.class.php 第 32 行.
INFO: [ app_end ] --START--
INFO: Run Behavior\ShowPageTraceBehavior [ RunTime:0.000405s ]
INFO: [ app_end ] --END-- [ RunTime:0.000504s ]

[ 2017-04-22T17:12:25+08:00 ] 113.107.163.197 /ScoreBoard/app.php/Home/Car/cardOCR
INFO: [ app_init ] --START--
INFO: Run Behavior\BuildLiteBehavior [ RunTime:0.000013s ]
INFO: [ app_init ] --END-- [ RunTime:0.000224s ]
INFO: [ app_begin ] --START--
INFO: Run Behavior\ReadHtmlCacheBehavior [ RunTime:0.000282s ]
INFO: [ app_begin ] --END-- [ RunTime:0.000328s ]
NOTIC: [2] file_get_contents(./curl.func.php): failed to open stream: No such file or directory /var/www/ScoreBoard/App/Home/Controller/CarController.class.php 第 32 行.
INFO: [ app_end ] --START--
INFO: Run Behavior\ShowPageTraceBehavior [ RunTime:0.000333s ]
INFO: [ app_end ] --END-- [ RunTime:0.000403s ]

[ 2017-04-22T17:12:25+08:00 ] 113.107.163.197 /ScoreBoard/app.php/Home/Car/cardOCR
INFO: [ app_init ] --START--
INFO: Run Behavior\BuildLiteBehavior [ RunTime:0.000013s ]
INFO: [ app_init ] --END-- [ RunTime:0.000223s ]
INFO: [ app_begin ] --START--
INFO: Run Behavior\ReadHtmlCacheBehavior [ RunTime:0.000275s ]
INFO: [ app_begin ] --END-- [ RunTime:0.000321s ]
NOTIC: [2] file_get_contents(./curl.func.php): failed to open stream: No such file or directory /var/www/ScoreBoard/App/Home/Controller/CarController.class.php 第 32 行.
INFO: [ app_end ] --START--
INFO: Run Behavior\ShowPageTraceBehavior [ RunTime:0.000344s ]
INFO: [ app_end ] --END-- [ RunTime:0.000418s ]

[ 2017-04-22T17:12:25+08:00 ] 113.107.163.197 /ScoreBoard/app.php/Home/Car/cardOCR
INFO: [ app_init ] --START--
INFO: Run Behavior\BuildLiteBehavior [ RunTime:0.000012s ]
INFO: [ app_init ] --END-- [ RunTime:0.000230s ]
INFO: [ app_begin ] --START--
INFO: Run Behavior\ReadHtmlCacheBehavior [ RunTime:0.000303s ]
INFO: [ app_begin ] --END-- [ RunTime:0.000352s ]
NOTIC: [2] file_get_contents(./curl.func.php): failed to open stream: No such file or directory /var/www/ScoreBoard/App/Home/Controller/CarController.class.php 第 32 行.
INFO: [ app_end ] --START--
INFO: Run Behavior\ShowPageTraceBehavior [ RunTime:0.000385s ]
INFO: [ app_end ] --END-- [ RunTime:0.000482s ]

[ 2017-04-22T17:12:25+08:00 ] 113.107.163.197 /ScoreBoard/app.php/Home/Car/cardOCR
INFO: [ app_init ] --START--
INFO: Run Behavior\BuildLiteBehavior [ RunTime:0.000013s ]
INFO: [ app_init ] --END-- [ RunTime:0.000231s ]
INFO: [ app_begin ] --START--
INFO: Run Behavior\ReadHtmlCacheBehavior [ RunTime:0.000447s ]
INFO: [ app_begin ] --END-- [ RunTime:0.000521s ]
NOTIC: [2] file_get_contents(./curl.func.php): failed to open stream: No such file or directory /var/www/ScoreBoard/App/Home/Controller/CarController.class.php 第 32 行.
INFO: [ app_end ] --START--
INFO: Run Behavior\ShowPageTraceBehavior [ RunTime:0.000431s ]
INFO: [ app_end ] --END-- [ RunTime:0.000530s ]

[ 2017-04-22T17:12:26+08:00 ] 113.107.163.197 /ScoreBoard/app.php/Home/Car/cardOCR
INFO: [ app_init ] --START--
INFO: Run Behavior\BuildLiteBehavior [ RunTime:0.000018s ]
INFO: [ app_init ] --END-- [ RunTime:0.000287s ]
INFO: [ app_begin ] --START--
INFO: Run Behavior\ReadHtmlCacheBehavior [ RunTime:0.000284s ]
INFO: [ app_begin ] --END-- [ RunTime:0.000330s ]
NOTIC: [2] file_get_contents(./curl.func.php): failed to open stream: No such file or directory /var/www/ScoreBoard/App/Home/Controller/CarController.class.php 第 32 行.
INFO: [ app_end ] --START--
INFO: Run Behavior\ShowPageTraceBehavior [ RunTime:0.000339s ]
INFO: [ app_end ] --END-- [ RunTime:0.000403s ]

[ 2017-04-22T17:12:26+08:00 ] 113.107.163.197 /ScoreBoard/app.php/Home/Car/cardOCR
INFO: [ app_init ] --START--
INFO: Run Behavior\BuildLiteBehavior [ RunTime:0.000013s ]
INFO: [ app_init ] --END-- [ RunTime:0.000237s ]
INFO: [ app_begin ] --START--
INFO: Run Behavior\ReadHtmlCacheBehavior [ RunTime:0.000275s ]
INFO: [ app_begin ] --END-- [ RunTime:0.000319s ]
NOTIC: [2] file_get_contents(./curl.func.php): failed to open stream: No such file or directory /var/www/ScoreBoard/App/Home/Controller/CarController.class.php 第 32 行.
INFO: [ app_end ] --START--
INFO: Run Behavior\ShowPageTraceBehavior [ RunTime:0.000311s ]
INFO: [ app_end ] --END-- [ RunTime:0.000370s ]

[ 2017-04-22T17:12:27+08:00 ] 113.107.163.197 /ScoreBoard/app.php/Home/Car/cardOCR
INFO: [ app_init ] --START--
INFO: Run Behavior\BuildLiteBehavior [ RunTime:0.000012s ]
INFO: [ app_init ] --END-- [ RunTime:0.000228s ]
INFO: [ app_begin ] --START--
INFO: Run Behavior\ReadHtmlCacheBehavior [ RunTime:0.000279s ]
INFO: [ app_begin ] --END-- [ RunTime:0.000326s ]
NOTIC: [2] file_get_contents(./curl.func.php): failed to open stream: No such file or directory /var/www/ScoreBoard/App/Home/Controller/CarController.class.php 第 32 行.
INFO: [ app_end ] --START--
INFO: Run Behavior\ShowPageTraceBehavior [ RunTime:0.000338s ]
INFO: [ app_end ] --END-- [ RunTime:0.000407s ]

[ 2017-04-22T17:13:28+08:00 ] 113.107.163.197 /ScoreBoard/app.php/Home/Car/cardOCR
INFO: [ app_init ] --START--
INFO: Run Behavior\BuildLiteBehavior [ RunTime:0.000014s ]
INFO: [ app_init ] --END-- [ RunTime:0.000240s ]
INFO: [ app_begin ] --START--
INFO: Run Behavior\ReadHtmlCacheBehavior [ RunTime:0.000311s ]
INFO: [ app_begin ] --END-- [ RunTime:0.004257s ]
NOTIC: [2] file_get_contents(./curl.func.php): failed to open stream: No such file or directory /var/www/ScoreBoard/App/Home/Controller/CarController.class.php 第 32 行.
NOTIC: [2] file_put_contents() expects at least 2 parameters, 1 given /var/www/ScoreBoard/App/Home/Controller/CarController.class.php 第 33 行.
INFO: [ app_end ] --START--
INFO: Run Behavior\ShowPageTraceBehavior [ RunTime:0.000380s ]
INFO: [ app_end ] --END-- [ RunTime:0.000475s ]

[ 2017-04-22T17:13:29+08:00 ] 113.107.163.197 /ScoreBoard/app.php/Home/Car/cardOCR
INFO: [ app_init ] --START--
INFO: Run Behavior\BuildLiteBehavior [ RunTime:0.000012s ]
INFO: [ app_init ] --END-- [ RunTime:0.000237s ]
INFO: [ app_begin ] --START--
INFO: Run Behavior\ReadHtmlCacheBehavior [ RunTime:0.000282s ]
INFO: [ app_begin ] --END-- [ RunTime:0.000328s ]
NOTIC: [2] file_get_contents(./curl.func.php): failed to open stream: No such file or directory /var/www/ScoreBoard/App/Home/Controller/CarController.class.php 第 32 行.
NOTIC: [2] file_put_contents() expects at least 2 parameters, 1 given /var/www/ScoreBoard/App/Home/Controller/CarController.class.php 第 33 行.
INFO: [ app_end ] --START--
INFO: Run Behavior\ShowPageTraceBehavior [ RunTime:0.000340s ]
INFO: [ app_end ] --END-- [ RunTime:0.000425s ]

[ 2017-04-22T17:13:29+08:00 ] 113.107.163.197 /ScoreBoard/app.php/Home/Car/cardOCR
INFO: [ app_init ] --START--
INFO: Run Behavior\BuildLiteBehavior [ RunTime:0.000013s ]
INFO: [ app_init ] --END-- [ RunTime:0.000233s ]
INFO: [ app_begin ] --START--
INFO: Run Behavior\ReadHtmlCacheBehavior [ RunTime:0.000287s ]
INFO: [ app_begin ] --END-- [ RunTime:0.000333s ]
NOTIC: [2] file_get_contents(./curl.func.php): failed to open stream: No such file or directory /var/www/ScoreBoard/App/Home/Controller/CarController.class.php 第 32 行.
NOTIC: [2] file_put_contents() expects at least 2 parameters, 1 given /var/www/ScoreBoard/App/Home/Controller/CarController.class.php 第 33 行.
INFO: [ app_end ] --START--
INFO: Run Behavior\ShowPageTraceBehavior [ RunTime:0.000352s ]
INFO: [ app_end ] --END-- [ RunTime:0.000431s ]

[ 2017-04-22T20:20:12+08:00 ] 101.226.125.111 /ScoreBoard/app.php/Home/Index/map/jingdu/110.627281/weidu/21.303419
INFO: [ app_init ] --START--
INFO: Run Behavior\BuildLiteBehavior [ RunTime:0.000022s ]
INFO: [ app_init ] --END-- [ RunTime:0.008037s ]
INFO: [ app_begin ] --START--
INFO: Run Behavior\ReadHtmlCacheBehavior [ RunTime:0.002985s ]
INFO: [ app_begin ] --END-- [ RunTime:0.003074s ]
INFO: [ view_parse ] --START--
INFO: [ template_filter ] --START--
INFO: Run Behavior\ContentReplaceBehavior [ RunTime:0.000039s ]
INFO: [ template_filter ] --END-- [ RunTime:0.000111s ]
INFO: Run Behavior\ParseTemplateBehavior [ RunTime:0.054441s ]
INFO: [ view_parse ] --END-- [ RunTime:0.054545s ]
INFO: [ view_filter ] --START--
INFO: Run Behavior\WriteHtmlCacheBehavior [ RunTime:0.004462s ]
INFO: [ view_filter ] --END-- [ RunTime:0.004509s ]
INFO: [ app_end ] --START--
INFO: Run Behavior\ShowPageTraceBehavior [ RunTime:0.003203s ]
INFO: [ app_end ] --END-- [ RunTime:0.003251s ]

[ 2017-04-22T21:33:08+08:00 ] 113.107.163.197 /ScoreBoard/app.php/Home/Car/cardOCR
INFO: [ app_init ] --START--
INFO: Run Behavior\BuildLiteBehavior [ RunTime:0.000012s ]
INFO: [ app_init ] --END-- [ RunTime:0.000225s ]
INFO: [ app_begin ] --START--
INFO: Run Behavior\ReadHtmlCacheBehavior [ RunTime:0.000280s ]
INFO: [ app_begin ] --END-- [ RunTime:0.000327s ]
NOTIC: [2] file_get_contents(./curl.func.php): failed to open stream: No such file or directory /var/www/ScoreBoard/App/Home/Controller/CarController.class.php 第 32 行.
NOTIC: [2] file_put_contents() expects at least 2 parameters, 1 given /var/www/ScoreBoard/App/Home/Controller/CarController.class.php 第 33 行.
INFO: [ app_end ] --START--
INFO: Run Behavior\ShowPageTraceBehavior [ RunTime:0.000321s ]
INFO: [ app_end ] --END-- [ RunTime:0.000385s ]

