[ 2017-06-03T16:43:28+08:00 ] 112.96.161.169 /ScoreBoard/app.php/Home/Index/add_score/reg_id/1/pk_id/3329/team/1/add_score/3
INFO: [ app_init ] --START--
INFO: Run Behavior\BuildLiteBehavior [ RunTime:0.000016s ]
INFO: [ app_init ] --END-- [ RunTime:0.000291s ]
INFO: [ app_begin ] --START--
INFO: Run Behavior\ReadHtmlCacheBehavior [ RunTime:0.000317s ]
INFO: [ app_begin ] --END-- [ RunTime:0.000378s ]
SQL: SHOW COLUMNS FROM `pk` [ RunTime:0.0006s ]
SQL: SELECT * FROM `pk` WHERE `pk_id` = 3329  [ RunTime:0.0001s ]
SQL: SELECT * FROM `pk` WHERE `pk_id` = 3329  [ RunTime:0.0001s ]
NOTIC: [2] Illegal offset type in isset or empty /var/www/ScoreBoard/ThinkPHP/Library/Think/Model.class.php 第 445 行.
SQL: UPDATE `pk` SET `score1`='102' WHERE `pk_id` = 3329 [ RunTime:0.0081s ]
SQL: SELECT * FROM `pk` WHERE `pk_id` = 3329  [ RunTime:0.0002s ]

[ 2017-06-03T16:43:31+08:00 ] 112.96.161.169 /ScoreBoard/app.php/Home/Index/add_score/reg_id/1/pk_id/3329/team/1/add_score/1
INFO: [ app_init ] --START--
INFO: Run Behavior\BuildLiteBehavior [ RunTime:0.000012s ]
INFO: [ app_init ] --END-- [ RunTime:0.000232s ]
INFO: [ app_begin ] --START--
INFO: Run Behavior\ReadHtmlCacheBehavior [ RunTime:0.000345s ]
INFO: [ app_begin ] --END-- [ RunTime:0.000393s ]
SQL: SHOW COLUMNS FROM `pk` [ RunTime:0.0005s ]
SQL: SELECT * FROM `pk` WHERE `pk_id` = 3329  [ RunTime:0.0001s ]
SQL: SELECT * FROM `pk` WHERE `pk_id` = 3329  [ RunTime:0.0001s ]
NOTIC: [2] Illegal offset type in isset or empty /var/www/ScoreBoard/ThinkPHP/Library/Think/Model.class.php 第 445 行.
SQL: UPDATE `pk` SET `score1`='103' WHERE `pk_id` = 3329 [ RunTime:0.0088s ]
SQL: SELECT * FROM `pk` WHERE `pk_id` = 3329  [ RunTime:0.0002s ]

[ 2017-06-03T16:43:32+08:00 ] 112.96.161.169 /ScoreBoard/app.php/Home/Index/add_score/reg_id/1/pk_id/3329/team/1/add_score/2
INFO: [ app_init ] --START--
INFO: Run Behavior\BuildLiteBehavior [ RunTime:0.000012s ]
INFO: [ app_init ] --END-- [ RunTime:0.000228s ]
INFO: [ app_begin ] --START--
INFO: Run Behavior\ReadHtmlCacheBehavior [ RunTime:0.000281s ]
INFO: [ app_begin ] --END-- [ RunTime:0.000330s ]
SQL: SHOW COLUMNS FROM `pk` [ RunTime:0.0006s ]
SQL: SELECT * FROM `pk` WHERE `pk_id` = 3329  [ RunTime:0.0001s ]
SQL: SELECT * FROM `pk` WHERE `pk_id` = 3329  [ RunTime:0.0001s ]
NOTIC: [2] Illegal offset type in isset or empty /var/www/ScoreBoard/ThinkPHP/Library/Think/Model.class.php 第 445 行.
SQL: UPDATE `pk` SET `score1`='105' WHERE `pk_id` = 3329 [ RunTime:0.0100s ]
SQL: SELECT * FROM `pk` WHERE `pk_id` = 3329  [ RunTime:0.0003s ]

[ 2017-06-03T16:43:34+08:00 ] 112.96.161.169 /ScoreBoard/app.php/Home/Index/add_score/reg_id/1/pk_id/3329/team/1/add_score/2
INFO: [ app_init ] --START--
INFO: Run Behavior\BuildLiteBehavior [ RunTime:0.000013s ]
INFO: [ app_init ] --END-- [ RunTime:0.000247s ]
INFO: [ app_begin ] --START--
INFO: Run Behavior\ReadHtmlCacheBehavior [ RunTime:0.000279s ]
INFO: [ app_begin ] --END-- [ RunTime:0.000328s ]
SQL: SHOW COLUMNS FROM `pk` [ RunTime:0.0006s ]
SQL: SELECT * FROM `pk` WHERE `pk_id` = 3329  [ RunTime:0.0001s ]
SQL: SELECT * FROM `pk` WHERE `pk_id` = 3329  [ RunTime:0.0001s ]
NOTIC: [2] Illegal offset type in isset or empty /var/www/ScoreBoard/ThinkPHP/Library/Think/Model.class.php 第 445 行.
SQL: UPDATE `pk` SET `score1`='107' WHERE `pk_id` = 3329 [ RunTime:0.0220s ]
SQL: SELECT * FROM `pk` WHERE `pk_id` = 3329  [ RunTime:0.0003s ]

[ 2017-06-03T16:43:36+08:00 ] 112.96.161.169 /ScoreBoard/app.php/Home/Index/add_score/reg_id/1/pk_id/3329/team/1/add_score/2
INFO: [ app_init ] --START--
INFO: Run Behavior\BuildLiteBehavior [ RunTime:0.000013s ]
INFO: [ app_init ] --END-- [ RunTime:0.000300s ]
INFO: [ app_begin ] --START--
INFO: Run Behavior\ReadHtmlCacheBehavior [ RunTime:0.000292s ]
INFO: [ app_begin ] --END-- [ RunTime:0.000341s ]
SQL: SHOW COLUMNS FROM `pk` [ RunTime:0.0006s ]
SQL: SELECT * FROM `pk` WHERE `pk_id` = 3329  [ RunTime:0.0001s ]
SQL: SELECT * FROM `pk` WHERE `pk_id` = 3329  [ RunTime:0.0001s ]
NOTIC: [2] Illegal offset type in isset or empty /var/www/ScoreBoard/ThinkPHP/Library/Think/Model.class.php 第 445 行.
SQL: UPDATE `pk` SET `score1`='109' WHERE `pk_id` = 3329 [ RunTime:0.2856s ]
SQL: SELECT * FROM `pk` WHERE `pk_id` = 3329  [ RunTime:0.0003s ]

[ 2017-06-03T16:43:36+08:00 ] 112.96.161.169 /ScoreBoard/app.php/Home/Index/add_score/reg_id/1/pk_id/3329/team/1/add_score/1
INFO: [ app_init ] --START--
INFO: Run Behavior\BuildLiteBehavior [ RunTime:0.000013s ]
INFO: [ app_init ] --END-- [ RunTime:0.000225s ]
INFO: [ app_begin ] --START--
INFO: Run Behavior\ReadHtmlCacheBehavior [ RunTime:0.000281s ]
INFO: [ app_begin ] --END-- [ RunTime:0.000329s ]
SQL: SHOW COLUMNS FROM `pk` [ RunTime:0.0006s ]
SQL: SELECT * FROM `pk` WHERE `pk_id` = 3329  [ RunTime:0.0001s ]
SQL: SELECT * FROM `pk` WHERE `pk_id` = 3329  [ RunTime:0.0001s ]
NOTIC: [2] Illegal offset type in isset or empty /var/www/ScoreBoard/ThinkPHP/Library/Think/Model.class.php 第 445 行.
SQL: UPDATE `pk` SET `score1`='110' WHERE `pk_id` = 3329 [ RunTime:0.0085s ]
SQL: SELECT * FROM `pk` WHERE `pk_id` = 3329  [ RunTime:0.0002s ]

[ 2017-06-03T16:43:36+08:00 ] 112.96.161.169 /ScoreBoard/app.php/Home/Index/add_score/reg_id/1/pk_id/3329/team/1/add_score/1
INFO: [ app_init ] --START--
INFO: Run Behavior\BuildLiteBehavior [ RunTime:0.000012s ]
INFO: [ app_init ] --END-- [ RunTime:0.000228s ]
INFO: [ app_begin ] --START--
INFO: Run Behavior\ReadHtmlCacheBehavior [ RunTime:0.000295s ]
INFO: [ app_begin ] --END-- [ RunTime:0.000343s ]
SQL: SHOW COLUMNS FROM `pk` [ RunTime:0.0006s ]
SQL: SELECT * FROM `pk` WHERE `pk_id` = 3329  [ RunTime:0.0001s ]
SQL: SELECT * FROM `pk` WHERE `pk_id` = 3329  [ RunTime:0.0001s ]
NOTIC: [2] Illegal offset type in isset or empty /var/www/ScoreBoard/ThinkPHP/Library/Think/Model.class.php 第 445 行.
SQL: UPDATE `pk` SET `score1`='111' WHERE `pk_id` = 3329 [ RunTime:0.0112s ]
SQL: SELECT * FROM `pk` WHERE `pk_id` = 3329  [ RunTime:0.0003s ]

[ 2017-06-03T16:43:38+08:00 ] 112.96.161.169 /ScoreBoard/app.php/Home/Index/add_score/reg_id/1/pk_id/3329/team/1/add_score/-2
INFO: [ app_init ] --START--
INFO: Run Behavior\BuildLiteBehavior [ RunTime:0.000013s ]
INFO: [ app_init ] --END-- [ RunTime:0.000228s ]
INFO: [ app_begin ] --START--
INFO: Run Behavior\ReadHtmlCacheBehavior [ RunTime:0.000282s ]
INFO: [ app_begin ] --END-- [ RunTime:0.000331s ]
SQL: SHOW COLUMNS FROM `pk` [ RunTime:0.0007s ]
SQL: SELECT * FROM `pk` WHERE `pk_id` = 3329  [ RunTime:0.0001s ]
SQL: SELECT * FROM `pk` WHERE `pk_id` = 3329  [ RunTime:0.0001s ]
NOTIC: [2] Illegal offset type in isset or empty /var/www/ScoreBoard/ThinkPHP/Library/Think/Model.class.php 第 445 行.
SQL: UPDATE `pk` SET `score1`='109' WHERE `pk_id` = 3329 [ RunTime:0.0084s ]
SQL: SELECT * FROM `pk` WHERE `pk_id` = 3329  [ RunTime:0.0002s ]

[ 2017-06-03T16:43:39+08:00 ] 112.96.161.169 /ScoreBoard/app.php/Home/Index/add_score/reg_id/1/pk_id/3329/team/1/add_score/2
INFO: [ app_init ] --START--
INFO: Run Behavior\BuildLiteBehavior [ RunTime:0.000013s ]
INFO: [ app_init ] --END-- [ RunTime:0.000239s ]
INFO: [ app_begin ] --START--
INFO: Run Behavior\ReadHtmlCacheBehavior [ RunTime:0.000297s ]
INFO: [ app_begin ] --END-- [ RunTime:0.000345s ]
SQL: SHOW COLUMNS FROM `pk` [ RunTime:0.0006s ]
SQL: SELECT * FROM `pk` WHERE `pk_id` = 3329  [ RunTime:0.0001s ]
SQL: SELECT * FROM `pk` WHERE `pk_id` = 3329  [ RunTime:0.0001s ]
NOTIC: [2] Illegal offset type in isset or empty /var/www/ScoreBoard/ThinkPHP/Library/Think/Model.class.php 第 445 行.
SQL: UPDATE `pk` SET `score1`='111' WHERE `pk_id` = 3329 [ RunTime:0.0105s ]
SQL: SELECT * FROM `pk` WHERE `pk_id` = 3329  [ RunTime:0.0003s ]

[ 2017-06-03T16:43:39+08:00 ] 112.96.161.169 /ScoreBoard/app.php/Home/Index/add_score/reg_id/1/pk_id/3329/team/1/add_score/2
INFO: [ app_init ] --START--
INFO: Run Behavior\BuildLiteBehavior [ RunTime:0.000012s ]
INFO: [ app_init ] --END-- [ RunTime:0.000223s ]
INFO: [ app_begin ] --START--
INFO: Run Behavior\ReadHtmlCacheBehavior [ RunTime:0.000278s ]
INFO: [ app_begin ] --END-- [ RunTime:0.000326s ]
SQL: SHOW COLUMNS FROM `pk` [ RunTime:0.0005s ]
SQL: SELECT * FROM `pk` WHERE `pk_id` = 3329  [ RunTime:0.0001s ]
SQL: SELECT * FROM `pk` WHERE `pk_id` = 3329  [ RunTime:0.0001s ]
NOTIC: [2] Illegal offset type in isset or empty /var/www/ScoreBoard/ThinkPHP/Library/Think/Model.class.php 第 445 行.
SQL: UPDATE `pk` SET `score1`='113' WHERE `pk_id` = 3329 [ RunTime:0.0090s ]
SQL: SELECT * FROM `pk` WHERE `pk_id` = 3329  [ RunTime:0.0002s ]

[ 2017-06-03T16:43:40+08:00 ] 112.96.161.169 /ScoreBoard/app.php/Home/Index/add_score/reg_id/1/pk_id/3329/team/1/add_score/2
INFO: [ app_init ] --START--
INFO: Run Behavior\BuildLiteBehavior [ RunTime:0.000012s ]
INFO: [ app_init ] --END-- [ RunTime:0.000224s ]
INFO: [ app_begin ] --START--
INFO: Run Behavior\ReadHtmlCacheBehavior [ RunTime:0.000289s ]
INFO: [ app_begin ] --END-- [ RunTime:0.000337s ]
SQL: SHOW COLUMNS FROM `pk` [ RunTime:0.0005s ]
SQL: SELECT * FROM `pk` WHERE `pk_id` = 3329  [ RunTime:0.0001s ]
SQL: SELECT * FROM `pk` WHERE `pk_id` = 3329  [ RunTime:0.0001s ]
NOTIC: [2] Illegal offset type in isset or empty /var/www/ScoreBoard/ThinkPHP/Library/Think/Model.class.php 第 445 行.
SQL: UPDATE `pk` SET `score1`='115' WHERE `pk_id` = 3329 [ RunTime:0.0102s ]
SQL: SELECT * FROM `pk` WHERE `pk_id` = 3329  [ RunTime:0.0002s ]

[ 2017-06-03T16:43:40+08:00 ] 112.96.161.169 /ScoreBoard/app.php/Home/Index/add_score/reg_id/1/pk_id/3329/team/1/add_score/2
INFO: [ app_init ] --START--
INFO: Run Behavior\BuildLiteBehavior [ RunTime:0.000012s ]
INFO: [ app_init ] --END-- [ RunTime:0.000279s ]
INFO: [ app_begin ] --START--
INFO: Run Behavior\ReadHtmlCacheBehavior [ RunTime:0.000323s ]
INFO: [ app_begin ] --END-- [ RunTime:0.000376s ]
SQL: SHOW COLUMNS FROM `pk` [ RunTime:0.0006s ]
SQL: SELECT * FROM `pk` WHERE `pk_id` = 3329  [ RunTime:0.0001s ]
SQL: SELECT * FROM `pk` WHERE `pk_id` = 3329  [ RunTime:0.0001s ]
NOTIC: [2] Illegal offset type in isset or empty /var/www/ScoreBoard/ThinkPHP/Library/Think/Model.class.php 第 445 行.
SQL: UPDATE `pk` SET `score1`='117' WHERE `pk_id` = 3329 [ RunTime:0.0091s ]
SQL: SELECT * FROM `pk` WHERE `pk_id` = 3329  [ RunTime:0.0002s ]

[ 2017-06-03T16:43:42+08:00 ] 112.96.161.169 /ScoreBoard/app.php/Home/Index/add_score/reg_id/1/pk_id/3329/team/1/add_score/-3
INFO: [ app_init ] --START--
INFO: Run Behavior\BuildLiteBehavior [ RunTime:0.000012s ]
INFO: [ app_init ] --END-- [ RunTime:0.000224s ]
INFO: [ app_begin ] --START--
INFO: Run Behavior\ReadHtmlCacheBehavior [ RunTime:0.000305s ]
INFO: [ app_begin ] --END-- [ RunTime:0.000354s ]
SQL: SHOW COLUMNS FROM `pk` [ RunTime:0.0005s ]
SQL: SELECT * FROM `pk` WHERE `pk_id` = 3329  [ RunTime:0.0001s ]
SQL: SELECT * FROM `pk` WHERE `pk_id` = 3329  [ RunTime:0.0001s ]
NOTIC: [2] Illegal offset type in isset or empty /var/www/ScoreBoard/ThinkPHP/Library/Think/Model.class.php 第 445 行.
SQL: UPDATE `pk` SET `score1`='114' WHERE `pk_id` = 3329 [ RunTime:0.0095s ]
SQL: SELECT * FROM `pk` WHERE `pk_id` = 3329  [ RunTime:0.0003s ]

[ 2017-06-03T16:43:44+08:00 ] 112.96.161.169 /ScoreBoard/app.php/Home/Index/add_score/reg_id/1/pk_id/3329/team/1/add_score/-3
INFO: [ app_init ] --START--
INFO: Run Behavior\BuildLiteBehavior [ RunTime:0.000012s ]
INFO: [ app_init ] --END-- [ RunTime:0.000225s ]
INFO: [ app_begin ] --START--
INFO: Run Behavior\ReadHtmlCacheBehavior [ RunTime:0.000279s ]
INFO: [ app_begin ] --END-- [ RunTime:0.000327s ]
SQL: SHOW COLUMNS FROM `pk` [ RunTime:0.0006s ]
SQL: SELECT * FROM `pk` WHERE `pk_id` = 3329  [ RunTime:0.0001s ]
SQL: SELECT * FROM `pk` WHERE `pk_id` = 3329  [ RunTime:0.0001s ]
NOTIC: [2] Illegal offset type in isset or empty /var/www/ScoreBoard/ThinkPHP/Library/Think/Model.class.php 第 445 行.
SQL: UPDATE `pk` SET `score1`='111' WHERE `pk_id` = 3329 [ RunTime:0.0090s ]
SQL: SELECT * FROM `pk` WHERE `pk_id` = 3329  [ RunTime:0.0002s ]

[ 2017-06-03T16:43:46+08:00 ] 112.96.161.169 /ScoreBoard/app.php/Home/Index/add_score/reg_id/1/pk_id/3329/team/1/add_score/-3
INFO: [ app_init ] --START--
INFO: Run Behavior\BuildLiteBehavior [ RunTime:0.000012s ]
INFO: [ app_init ] --END-- [ RunTime:0.000225s ]
INFO: [ app_begin ] --START--
INFO: Run Behavior\ReadHtmlCacheBehavior [ RunTime:0.000289s ]
INFO: [ app_begin ] --END-- [ RunTime:0.000336s ]
SQL: SHOW COLUMNS FROM `pk` [ RunTime:0.0006s ]
SQL: SELECT * FROM `pk` WHERE `pk_id` = 3329  [ RunTime:0.0001s ]
SQL: SELECT * FROM `pk` WHERE `pk_id` = 3329  [ RunTime:0.0001s ]
NOTIC: [2] Illegal offset type in isset or empty /var/www/ScoreBoard/ThinkPHP/Library/Think/Model.class.php 第 445 行.
SQL: UPDATE `pk` SET `score1`='108' WHERE `pk_id` = 3329 [ RunTime:0.0302s ]
SQL: SELECT * FROM `pk` WHERE `pk_id` = 3329  [ RunTime:0.0002s ]

[ 2017-06-03T16:43:47+08:00 ] 112.96.161.169 /ScoreBoard/app.php/Home/Index/add_score/reg_id/1/pk_id/3329/team/1/add_score/-3
INFO: [ app_init ] --START--
INFO: Run Behavior\BuildLiteBehavior [ RunTime:0.000015s ]
INFO: [ app_init ] --END-- [ RunTime:0.000287s ]
INFO: [ app_begin ] --START--
INFO: Run Behavior\ReadHtmlCacheBehavior [ RunTime:0.000338s ]
INFO: [ app_begin ] --END-- [ RunTime:0.000396s ]
SQL: SHOW COLUMNS FROM `pk` [ RunTime:0.0006s ]
SQL: SELECT * FROM `pk` WHERE `pk_id` = 3329  [ RunTime:0.0001s ]
SQL: SELECT * FROM `pk` WHERE `pk_id` = 3329  [ RunTime:0.0001s ]
NOTIC: [2] Illegal offset type in isset or empty /var/www/ScoreBoard/ThinkPHP/Library/Think/Model.class.php 第 445 行.
SQL: UPDATE `pk` SET `score1`='105' WHERE `pk_id` = 3329 [ RunTime:0.0096s ]
SQL: SELECT * FROM `pk` WHERE `pk_id` = 3329  [ RunTime:0.0002s ]

[ 2017-06-03T16:43:49+08:00 ] 112.96.161.169 /ScoreBoard/app.php/Home/Index/add_score/reg_id/1/pk_id/3329/team/1/add_score/-3
INFO: [ app_init ] --START--
INFO: Run Behavior\BuildLiteBehavior [ RunTime:0.000013s ]
INFO: [ app_init ] --END-- [ RunTime:0.000250s ]
INFO: [ app_begin ] --START--
INFO: Run Behavior\ReadHtmlCacheBehavior [ RunTime:0.000315s ]
INFO: [ app_begin ] --END-- [ RunTime:0.000408s ]
SQL: SHOW COLUMNS FROM `pk` [ RunTime:0.0006s ]
SQL: SELECT * FROM `pk` WHERE `pk_id` = 3329  [ RunTime:0.0001s ]
SQL: SELECT * FROM `pk` WHERE `pk_id` = 3329  [ RunTime:0.0001s ]
NOTIC: [2] Illegal offset type in isset or empty /var/www/ScoreBoard/ThinkPHP/Library/Think/Model.class.php 第 445 行.
SQL: UPDATE `pk` SET `score1`='102' WHERE `pk_id` = 3329 [ RunTime:0.0117s ]
SQL: SELECT * FROM `pk` WHERE `pk_id` = 3329  [ RunTime:0.0003s ]

[ 2017-06-03T16:43:51+08:00 ] 112.96.161.169 /ScoreBoard/app.php/Home/Index/add_score/reg_id/1/pk_id/3329/team/1/add_score/-3
INFO: [ app_init ] --START--
INFO: Run Behavior\BuildLiteBehavior [ RunTime:0.000012s ]
INFO: [ app_init ] --END-- [ RunTime:0.000227s ]
INFO: [ app_begin ] --START--
INFO: Run Behavior\ReadHtmlCacheBehavior [ RunTime:0.000324s ]
INFO: [ app_begin ] --END-- [ RunTime:0.000371s ]
SQL: SHOW COLUMNS FROM `pk` [ RunTime:0.0005s ]
SQL: SELECT * FROM `pk` WHERE `pk_id` = 3329  [ RunTime:0.0001s ]
SQL: SELECT * FROM `pk` WHERE `pk_id` = 3329  [ RunTime:0.0001s ]
NOTIC: [2] Illegal offset type in isset or empty /var/www/ScoreBoard/ThinkPHP/Library/Think/Model.class.php 第 445 行.
SQL: UPDATE `pk` SET `score1`='99' WHERE `pk_id` = 3329 [ RunTime:0.0095s ]
SQL: SELECT * FROM `pk` WHERE `pk_id` = 3329  [ RunTime:0.0002s ]

[ 2017-06-03T16:43:53+08:00 ] 112.96.161.169 /ScoreBoard/app.php/Home/Index/add_score/reg_id/1/pk_id/3329/team/1/add_score/-3
INFO: [ app_init ] --START--
INFO: Run Behavior\BuildLiteBehavior [ RunTime:0.000013s ]
INFO: [ app_init ] --END-- [ RunTime:0.000267s ]
INFO: [ app_begin ] --START--
INFO: Run Behavior\ReadHtmlCacheBehavior [ RunTime:0.000277s ]
INFO: [ app_begin ] --END-- [ RunTime:0.000326s ]
SQL: SHOW COLUMNS FROM `pk` [ RunTime:0.0006s ]
SQL: SELECT * FROM `pk` WHERE `pk_id` = 3329  [ RunTime:0.0001s ]
SQL: SELECT * FROM `pk` WHERE `pk_id` = 3329  [ RunTime:0.0001s ]
NOTIC: [2] Illegal offset type in isset or empty /var/www/ScoreBoard/ThinkPHP/Library/Think/Model.class.php 第 445 行.
SQL: UPDATE `pk` SET `score1`='96' WHERE `pk_id` = 3329 [ RunTime:0.0095s ]
SQL: SELECT * FROM `pk` WHERE `pk_id` = 3329  [ RunTime:0.0002s ]

[ 2017-06-03T16:43:55+08:00 ] 112.96.161.169 /ScoreBoard/app.php/Home/Index/add_score/reg_id/1/pk_id/3329/team/1/add_score/-3
INFO: [ app_init ] --START--
INFO: Run Behavior\BuildLiteBehavior [ RunTime:0.000012s ]
INFO: [ app_init ] --END-- [ RunTime:0.000231s ]
INFO: [ app_begin ] --START--
INFO: Run Behavior\ReadHtmlCacheBehavior [ RunTime:0.000291s ]
INFO: [ app_begin ] --END-- [ RunTime:0.000340s ]
SQL: SHOW COLUMNS FROM `pk` [ RunTime:0.0006s ]
SQL: SELECT * FROM `pk` WHERE `pk_id` = 3329  [ RunTime:0.0001s ]
SQL: SELECT * FROM `pk` WHERE `pk_id` = 3329  [ RunTime:0.0001s ]
NOTIC: [2] Illegal offset type in isset or empty /var/www/ScoreBoard/ThinkPHP/Library/Think/Model.class.php 第 445 行.
SQL: UPDATE `pk` SET `score1`='93' WHERE `pk_id` = 3329 [ RunTime:0.0098s ]
SQL: SELECT * FROM `pk` WHERE `pk_id` = 3329  [ RunTime:0.0002s ]

[ 2017-06-03T16:43:57+08:00 ] 112.96.161.169 /ScoreBoard/app.php/Home/Index/add_score/reg_id/1/pk_id/3329/team/1/add_score/-3
INFO: [ app_init ] --START--
INFO: Run Behavior\BuildLiteBehavior [ RunTime:0.000016s ]
INFO: [ app_init ] --END-- [ RunTime:0.000278s ]
INFO: [ app_begin ] --START--
INFO: Run Behavior\ReadHtmlCacheBehavior [ RunTime:0.000290s ]
INFO: [ app_begin ] --END-- [ RunTime:0.000340s ]
SQL: SHOW COLUMNS FROM `pk` [ RunTime:0.0021s ]
SQL: SELECT * FROM `pk` WHERE `pk_id` = 3329  [ RunTime:0.0001s ]
SQL: SELECT * FROM `pk` WHERE `pk_id` = 3329  [ RunTime:0.0001s ]
NOTIC: [2] Illegal offset type in isset or empty /var/www/ScoreBoard/ThinkPHP/Library/Think/Model.class.php 第 445 行.
SQL: UPDATE `pk` SET `score1`='90' WHERE `pk_id` = 3329 [ RunTime:0.0078s ]
SQL: SELECT * FROM `pk` WHERE `pk_id` = 3329  [ RunTime:0.0002s ]

[ 2017-06-03T16:43:59+08:00 ] 112.96.161.169 /ScoreBoard/app.php/Home/Index/add_score/reg_id/1/pk_id/3329/team/1/add_score/-3
INFO: [ app_init ] --START--
INFO: Run Behavior\BuildLiteBehavior [ RunTime:0.000013s ]
INFO: [ app_init ] --END-- [ RunTime:0.000236s ]
INFO: [ app_begin ] --START--
INFO: Run Behavior\ReadHtmlCacheBehavior [ RunTime:0.000376s ]
INFO: [ app_begin ] --END-- [ RunTime:0.000428s ]
SQL: SHOW COLUMNS FROM `pk` [ RunTime:0.0006s ]
SQL: SELECT * FROM `pk` WHERE `pk_id` = 3329  [ RunTime:0.0001s ]
SQL: SELECT * FROM `pk` WHERE `pk_id` = 3329  [ RunTime:0.0001s ]
NOTIC: [2] Illegal offset type in isset or empty /var/www/ScoreBoard/ThinkPHP/Library/Think/Model.class.php 第 445 行.
SQL: UPDATE `pk` SET `score1`='87' WHERE `pk_id` = 3329 [ RunTime:0.0098s ]
SQL: SELECT * FROM `pk` WHERE `pk_id` = 3329  [ RunTime:0.0002s ]

[ 2017-06-03T16:44:01+08:00 ] 112.96.161.169 /ScoreBoard/app.php/Home/Index/add_score/reg_id/1/pk_id/3329/team/1/add_score/-3
INFO: [ app_init ] --START--
INFO: Run Behavior\BuildLiteBehavior [ RunTime:0.000017s ]
INFO: [ app_init ] --END-- [ RunTime:0.000297s ]
INFO: [ app_begin ] --START--
INFO: Run Behavior\ReadHtmlCacheBehavior [ RunTime:0.000302s ]
INFO: [ app_begin ] --END-- [ RunTime:0.000374s ]
SQL: SHOW COLUMNS FROM `pk` [ RunTime:0.0005s ]
SQL: SELECT * FROM `pk` WHERE `pk_id` = 3329  [ RunTime:0.0001s ]
SQL: SELECT * FROM `pk` WHERE `pk_id` = 3329  [ RunTime:0.0001s ]
NOTIC: [2] Illegal offset type in isset or empty /var/www/ScoreBoard/ThinkPHP/Library/Think/Model.class.php 第 445 行.
SQL: UPDATE `pk` SET `score1`='84' WHERE `pk_id` = 3329 [ RunTime:0.0095s ]
SQL: SELECT * FROM `pk` WHERE `pk_id` = 3329  [ RunTime:0.0002s ]

[ 2017-06-03T16:44:03+08:00 ] 112.96.161.169 /ScoreBoard/app.php/Home/Index/add_score/reg_id/1/pk_id/3329/team/1/add_score/-3
INFO: [ app_init ] --START--
INFO: Run Behavior\BuildLiteBehavior [ RunTime:0.000012s ]
INFO: [ app_init ] --END-- [ RunTime:0.000227s ]
INFO: [ app_begin ] --START--
INFO: Run Behavior\ReadHtmlCacheBehavior [ RunTime:0.000279s ]
INFO: [ app_begin ] --END-- [ RunTime:0.000327s ]
SQL: SHOW COLUMNS FROM `pk` [ RunTime:0.0006s ]
SQL: SELECT * FROM `pk` WHERE `pk_id` = 3329  [ RunTime:0.0001s ]
SQL: SELECT * FROM `pk` WHERE `pk_id` = 3329  [ RunTime:0.0001s ]
NOTIC: [2] Illegal offset type in isset or empty /var/www/ScoreBoard/ThinkPHP/Library/Think/Model.class.php 第 445 行.
SQL: UPDATE `pk` SET `score1`='81' WHERE `pk_id` = 3329 [ RunTime:0.0178s ]
SQL: SELECT * FROM `pk` WHERE `pk_id` = 3329  [ RunTime:0.0003s ]

[ 2017-06-03T16:44:13+08:00 ] 112.96.161.169 /ScoreBoard/app.php/Home/Index/add_score/reg_id/1/pk_id/3329/team/1/add_score/3
INFO: [ app_init ] --START--
INFO: Run Behavior\BuildLiteBehavior [ RunTime:0.000012s ]
INFO: [ app_init ] --END-- [ RunTime:0.000228s ]
INFO: [ app_begin ] --START--
INFO: Run Behavior\ReadHtmlCacheBehavior [ RunTime:0.000279s ]
INFO: [ app_begin ] --END-- [ RunTime:0.000328s ]
SQL: SHOW COLUMNS FROM `pk` [ RunTime:0.0006s ]
SQL: SELECT * FROM `pk` WHERE `pk_id` = 3329  [ RunTime:0.0001s ]
SQL: SELECT * FROM `pk` WHERE `pk_id` = 3329  [ RunTime:0.0001s ]
NOTIC: [2] Illegal offset type in isset or empty /var/www/ScoreBoard/ThinkPHP/Library/Think/Model.class.php 第 445 行.
SQL: UPDATE `pk` SET `score1`='84' WHERE `pk_id` = 3329 [ RunTime:0.0096s ]
SQL: SELECT * FROM `pk` WHERE `pk_id` = 3329  [ RunTime:0.0002s ]

[ 2017-06-03T16:44:15+08:00 ] 112.96.161.169 /ScoreBoard/app.php/Home/Index/add_score/reg_id/1/pk_id/3329/team/1/add_score/3
INFO: [ app_init ] --START--
INFO: Run Behavior\BuildLiteBehavior [ RunTime:0.000012s ]
INFO: [ app_init ] --END-- [ RunTime:0.000229s ]
INFO: [ app_begin ] --START--
INFO: Run Behavior\ReadHtmlCacheBehavior [ RunTime:0.000306s ]
INFO: [ app_begin ] --END-- [ RunTime:0.000354s ]
SQL: SHOW COLUMNS FROM `pk` [ RunTime:0.0006s ]
SQL: SELECT * FROM `pk` WHERE `pk_id` = 3329  [ RunTime:0.0001s ]
SQL: SELECT * FROM `pk` WHERE `pk_id` = 3329  [ RunTime:0.0001s ]
NOTIC: [2] Illegal offset type in isset or empty /var/www/ScoreBoard/ThinkPHP/Library/Think/Model.class.php 第 445 行.
SQL: UPDATE `pk` SET `score1`='87' WHERE `pk_id` = 3329 [ RunTime:0.0100s ]
SQL: SELECT * FROM `pk` WHERE `pk_id` = 3329  [ RunTime:0.0002s ]

[ 2017-06-03T16:44:26+08:00 ] 112.96.161.169 /ScoreBoard/app.php/Home/Index/add_score/reg_id/1/pk_id/3329/team/1/add_score/2
INFO: [ app_init ] --START--
INFO: Run Behavior\BuildLiteBehavior [ RunTime:0.000012s ]
INFO: [ app_init ] --END-- [ RunTime:0.000230s ]
INFO: [ app_begin ] --START--
INFO: Run Behavior\ReadHtmlCacheBehavior [ RunTime:0.000279s ]
INFO: [ app_begin ] --END-- [ RunTime:0.000328s ]
SQL: SHOW COLUMNS FROM `pk` [ RunTime:0.0006s ]
SQL: SELECT * FROM `pk` WHERE `pk_id` = 3329  [ RunTime:0.0001s ]
SQL: SELECT * FROM `pk` WHERE `pk_id` = 3329  [ RunTime:0.0001s ]
NOTIC: [2] Illegal offset type in isset or empty /var/www/ScoreBoard/ThinkPHP/Library/Think/Model.class.php 第 445 行.
SQL: UPDATE `pk` SET `score1`='89' WHERE `pk_id` = 3329 [ RunTime:0.0099s ]
SQL: SELECT * FROM `pk` WHERE `pk_id` = 3329  [ RunTime:0.0002s ]

[ 2017-06-03T16:44:31+08:00 ] 112.96.161.169 /ScoreBoard/app.php/Home/Index/add_score/reg_id/1/pk_id/3329/team/2/add_score/2
INFO: [ app_init ] --START--
INFO: Run Behavior\BuildLiteBehavior [ RunTime:0.000012s ]
INFO: [ app_init ] --END-- [ RunTime:0.000228s ]
INFO: [ app_begin ] --START--
INFO: Run Behavior\ReadHtmlCacheBehavior [ RunTime:0.000278s ]
INFO: [ app_begin ] --END-- [ RunTime:0.000325s ]
SQL: SHOW COLUMNS FROM `pk` [ RunTime:0.0006s ]
SQL: SELECT * FROM `pk` WHERE `pk_id` = 3329  [ RunTime:0.0001s ]
SQL: SELECT * FROM `pk` WHERE `pk_id` = 3329  [ RunTime:0.0001s ]
NOTIC: [2] Illegal offset type in isset or empty /var/www/ScoreBoard/ThinkPHP/Library/Think/Model.class.php 第 445 行.
SQL: UPDATE `pk` SET `score2`='68' WHERE `pk_id` = 3329 [ RunTime:0.0101s ]
SQL: SELECT * FROM `pk` WHERE `pk_id` = 3329  [ RunTime:0.0003s ]

[ 2017-06-03T16:44:33+08:00 ] 112.96.161.169 /ScoreBoard/app.php/Home/Index/add_score/reg_id/1/pk_id/3329/team/2/add_score/3
INFO: [ app_init ] --START--
INFO: Run Behavior\BuildLiteBehavior [ RunTime:0.000012s ]
INFO: [ app_init ] --END-- [ RunTime:0.000226s ]
INFO: [ app_begin ] --START--
INFO: Run Behavior\ReadHtmlCacheBehavior [ RunTime:0.000278s ]
INFO: [ app_begin ] --END-- [ RunTime:0.000325s ]
SQL: SHOW COLUMNS FROM `pk` [ RunTime:0.0005s ]
SQL: SELECT * FROM `pk` WHERE `pk_id` = 3329  [ RunTime:0.0001s ]
SQL: SELECT * FROM `pk` WHERE `pk_id` = 3329  [ RunTime:0.0001s ]
NOTIC: [2] Illegal offset type in isset or empty /var/www/ScoreBoard/ThinkPHP/Library/Think/Model.class.php 第 445 行.
SQL: UPDATE `pk` SET `score2`='71' WHERE `pk_id` = 3329 [ RunTime:0.0171s ]
SQL: SELECT * FROM `pk` WHERE `pk_id` = 3329  [ RunTime:0.0002s ]

[ 2017-06-03T16:44:41+08:00 ] 112.96.161.169 /ScoreBoard/app.php/Home/Index/add_score/reg_id/1/pk_id/3329/team/1/add_score/1
INFO: [ app_init ] --START--
INFO: Run Behavior\BuildLiteBehavior [ RunTime:0.000012s ]
INFO: [ app_init ] --END-- [ RunTime:0.000288s ]
INFO: [ app_begin ] --START--
INFO: Run Behavior\ReadHtmlCacheBehavior [ RunTime:0.000276s ]
INFO: [ app_begin ] --END-- [ RunTime:0.000324s ]
SQL: SHOW COLUMNS FROM `pk` [ RunTime:0.0005s ]
SQL: SELECT * FROM `pk` WHERE `pk_id` = 3329  [ RunTime:0.0001s ]
SQL: SELECT * FROM `pk` WHERE `pk_id` = 3329  [ RunTime:0.0001s ]
NOTIC: [2] Illegal offset type in isset or empty /var/www/ScoreBoard/ThinkPHP/Library/Think/Model.class.php 第 445 行.
SQL: UPDATE `pk` SET `score1`='90' WHERE `pk_id` = 3329 [ RunTime:0.0134s ]
SQL: SELECT * FROM `pk` WHERE `pk_id` = 3329  [ RunTime:0.0002s ]

[ 2017-06-03T16:44:49+08:00 ] 112.96.161.169 /ScoreBoard/app.php/Home/Index/add_score/reg_id/1/pk_id/3329/team/1/add_score/-3
INFO: [ app_init ] --START--
INFO: Run Behavior\BuildLiteBehavior [ RunTime:0.000012s ]
INFO: [ app_init ] --END-- [ RunTime:0.000227s ]
INFO: [ app_begin ] --START--
INFO: Run Behavior\ReadHtmlCacheBehavior [ RunTime:0.000291s ]
INFO: [ app_begin ] --END-- [ RunTime:0.000339s ]
SQL: SHOW COLUMNS FROM `pk` [ RunTime:0.0005s ]
SQL: SELECT * FROM `pk` WHERE `pk_id` = 3329  [ RunTime:0.0001s ]
SQL: SELECT * FROM `pk` WHERE `pk_id` = 3329  [ RunTime:0.0001s ]
NOTIC: [2] Illegal offset type in isset or empty /var/www/ScoreBoard/ThinkPHP/Library/Think/Model.class.php 第 445 行.
SQL: UPDATE `pk` SET `score1`='87' WHERE `pk_id` = 3329 [ RunTime:0.0092s ]
SQL: SELECT * FROM `pk` WHERE `pk_id` = 3329  [ RunTime:0.0002s ]

[ 2017-06-03T16:45:02+08:00 ] 112.96.161.169 /ScoreBoard/app.php/Home/Index/add_score/reg_id/1/pk_id/3329/team/1/add_score/3
INFO: [ app_init ] --START--
INFO: Run Behavior\BuildLiteBehavior [ RunTime:0.000012s ]
INFO: [ app_init ] --END-- [ RunTime:0.000241s ]
INFO: [ app_begin ] --START--
INFO: Run Behavior\ReadHtmlCacheBehavior [ RunTime:0.000280s ]
INFO: [ app_begin ] --END-- [ RunTime:0.000328s ]
SQL: SHOW COLUMNS FROM `pk` [ RunTime:0.0006s ]
SQL: SELECT * FROM `pk` WHERE `pk_id` = 3329  [ RunTime:0.0001s ]
SQL: SELECT * FROM `pk` WHERE `pk_id` = 3329  [ RunTime:0.0001s ]
NOTIC: [2] Illegal offset type in isset or empty /var/www/ScoreBoard/ThinkPHP/Library/Think/Model.class.php 第 445 行.
SQL: UPDATE `pk` SET `score1`='90' WHERE `pk_id` = 3329 [ RunTime:0.0096s ]
SQL: SELECT * FROM `pk` WHERE `pk_id` = 3329  [ RunTime:0.0003s ]

[ 2017-06-03T16:45:03+08:00 ] 112.96.161.169 /ScoreBoard/app.php/Home/Index/add_score/reg_id/1/pk_id/3329/team/1/add_score/-3
INFO: [ app_init ] --START--
INFO: Run Behavior\BuildLiteBehavior [ RunTime:0.000014s ]
INFO: [ app_init ] --END-- [ RunTime:0.000230s ]
INFO: [ app_begin ] --START--
INFO: Run Behavior\ReadHtmlCacheBehavior [ RunTime:0.000294s ]
INFO: [ app_begin ] --END-- [ RunTime:0.000353s ]
SQL: SHOW COLUMNS FROM `pk` [ RunTime:0.0006s ]
SQL: SELECT * FROM `pk` WHERE `pk_id` = 3329  [ RunTime:0.0001s ]
SQL: SELECT * FROM `pk` WHERE `pk_id` = 3329  [ RunTime:0.0001s ]
NOTIC: [2] Illegal offset type in isset or empty /var/www/ScoreBoard/ThinkPHP/Library/Think/Model.class.php 第 445 行.
SQL: UPDATE `pk` SET `score1`='87' WHERE `pk_id` = 3329 [ RunTime:0.0090s ]
SQL: SELECT * FROM `pk` WHERE `pk_id` = 3329  [ RunTime:0.0003s ]

[ 2017-06-03T16:45:05+08:00 ] 112.96.161.169 /ScoreBoard/app.php/Home/Index/add_score/reg_id/1/pk_id/3329/team/1/add_score/-3
INFO: [ app_init ] --START--
INFO: Run Behavior\BuildLiteBehavior [ RunTime:0.000013s ]
INFO: [ app_init ] --END-- [ RunTime:0.000250s ]
INFO: [ app_begin ] --START--
INFO: Run Behavior\ReadHtmlCacheBehavior [ RunTime:0.000278s ]
INFO: [ app_begin ] --END-- [ RunTime:0.000325s ]
SQL: SHOW COLUMNS FROM `pk` [ RunTime:0.0006s ]
SQL: SELECT * FROM `pk` WHERE `pk_id` = 3329  [ RunTime:0.0001s ]
SQL: SELECT * FROM `pk` WHERE `pk_id` = 3329  [ RunTime:0.0001s ]
NOTIC: [2] Illegal offset type in isset or empty /var/www/ScoreBoard/ThinkPHP/Library/Think/Model.class.php 第 445 行.
SQL: UPDATE `pk` SET `score1`='84' WHERE `pk_id` = 3329 [ RunTime:0.0105s ]
SQL: SELECT * FROM `pk` WHERE `pk_id` = 3329  [ RunTime:0.0002s ]

[ 2017-06-03T16:45:07+08:00 ] 112.96.161.169 /ScoreBoard/app.php/Home/Index/add_score/reg_id/1/pk_id/3329/team/1/add_score/-3
INFO: [ app_init ] --START--
INFO: Run Behavior\BuildLiteBehavior [ RunTime:0.000013s ]
INFO: [ app_init ] --END-- [ RunTime:0.000239s ]
INFO: [ app_begin ] --START--
INFO: Run Behavior\ReadHtmlCacheBehavior [ RunTime:0.000283s ]
INFO: [ app_begin ] --END-- [ RunTime:0.000351s ]
SQL: SHOW COLUMNS FROM `pk` [ RunTime:0.0006s ]
SQL: SELECT * FROM `pk` WHERE `pk_id` = 3329  [ RunTime:0.0001s ]
SQL: SELECT * FROM `pk` WHERE `pk_id` = 3329  [ RunTime:0.0001s ]
NOTIC: [2] Illegal offset type in isset or empty /var/www/ScoreBoard/ThinkPHP/Library/Think/Model.class.php 第 445 行.
SQL: UPDATE `pk` SET `score1`='81' WHERE `pk_id` = 3329 [ RunTime:0.0095s ]
SQL: SELECT * FROM `pk` WHERE `pk_id` = 3329  [ RunTime:0.0002s ]

[ 2017-06-03T16:45:09+08:00 ] 112.96.161.169 /ScoreBoard/app.php/Home/Index/add_score/reg_id/1/pk_id/3329/team/1/add_score/-3
INFO: [ app_init ] --START--
INFO: Run Behavior\BuildLiteBehavior [ RunTime:0.000013s ]
INFO: [ app_init ] --END-- [ RunTime:0.000239s ]
INFO: [ app_begin ] --START--
INFO: Run Behavior\ReadHtmlCacheBehavior [ RunTime:0.000306s ]
INFO: [ app_begin ] --END-- [ RunTime:0.000354s ]
SQL: SHOW COLUMNS FROM `pk` [ RunTime:0.0006s ]
SQL: SELECT * FROM `pk` WHERE `pk_id` = 3329  [ RunTime:0.0001s ]
SQL: SELECT * FROM `pk` WHERE `pk_id` = 3329  [ RunTime:0.0001s ]
NOTIC: [2] Illegal offset type in isset or empty /var/www/ScoreBoard/ThinkPHP/Library/Think/Model.class.php 第 445 行.
SQL: UPDATE `pk` SET `score1`='78' WHERE `pk_id` = 3329 [ RunTime:0.0116s ]
SQL: SELECT * FROM `pk` WHERE `pk_id` = 3329  [ RunTime:0.0003s ]

[ 2017-06-03T16:45:27+08:00 ] 112.96.161.169 /ScoreBoard/app.php/Home/Index/add_score/reg_id/1/pk_id/3329/team/1/add_score/2
INFO: [ app_init ] --START--
INFO: Run Behavior\BuildLiteBehavior [ RunTime:0.000013s ]
INFO: [ app_init ] --END-- [ RunTime:0.000231s ]
INFO: [ app_begin ] --START--
INFO: Run Behavior\ReadHtmlCacheBehavior [ RunTime:0.000281s ]
INFO: [ app_begin ] --END-- [ RunTime:0.000328s ]
SQL: SHOW COLUMNS FROM `pk` [ RunTime:0.0006s ]
SQL: SELECT * FROM `pk` WHERE `pk_id` = 3329  [ RunTime:0.0001s ]
SQL: SELECT * FROM `pk` WHERE `pk_id` = 3329  [ RunTime:0.0001s ]
NOTIC: [2] Illegal offset type in isset or empty /var/www/ScoreBoard/ThinkPHP/Library/Think/Model.class.php 第 445 行.
SQL: UPDATE `pk` SET `score1`='80' WHERE `pk_id` = 3329 [ RunTime:0.0096s ]
SQL: SELECT * FROM `pk` WHERE `pk_id` = 3329  [ RunTime:0.0002s ]

[ 2017-06-03T16:45:29+08:00 ] 112.96.161.169 /ScoreBoard/app.php/Home/Index/add_score/reg_id/1/pk_id/3329/team/1/add_score/3
INFO: [ app_init ] --START--
INFO: Run Behavior\BuildLiteBehavior [ RunTime:0.000013s ]
INFO: [ app_init ] --END-- [ RunTime:0.000234s ]
INFO: [ app_begin ] --START--
INFO: Run Behavior\ReadHtmlCacheBehavior [ RunTime:0.000283s ]
INFO: [ app_begin ] --END-- [ RunTime:0.000332s ]
SQL: SHOW COLUMNS FROM `pk` [ RunTime:0.0006s ]
SQL: SELECT * FROM `pk` WHERE `pk_id` = 3329  [ RunTime:0.0001s ]
SQL: SELECT * FROM `pk` WHERE `pk_id` = 3329  [ RunTime:0.0001s ]
NOTIC: [2] Illegal offset type in isset or empty /var/www/ScoreBoard/ThinkPHP/Library/Think/Model.class.php 第 445 行.
SQL: UPDATE `pk` SET `score1`='83' WHERE `pk_id` = 3329 [ RunTime:0.0129s ]
SQL: SELECT * FROM `pk` WHERE `pk_id` = 3329  [ RunTime:0.0002s ]

[ 2017-06-03T16:45:31+08:00 ] 112.96.161.169 /ScoreBoard/app.php/Home/Index/add_score/reg_id/1/pk_id/3329/team/2/add_score/2
INFO: [ app_init ] --START--
INFO: Run Behavior\BuildLiteBehavior [ RunTime:0.000013s ]
INFO: [ app_init ] --END-- [ RunTime:0.000229s ]
INFO: [ app_begin ] --START--
INFO: Run Behavior\ReadHtmlCacheBehavior [ RunTime:0.000287s ]
INFO: [ app_begin ] --END-- [ RunTime:0.000336s ]
SQL: SHOW COLUMNS FROM `pk` [ RunTime:0.0006s ]
SQL: SELECT * FROM `pk` WHERE `pk_id` = 3329  [ RunTime:0.0001s ]
SQL: SELECT * FROM `pk` WHERE `pk_id` = 3329  [ RunTime:0.0001s ]
NOTIC: [2] Illegal offset type in isset or empty /var/www/ScoreBoard/ThinkPHP/Library/Think/Model.class.php 第 445 行.
SQL: UPDATE `pk` SET `score2`='73' WHERE `pk_id` = 3329 [ RunTime:0.0114s ]
SQL: SELECT * FROM `pk` WHERE `pk_id` = 3329  [ RunTime:0.0002s ]

[ 2017-06-03T16:45:34+08:00 ] 112.96.161.169 /ScoreBoard/app.php/Home/Index/add_score/reg_id/1/pk_id/3329/team/1/add_score/-1
INFO: [ app_init ] --START--
INFO: Run Behavior\BuildLiteBehavior [ RunTime:0.000013s ]
INFO: [ app_init ] --END-- [ RunTime:0.000230s ]
INFO: [ app_begin ] --START--
INFO: Run Behavior\ReadHtmlCacheBehavior [ RunTime:0.000291s ]
INFO: [ app_begin ] --END-- [ RunTime:0.000339s ]
SQL: SHOW COLUMNS FROM `pk` [ RunTime:0.0006s ]
SQL: SELECT * FROM `pk` WHERE `pk_id` = 3329  [ RunTime:0.0001s ]
SQL: SELECT * FROM `pk` WHERE `pk_id` = 3329  [ RunTime:0.0001s ]
NOTIC: [2] Illegal offset type in isset or empty /var/www/ScoreBoard/ThinkPHP/Library/Think/Model.class.php 第 445 行.
SQL: UPDATE `pk` SET `score1`='82' WHERE `pk_id` = 3329 [ RunTime:0.0091s ]
SQL: SELECT * FROM `pk` WHERE `pk_id` = 3329  [ RunTime:0.0002s ]

[ 2017-06-03T16:45:39+08:00 ] 112.96.161.169 /ScoreBoard/app.php/Home/Index/add_score/reg_id/1/pk_id/3329/team/1/add_score/-1
INFO: [ app_init ] --START--
INFO: Run Behavior\BuildLiteBehavior [ RunTime:0.000013s ]
INFO: [ app_init ] --END-- [ RunTime:0.000228s ]
INFO: [ app_begin ] --START--
INFO: Run Behavior\ReadHtmlCacheBehavior [ RunTime:0.000281s ]
INFO: [ app_begin ] --END-- [ RunTime:0.000330s ]
SQL: SHOW COLUMNS FROM `pk` [ RunTime:0.0005s ]
SQL: SELECT * FROM `pk` WHERE `pk_id` = 3329  [ RunTime:0.0001s ]
SQL: SELECT * FROM `pk` WHERE `pk_id` = 3329  [ RunTime:0.0001s ]
NOTIC: [2] Illegal offset type in isset or empty /var/www/ScoreBoard/ThinkPHP/Library/Think/Model.class.php 第 445 行.
SQL: UPDATE `pk` SET `score1`='81' WHERE `pk_id` = 3329 [ RunTime:0.0114s ]
SQL: SELECT * FROM `pk` WHERE `pk_id` = 3329  [ RunTime:0.0002s ]

[ 2017-06-03T16:45:41+08:00 ] 112.96.161.169 /ScoreBoard/app.php/Home/Index/add_score/reg_id/1/pk_id/3329/team/1/add_score/2
INFO: [ app_init ] --START--
INFO: Run Behavior\BuildLiteBehavior [ RunTime:0.000013s ]
INFO: [ app_init ] --END-- [ RunTime:0.000232s ]
INFO: [ app_begin ] --START--
INFO: Run Behavior\ReadHtmlCacheBehavior [ RunTime:0.000278s ]
INFO: [ app_begin ] --END-- [ RunTime:0.000325s ]
SQL: SHOW COLUMNS FROM `pk` [ RunTime:0.0006s ]
SQL: SELECT * FROM `pk` WHERE `pk_id` = 3329  [ RunTime:0.0001s ]
SQL: SELECT * FROM `pk` WHERE `pk_id` = 3329  [ RunTime:0.0001s ]
NOTIC: [2] Illegal offset type in isset or empty /var/www/ScoreBoard/ThinkPHP/Library/Think/Model.class.php 第 445 行.
SQL: UPDATE `pk` SET `score1`='83' WHERE `pk_id` = 3329 [ RunTime:0.0094s ]
SQL: SELECT * FROM `pk` WHERE `pk_id` = 3329  [ RunTime:0.0003s ]

[ 2017-06-03T16:45:42+08:00 ] 112.96.161.169 /ScoreBoard/app.php/Home/Index/add_score/reg_id/1/pk_id/3329/team/2/add_score/2
INFO: [ app_init ] --START--
INFO: Run Behavior\BuildLiteBehavior [ RunTime:0.000013s ]
INFO: [ app_init ] --END-- [ RunTime:0.000240s ]
INFO: [ app_begin ] --START--
INFO: Run Behavior\ReadHtmlCacheBehavior [ RunTime:0.000281s ]
INFO: [ app_begin ] --END-- [ RunTime:0.000330s ]
SQL: SHOW COLUMNS FROM `pk` [ RunTime:0.0006s ]
SQL: SELECT * FROM `pk` WHERE `pk_id` = 3329  [ RunTime:0.0001s ]
SQL: SELECT * FROM `pk` WHERE `pk_id` = 3329  [ RunTime:0.0001s ]
NOTIC: [2] Illegal offset type in isset or empty /var/www/ScoreBoard/ThinkPHP/Library/Think/Model.class.php 第 445 行.
SQL: UPDATE `pk` SET `score2`='75' WHERE `pk_id` = 3329 [ RunTime:0.0096s ]
SQL: SELECT * FROM `pk` WHERE `pk_id` = 3329  [ RunTime:0.0002s ]

[ 2017-06-03T16:45:47+08:00 ] 112.96.161.169 /ScoreBoard/app.php/Home/Index/add_score/reg_id/1/pk_id/3329/team/1/add_score/-1
INFO: [ app_init ] --START--
INFO: Run Behavior\BuildLiteBehavior [ RunTime:0.000013s ]
INFO: [ app_init ] --END-- [ RunTime:0.000240s ]
INFO: [ app_begin ] --START--
INFO: Run Behavior\ReadHtmlCacheBehavior [ RunTime:0.000293s ]
INFO: [ app_begin ] --END-- [ RunTime:0.000342s ]
SQL: SHOW COLUMNS FROM `pk` [ RunTime:0.0006s ]
SQL: SELECT * FROM `pk` WHERE `pk_id` = 3329  [ RunTime:0.0001s ]
SQL: SELECT * FROM `pk` WHERE `pk_id` = 3329  [ RunTime:0.0001s ]
NOTIC: [2] Illegal offset type in isset or empty /var/www/ScoreBoard/ThinkPHP/Library/Think/Model.class.php 第 445 行.
SQL: UPDATE `pk` SET `score1`='82' WHERE `pk_id` = 3329 [ RunTime:0.0086s ]
SQL: SELECT * FROM `pk` WHERE `pk_id` = 3329  [ RunTime:0.0002s ]

[ 2017-06-03T16:46:07+08:00 ] 112.96.161.169 /ScoreBoard/app.php/Home/Index/add_score/reg_id/1/pk_id/3329/team/1/add_score/3
INFO: [ app_init ] --START--
INFO: Run Behavior\BuildLiteBehavior [ RunTime:0.000012s ]
INFO: [ app_init ] --END-- [ RunTime:0.000257s ]
INFO: [ app_begin ] --START--
INFO: Run Behavior\ReadHtmlCacheBehavior [ RunTime:0.000278s ]
INFO: [ app_begin ] --END-- [ RunTime:0.000325s ]
SQL: SHOW COLUMNS FROM `pk` [ RunTime:0.0006s ]
SQL: SELECT * FROM `pk` WHERE `pk_id` = 3329  [ RunTime:0.0001s ]
SQL: SELECT * FROM `pk` WHERE `pk_id` = 3329  [ RunTime:0.0001s ]
NOTIC: [2] Illegal offset type in isset or empty /var/www/ScoreBoard/ThinkPHP/Library/Think/Model.class.php 第 445 行.
SQL: UPDATE `pk` SET `score1`='85' WHERE `pk_id` = 3329 [ RunTime:0.0111s ]
SQL: SELECT * FROM `pk` WHERE `pk_id` = 3329  [ RunTime:0.0003s ]

[ 2017-06-03T16:46:13+08:00 ] 112.96.161.169 /ScoreBoard/app.php/Home/Index/add_score/reg_id/1/pk_id/3329/team/2/add_score/3
INFO: [ app_init ] --START--
INFO: Run Behavior\BuildLiteBehavior [ RunTime:0.000012s ]
INFO: [ app_init ] --END-- [ RunTime:0.000230s ]
INFO: [ app_begin ] --START--
INFO: Run Behavior\ReadHtmlCacheBehavior [ RunTime:0.000278s ]
INFO: [ app_begin ] --END-- [ RunTime:0.000326s ]
SQL: SHOW COLUMNS FROM `pk` [ RunTime:0.0005s ]
SQL: SELECT * FROM `pk` WHERE `pk_id` = 3329  [ RunTime:0.0001s ]
SQL: SELECT * FROM `pk` WHERE `pk_id` = 3329  [ RunTime:0.0001s ]
NOTIC: [2] Illegal offset type in isset or empty /var/www/ScoreBoard/ThinkPHP/Library/Think/Model.class.php 第 445 行.
SQL: UPDATE `pk` SET `score2`='78' WHERE `pk_id` = 3329 [ RunTime:0.0110s ]
SQL: SELECT * FROM `pk` WHERE `pk_id` = 3329  [ RunTime:0.0003s ]

[ 2017-06-03T16:46:34+08:00 ] 112.96.161.169 /ScoreBoard/app.php/Home/Index/add_score/reg_id/1/pk_id/3329/team/1/add_score/1
INFO: [ app_init ] --START--
INFO: Run Behavior\BuildLiteBehavior [ RunTime:0.000012s ]
INFO: [ app_init ] --END-- [ RunTime:0.000248s ]
INFO: [ app_begin ] --START--
INFO: Run Behavior\ReadHtmlCacheBehavior [ RunTime:0.000285s ]
INFO: [ app_begin ] --END-- [ RunTime:0.000333s ]
SQL: SHOW COLUMNS FROM `pk` [ RunTime:0.0006s ]
SQL: SELECT * FROM `pk` WHERE `pk_id` = 3329  [ RunTime:0.0001s ]
SQL: SELECT * FROM `pk` WHERE `pk_id` = 3329  [ RunTime:0.0001s ]
NOTIC: [2] Illegal offset type in isset or empty /var/www/ScoreBoard/ThinkPHP/Library/Think/Model.class.php 第 445 行.
SQL: UPDATE `pk` SET `score1`='86' WHERE `pk_id` = 3329 [ RunTime:0.0138s ]
SQL: SELECT * FROM `pk` WHERE `pk_id` = 3329  [ RunTime:0.0002s ]

[ 2017-06-03T16:46:39+08:00 ] 112.96.161.169 /ScoreBoard/app.php/Home/Index/add_score/reg_id/1/pk_id/3329/team/1/add_score/1
INFO: [ app_init ] --START--
INFO: Run Behavior\BuildLiteBehavior [ RunTime:0.000013s ]
INFO: [ app_init ] --END-- [ RunTime:0.000234s ]
INFO: [ app_begin ] --START--
INFO: Run Behavior\ReadHtmlCacheBehavior [ RunTime:0.000283s ]
INFO: [ app_begin ] --END-- [ RunTime:0.000353s ]
SQL: SHOW COLUMNS FROM `pk` [ RunTime:0.0005s ]
SQL: SELECT * FROM `pk` WHERE `pk_id` = 3329  [ RunTime:0.0001s ]
SQL: SELECT * FROM `pk` WHERE `pk_id` = 3329  [ RunTime:0.0001s ]
NOTIC: [2] Illegal offset type in isset or empty /var/www/ScoreBoard/ThinkPHP/Library/Think/Model.class.php 第 445 行.
SQL: UPDATE `pk` SET `score1`='87' WHERE `pk_id` = 3329 [ RunTime:0.0146s ]
SQL: SELECT * FROM `pk` WHERE `pk_id` = 3329  [ RunTime:0.0002s ]

[ 2017-06-03T16:46:40+08:00 ] 112.96.161.169 /ScoreBoard/app.php/Home/Index/add_score/reg_id/1/pk_id/3329/team/2/add_score/1
INFO: [ app_init ] --START--
INFO: Run Behavior\BuildLiteBehavior [ RunTime:0.000012s ]
INFO: [ app_init ] --END-- [ RunTime:0.000231s ]
INFO: [ app_begin ] --START--
INFO: Run Behavior\ReadHtmlCacheBehavior [ RunTime:0.000279s ]
INFO: [ app_begin ] --END-- [ RunTime:0.000327s ]
SQL: SHOW COLUMNS FROM `pk` [ RunTime:0.0006s ]
SQL: SELECT * FROM `pk` WHERE `pk_id` = 3329  [ RunTime:0.0001s ]
SQL: SELECT * FROM `pk` WHERE `pk_id` = 3329  [ RunTime:0.0001s ]
NOTIC: [2] Illegal offset type in isset or empty /var/www/ScoreBoard/ThinkPHP/Library/Think/Model.class.php 第 445 行.
SQL: UPDATE `pk` SET `score2`='79' WHERE `pk_id` = 3329 [ RunTime:0.0087s ]
SQL: SELECT * FROM `pk` WHERE `pk_id` = 3329  [ RunTime:0.0002s ]

[ 2017-06-03T16:46:41+08:00 ] 112.96.161.169 /ScoreBoard/app.php/Home/Index/add_score/reg_id/1/pk_id/3329/team/2/add_score/1
INFO: [ app_init ] --START--
INFO: Run Behavior\BuildLiteBehavior [ RunTime:0.000014s ]
INFO: [ app_init ] --END-- [ RunTime:0.000239s ]
INFO: [ app_begin ] --START--
INFO: Run Behavior\ReadHtmlCacheBehavior [ RunTime:0.000281s ]
INFO: [ app_begin ] --END-- [ RunTime:0.000329s ]
SQL: SHOW COLUMNS FROM `pk` [ RunTime:0.0006s ]
SQL: SELECT * FROM `pk` WHERE `pk_id` = 3329  [ RunTime:0.0001s ]
SQL: SELECT * FROM `pk` WHERE `pk_id` = 3329  [ RunTime:0.0001s ]
NOTIC: [2] Illegal offset type in isset or empty /var/www/ScoreBoard/ThinkPHP/Library/Think/Model.class.php 第 445 行.
SQL: UPDATE `pk` SET `score2`='80' WHERE `pk_id` = 3329 [ RunTime:0.0169s ]
SQL: SELECT * FROM `pk` WHERE `pk_id` = 3329  [ RunTime:0.0002s ]

[ 2017-06-03T16:46:47+08:00 ] 112.96.161.169 /ScoreBoard/app.php/Home/Index/add_score/reg_id/1/pk_id/3329/team/2/add_score/-1
INFO: [ app_init ] --START--
INFO: Run Behavior\BuildLiteBehavior [ RunTime:0.000013s ]
INFO: [ app_init ] --END-- [ RunTime:0.000226s ]
INFO: [ app_begin ] --START--
INFO: Run Behavior\ReadHtmlCacheBehavior [ RunTime:0.000285s ]
INFO: [ app_begin ] --END-- [ RunTime:0.000334s ]
SQL: SHOW COLUMNS FROM `pk` [ RunTime:0.0005s ]
SQL: SELECT * FROM `pk` WHERE `pk_id` = 3329  [ RunTime:0.0001s ]
SQL: SELECT * FROM `pk` WHERE `pk_id` = 3329  [ RunTime:0.0001s ]
NOTIC: [2] Illegal offset type in isset or empty /var/www/ScoreBoard/ThinkPHP/Library/Think/Model.class.php 第 445 行.
SQL: UPDATE `pk` SET `score2`='79' WHERE `pk_id` = 3329 [ RunTime:0.0094s ]
SQL: SELECT * FROM `pk` WHERE `pk_id` = 3329  [ RunTime:0.0002s ]

[ 2017-06-03T17:06:02+08:00 ] 112.96.161.169 /ScoreBoard/app.php/Home/Index/add_score/reg_id/1/pk_id/3331/team/2/add_score/3
INFO: [ app_init ] --START--
INFO: Run Behavior\BuildLiteBehavior [ RunTime:0.000013s ]
INFO: [ app_init ] --END-- [ RunTime:0.000243s ]
INFO: [ app_begin ] --START--
INFO: Run Behavior\ReadHtmlCacheBehavior [ RunTime:0.000300s ]
INFO: [ app_begin ] --END-- [ RunTime:0.000348s ]
SQL: SHOW COLUMNS FROM `pk` [ RunTime:0.0008s ]
SQL: SELECT * FROM `pk` WHERE `pk_id` = 3331  [ RunTime:0.0004s ]
SQL: SELECT * FROM `pk` WHERE `pk_id` = 3331  [ RunTime:0.0001s ]
NOTIC: [2] Illegal offset type in isset or empty /var/www/ScoreBoard/ThinkPHP/Library/Think/Model.class.php 第 445 行.
SQL: UPDATE `pk` SET `score2`='85' WHERE `pk_id` = 3331 [ RunTime:0.0726s ]
SQL: SELECT * FROM `pk` WHERE `pk_id` = 3331  [ RunTime:0.0004s ]

[ 2017-06-03T17:06:05+08:00 ] 112.96.161.169 /ScoreBoard/app.php/Home/Index/add_score/reg_id/1/pk_id/3331/team/2/add_score/3
INFO: [ app_init ] --START--
INFO: Run Behavior\BuildLiteBehavior [ RunTime:0.000013s ]
INFO: [ app_init ] --END-- [ RunTime:0.000231s ]
INFO: [ app_begin ] --START--
INFO: Run Behavior\ReadHtmlCacheBehavior [ RunTime:0.000308s ]
INFO: [ app_begin ] --END-- [ RunTime:0.000357s ]
SQL: SHOW COLUMNS FROM `pk` [ RunTime:0.0006s ]
SQL: SELECT * FROM `pk` WHERE `pk_id` = 3331  [ RunTime:0.0001s ]
SQL: SELECT * FROM `pk` WHERE `pk_id` = 3331  [ RunTime:0.0001s ]
NOTIC: [2] Illegal offset type in isset or empty /var/www/ScoreBoard/ThinkPHP/Library/Think/Model.class.php 第 445 行.
SQL: UPDATE `pk` SET `score2`='88' WHERE `pk_id` = 3331 [ RunTime:0.0152s ]
SQL: SELECT * FROM `pk` WHERE `pk_id` = 3331  [ RunTime:0.0002s ]

[ 2017-06-03T17:06:08+08:00 ] 112.96.161.169 /ScoreBoard/app.php/Home/Index/add_score/reg_id/1/pk_id/3331/team/1/add_score/-2
INFO: [ app_init ] --START--
INFO: Run Behavior\BuildLiteBehavior [ RunTime:0.000012s ]
INFO: [ app_init ] --END-- [ RunTime:0.000229s ]
INFO: [ app_begin ] --START--
INFO: Run Behavior\ReadHtmlCacheBehavior [ RunTime:0.000299s ]
INFO: [ app_begin ] --END-- [ RunTime:0.000345s ]
SQL: SHOW COLUMNS FROM `pk` [ RunTime:0.0006s ]
SQL: SELECT * FROM `pk` WHERE `pk_id` = 3331  [ RunTime:0.0001s ]
SQL: SELECT * FROM `pk` WHERE `pk_id` = 3331  [ RunTime:0.0001s ]
NOTIC: [2] Illegal offset type in isset or empty /var/www/ScoreBoard/ThinkPHP/Library/Think/Model.class.php 第 445 行.
SQL: UPDATE `pk` SET `score1`='152' WHERE `pk_id` = 3331 [ RunTime:0.0139s ]
SQL: SELECT * FROM `pk` WHERE `pk_id` = 3331  [ RunTime:0.0003s ]

[ 2017-06-03T17:06:11+08:00 ] 112.96.161.169 /ScoreBoard/app.php/Home/Index/add_score/reg_id/1/pk_id/3331/team/1/add_score/3
INFO: [ app_init ] --START--
INFO: Run Behavior\BuildLiteBehavior [ RunTime:0.000013s ]
INFO: [ app_init ] --END-- [ RunTime:0.000231s ]
INFO: [ app_begin ] --START--
INFO: Run Behavior\ReadHtmlCacheBehavior [ RunTime:0.000280s ]
INFO: [ app_begin ] --END-- [ RunTime:0.000328s ]
SQL: SHOW COLUMNS FROM `pk` [ RunTime:0.0006s ]
SQL: SELECT * FROM `pk` WHERE `pk_id` = 3331  [ RunTime:0.0001s ]
SQL: SELECT * FROM `pk` WHERE `pk_id` = 3331  [ RunTime:0.0001s ]
NOTIC: [2] Illegal offset type in isset or empty /var/www/ScoreBoard/ThinkPHP/Library/Think/Model.class.php 第 445 行.
SQL: UPDATE `pk` SET `score1`='155' WHERE `pk_id` = 3331 [ RunTime:0.0099s ]
SQL: SELECT * FROM `pk` WHERE `pk_id` = 3331  [ RunTime:0.0002s ]

[ 2017-06-03T17:06:26+08:00 ] 112.96.161.169 /ScoreBoard/app.php/Home/Index/add_score/reg_id/1/pk_id/3330/team/1/add_score/2
INFO: [ app_init ] --START--
INFO: Run Behavior\BuildLiteBehavior [ RunTime:0.000012s ]
INFO: [ app_init ] --END-- [ RunTime:0.000228s ]
INFO: [ app_begin ] --START--
INFO: Run Behavior\ReadHtmlCacheBehavior [ RunTime:0.000279s ]
INFO: [ app_begin ] --END-- [ RunTime:0.000327s ]
SQL: SHOW COLUMNS FROM `pk` [ RunTime:0.0006s ]
SQL: SELECT * FROM `pk` WHERE `pk_id` = 3330  [ RunTime:0.0003s ]
SQL: SELECT * FROM `pk` WHERE `pk_id` = 3330  [ RunTime:0.0001s ]
NOTIC: [2] Illegal offset type in isset or empty /var/www/ScoreBoard/ThinkPHP/Library/Think/Model.class.php 第 445 行.
SQL: UPDATE `pk` SET `score1`='52' WHERE `pk_id` = 3330 [ RunTime:0.0099s ]
SQL: SELECT * FROM `pk` WHERE `pk_id` = 3330  [ RunTime:0.0002s ]

[ 2017-06-03T17:06:28+08:00 ] 112.96.161.169 /ScoreBoard/app.php/Home/Index/add_score/reg_id/1/pk_id/3330/team/1/add_score/2
INFO: [ app_init ] --START--
INFO: Run Behavior\BuildLiteBehavior [ RunTime:0.000012s ]
INFO: [ app_init ] --END-- [ RunTime:0.000229s ]
INFO: [ app_begin ] --START--
INFO: Run Behavior\ReadHtmlCacheBehavior [ RunTime:0.000297s ]
INFO: [ app_begin ] --END-- [ RunTime:0.000346s ]
SQL: SHOW COLUMNS FROM `pk` [ RunTime:0.0006s ]
SQL: SELECT * FROM `pk` WHERE `pk_id` = 3330  [ RunTime:0.0001s ]
SQL: SELECT * FROM `pk` WHERE `pk_id` = 3330  [ RunTime:0.0001s ]
NOTIC: [2] Illegal offset type in isset or empty /var/www/ScoreBoard/ThinkPHP/Library/Think/Model.class.php 第 445 行.
SQL: UPDATE `pk` SET `score1`='54' WHERE `pk_id` = 3330 [ RunTime:0.0093s ]
SQL: SELECT * FROM `pk` WHERE `pk_id` = 3330  [ RunTime:0.0002s ]

[ 2017-06-03T17:06:30+08:00 ] 112.96.161.169 /ScoreBoard/app.php/Home/Index/add_score/reg_id/1/pk_id/3330/team/1/add_score/-2
INFO: [ app_init ] --START--
INFO: Run Behavior\BuildLiteBehavior [ RunTime:0.000012s ]
INFO: [ app_init ] --END-- [ RunTime:0.000248s ]
INFO: [ app_begin ] --START--
INFO: Run Behavior\ReadHtmlCacheBehavior [ RunTime:0.000281s ]
INFO: [ app_begin ] --END-- [ RunTime:0.000329s ]
SQL: SHOW COLUMNS FROM `pk` [ RunTime:0.0006s ]
SQL: SELECT * FROM `pk` WHERE `pk_id` = 3330  [ RunTime:0.0001s ]
SQL: SELECT * FROM `pk` WHERE `pk_id` = 3330  [ RunTime:0.0001s ]
NOTIC: [2] Illegal offset type in isset or empty /var/www/ScoreBoard/ThinkPHP/Library/Think/Model.class.php 第 445 行.
SQL: UPDATE `pk` SET `score1`='52' WHERE `pk_id` = 3330 [ RunTime:0.0093s ]
SQL: SELECT * FROM `pk` WHERE `pk_id` = 3330  [ RunTime:0.0002s ]

[ 2017-06-03T17:06:32+08:00 ] 112.96.161.169 /ScoreBoard/app.php/Home/Index/add_score/reg_id/1/pk_id/3330/team/2/add_score/1
INFO: [ app_init ] --START--
INFO: Run Behavior\BuildLiteBehavior [ RunTime:0.000016s ]
INFO: [ app_init ] --END-- [ RunTime:0.000242s ]
INFO: [ app_begin ] --START--
INFO: Run Behavior\ReadHtmlCacheBehavior [ RunTime:0.000285s ]
INFO: [ app_begin ] --END-- [ RunTime:0.000333s ]
SQL: SHOW COLUMNS FROM `pk` [ RunTime:0.0006s ]
SQL: SELECT * FROM `pk` WHERE `pk_id` = 3330  [ RunTime:0.0001s ]
SQL: SELECT * FROM `pk` WHERE `pk_id` = 3330  [ RunTime:0.0001s ]
NOTIC: [2] Illegal offset type in isset or empty /var/www/ScoreBoard/ThinkPHP/Library/Think/Model.class.php 第 445 行.
SQL: UPDATE `pk` SET `score2`='46' WHERE `pk_id` = 3330 [ RunTime:0.0091s ]
SQL: SELECT * FROM `pk` WHERE `pk_id` = 3330  [ RunTime:0.0002s ]

[ 2017-06-03T17:06:33+08:00 ] 112.96.161.169 /ScoreBoard/app.php/Home/Index/add_score/reg_id/1/pk_id/3330/team/2/add_score/1
INFO: [ app_init ] --START--
INFO: Run Behavior\BuildLiteBehavior [ RunTime:0.000012s ]
INFO: [ app_init ] --END-- [ RunTime:0.000232s ]
INFO: [ app_begin ] --START--
INFO: Run Behavior\ReadHtmlCacheBehavior [ RunTime:0.000301s ]
INFO: [ app_begin ] --END-- [ RunTime:0.000355s ]
SQL: SHOW COLUMNS FROM `pk` [ RunTime:0.0006s ]
SQL: SELECT * FROM `pk` WHERE `pk_id` = 3330  [ RunTime:0.0001s ]
SQL: SELECT * FROM `pk` WHERE `pk_id` = 3330  [ RunTime:0.0001s ]
NOTIC: [2] Illegal offset type in isset or empty /var/www/ScoreBoard/ThinkPHP/Library/Think/Model.class.php 第 445 行.
SQL: UPDATE `pk` SET `score2`='47' WHERE `pk_id` = 3330 [ RunTime:0.0104s ]
SQL: SELECT * FROM `pk` WHERE `pk_id` = 3330  [ RunTime:0.0002s ]

[ 2017-06-03T17:06:35+08:00 ] 112.96.161.169 /ScoreBoard/app.php/Home/Index/add_score/reg_id/1/pk_id/3330/team/2/add_score/2
INFO: [ app_init ] --START--
INFO: Run Behavior\BuildLiteBehavior [ RunTime:0.000012s ]
INFO: [ app_init ] --END-- [ RunTime:0.000227s ]
INFO: [ app_begin ] --START--
INFO: Run Behavior\ReadHtmlCacheBehavior [ RunTime:0.000281s ]
INFO: [ app_begin ] --END-- [ RunTime:0.000328s ]
SQL: SHOW COLUMNS FROM `pk` [ RunTime:0.0006s ]
SQL: SELECT * FROM `pk` WHERE `pk_id` = 3330  [ RunTime:0.0001s ]
SQL: SELECT * FROM `pk` WHERE `pk_id` = 3330  [ RunTime:0.0001s ]
NOTIC: [2] Illegal offset type in isset or empty /var/www/ScoreBoard/ThinkPHP/Library/Think/Model.class.php 第 445 行.
SQL: UPDATE `pk` SET `score2`='49' WHERE `pk_id` = 3330 [ RunTime:0.0085s ]
SQL: SELECT * FROM `pk` WHERE `pk_id` = 3330  [ RunTime:0.0002s ]

[ 2017-06-03T17:06:37+08:00 ] 112.96.161.169 /ScoreBoard/app.php/Home/Index/add_score/reg_id/1/pk_id/3330/team/2/add_score/3
INFO: [ app_init ] --START--
INFO: Run Behavior\BuildLiteBehavior [ RunTime:0.000012s ]
INFO: [ app_init ] --END-- [ RunTime:0.000227s ]
INFO: [ app_begin ] --START--
INFO: Run Behavior\ReadHtmlCacheBehavior [ RunTime:0.000279s ]
INFO: [ app_begin ] --END-- [ RunTime:0.000326s ]
SQL: SHOW COLUMNS FROM `pk` [ RunTime:0.0006s ]
SQL: SELECT * FROM `pk` WHERE `pk_id` = 3330  [ RunTime:0.0001s ]
SQL: SELECT * FROM `pk` WHERE `pk_id` = 3330  [ RunTime:0.0001s ]
NOTIC: [2] Illegal offset type in isset or empty /var/www/ScoreBoard/ThinkPHP/Library/Think/Model.class.php 第 445 行.
SQL: UPDATE `pk` SET `score2`='52' WHERE `pk_id` = 3330 [ RunTime:0.0091s ]
SQL: SELECT * FROM `pk` WHERE `pk_id` = 3330  [ RunTime:0.0002s ]

[ 2017-06-03T17:06:39+08:00 ] 112.96.161.169 /ScoreBoard/app.php/Home/Index/add_score/reg_id/1/pk_id/3330/team/2/add_score/3
INFO: [ app_init ] --START--
INFO: Run Behavior\BuildLiteBehavior [ RunTime:0.000012s ]
INFO: [ app_init ] --END-- [ RunTime:0.000227s ]
INFO: [ app_begin ] --START--
INFO: Run Behavior\ReadHtmlCacheBehavior [ RunTime:0.000278s ]
INFO: [ app_begin ] --END-- [ RunTime:0.000325s ]
SQL: SHOW COLUMNS FROM `pk` [ RunTime:0.0006s ]
SQL: SELECT * FROM `pk` WHERE `pk_id` = 3330  [ RunTime:0.0001s ]
SQL: SELECT * FROM `pk` WHERE `pk_id` = 3330  [ RunTime:0.0001s ]
NOTIC: [2] Illegal offset type in isset or empty /var/www/ScoreBoard/ThinkPHP/Library/Think/Model.class.php 第 445 行.
SQL: UPDATE `pk` SET `score2`='55' WHERE `pk_id` = 3330 [ RunTime:0.0090s ]
SQL: SELECT * FROM `pk` WHERE `pk_id` = 3330  [ RunTime:0.0002s ]

[ 2017-06-03T17:18:06+08:00 ] 112.96.161.169 /ScoreBoard/app.php/Home/Index/add_score/reg_id/1/pk_id/3330/team/1/add_score/3
INFO: [ app_init ] --START--
INFO: Run Behavior\BuildLiteBehavior [ RunTime:0.000013s ]
INFO: [ app_init ] --END-- [ RunTime:0.000230s ]
INFO: [ app_begin ] --START--
INFO: Run Behavior\ReadHtmlCacheBehavior [ RunTime:0.000285s ]
INFO: [ app_begin ] --END-- [ RunTime:0.000334s ]
SQL: SHOW COLUMNS FROM `pk` [ RunTime:0.0006s ]
SQL: SELECT * FROM `pk` WHERE `pk_id` = 3330  [ RunTime:0.0001s ]
SQL: SELECT * FROM `pk` WHERE `pk_id` = 3330  [ RunTime:0.0001s ]
NOTIC: [2] Illegal offset type in isset or empty /var/www/ScoreBoard/ThinkPHP/Library/Think/Model.class.php 第 445 行.
SQL: UPDATE `pk` SET `score1`='55' WHERE `pk_id` = 3330 [ RunTime:0.0088s ]
SQL: SELECT * FROM `pk` WHERE `pk_id` = 3330  [ RunTime:0.0003s ]

[ 2017-06-03T17:18:08+08:00 ] 112.96.161.169 /ScoreBoard/app.php/Home/Index/add_score/reg_id/1/pk_id/3330/team/2/add_score/2
INFO: [ app_init ] --START--
INFO: Run Behavior\BuildLiteBehavior [ RunTime:0.000012s ]
INFO: [ app_init ] --END-- [ RunTime:0.000250s ]
INFO: [ app_begin ] --START--
INFO: Run Behavior\ReadHtmlCacheBehavior [ RunTime:0.000284s ]
INFO: [ app_begin ] --END-- [ RunTime:0.000332s ]
SQL: SHOW COLUMNS FROM `pk` [ RunTime:0.0006s ]
SQL: SELECT * FROM `pk` WHERE `pk_id` = 3330  [ RunTime:0.0001s ]
SQL: SELECT * FROM `pk` WHERE `pk_id` = 3330  [ RunTime:0.0001s ]
NOTIC: [2] Illegal offset type in isset or empty /var/www/ScoreBoard/ThinkPHP/Library/Think/Model.class.php 第 445 行.
SQL: UPDATE `pk` SET `score2`='57' WHERE `pk_id` = 3330 [ RunTime:0.0092s ]
SQL: SELECT * FROM `pk` WHERE `pk_id` = 3330  [ RunTime:0.0003s ]

[ 2017-06-03T17:18:10+08:00 ] 112.96.161.169 /ScoreBoard/app.php/Home/Index/add_score/reg_id/1/pk_id/3330/team/2/add_score/2
INFO: [ app_init ] --START--
INFO: Run Behavior\BuildLiteBehavior [ RunTime:0.000013s ]
INFO: [ app_init ] --END-- [ RunTime:0.000237s ]
INFO: [ app_begin ] --START--
INFO: Run Behavior\ReadHtmlCacheBehavior [ RunTime:0.000296s ]
INFO: [ app_begin ] --END-- [ RunTime:0.000344s ]
SQL: SHOW COLUMNS FROM `pk` [ RunTime:0.0006s ]
SQL: SELECT * FROM `pk` WHERE `pk_id` = 3330  [ RunTime:0.0001s ]
SQL: SELECT * FROM `pk` WHERE `pk_id` = 3330  [ RunTime:0.0001s ]
NOTIC: [2] Illegal offset type in isset or empty /var/www/ScoreBoard/ThinkPHP/Library/Think/Model.class.php 第 445 行.
SQL: UPDATE `pk` SET `score2`='59' WHERE `pk_id` = 3330 [ RunTime:0.0090s ]
SQL: SELECT * FROM `pk` WHERE `pk_id` = 3330  [ RunTime:0.0002s ]

[ 2017-06-03T17:18:12+08:00 ] 112.96.161.169 /ScoreBoard/app.php/Home/Index/add_score/reg_id/1/pk_id/3330/team/2/add_score/3
INFO: [ app_init ] --START--
INFO: Run Behavior\BuildLiteBehavior [ RunTime:0.000013s ]
INFO: [ app_init ] --END-- [ RunTime:0.000230s ]
INFO: [ app_begin ] --START--
INFO: Run Behavior\ReadHtmlCacheBehavior [ RunTime:0.000283s ]
INFO: [ app_begin ] --END-- [ RunTime:0.000331s ]
SQL: SHOW COLUMNS FROM `pk` [ RunTime:0.0005s ]
SQL: SELECT * FROM `pk` WHERE `pk_id` = 3330  [ RunTime:0.0001s ]
SQL: SELECT * FROM `pk` WHERE `pk_id` = 3330  [ RunTime:0.0001s ]
NOTIC: [2] Illegal offset type in isset or empty /var/www/ScoreBoard/ThinkPHP/Library/Think/Model.class.php 第 445 行.
SQL: UPDATE `pk` SET `score2`='62' WHERE `pk_id` = 3330 [ RunTime:0.0095s ]
SQL: SELECT * FROM `pk` WHERE `pk_id` = 3330  [ RunTime:0.0002s ]

[ 2017-06-03T17:18:13+08:00 ] 112.96.161.169 /ScoreBoard/app.php/Home/Index/add_score/reg_id/1/pk_id/3330/team/1/add_score/2
INFO: [ app_init ] --START--
INFO: Run Behavior\BuildLiteBehavior [ RunTime:0.000014s ]
INFO: [ app_init ] --END-- [ RunTime:0.000239s ]
INFO: [ app_begin ] --START--
INFO: Run Behavior\ReadHtmlCacheBehavior [ RunTime:0.000296s ]
INFO: [ app_begin ] --END-- [ RunTime:0.000350s ]
SQL: SHOW COLUMNS FROM `pk` [ RunTime:0.0006s ]
SQL: SELECT * FROM `pk` WHERE `pk_id` = 3330  [ RunTime:0.0001s ]
SQL: SELECT * FROM `pk` WHERE `pk_id` = 3330  [ RunTime:0.0001s ]
NOTIC: [2] Illegal offset type in isset or empty /var/www/ScoreBoard/ThinkPHP/Library/Think/Model.class.php 第 445 行.
SQL: UPDATE `pk` SET `score1`='57' WHERE `pk_id` = 3330 [ RunTime:0.0094s ]
SQL: SELECT * FROM `pk` WHERE `pk_id` = 3330  [ RunTime:0.0002s ]

[ 2017-06-03T17:18:18+08:00 ] 112.96.161.169 /ScoreBoard/app.php/Home/Index/add_score/reg_id/1/pk_id/3330/team/1/add_score/3
INFO: [ app_init ] --START--
INFO: Run Behavior\BuildLiteBehavior [ RunTime:0.000012s ]
INFO: [ app_init ] --END-- [ RunTime:0.000229s ]
INFO: [ app_begin ] --START--
INFO: Run Behavior\ReadHtmlCacheBehavior [ RunTime:0.000306s ]
INFO: [ app_begin ] --END-- [ RunTime:0.000354s ]
SQL: SHOW COLUMNS FROM `pk` [ RunTime:0.0006s ]
SQL: SELECT * FROM `pk` WHERE `pk_id` = 3330  [ RunTime:0.0001s ]
SQL: SELECT * FROM `pk` WHERE `pk_id` = 3330  [ RunTime:0.0001s ]
NOTIC: [2] Illegal offset type in isset or empty /var/www/ScoreBoard/ThinkPHP/Library/Think/Model.class.php 第 445 行.
SQL: UPDATE `pk` SET `score1`='60' WHERE `pk_id` = 3330 [ RunTime:0.0094s ]
SQL: SELECT * FROM `pk` WHERE `pk_id` = 3330  [ RunTime:0.0002s ]

[ 2017-06-03T17:18:21+08:00 ] 112.96.161.169 /ScoreBoard/app.php/Home/Index/add_score/reg_id/1/pk_id/3330/team/2/add_score/3
INFO: [ app_init ] --START--
INFO: Run Behavior\BuildLiteBehavior [ RunTime:0.000012s ]
INFO: [ app_init ] --END-- [ RunTime:0.000232s ]
INFO: [ app_begin ] --START--
INFO: Run Behavior\ReadHtmlCacheBehavior [ RunTime:0.000302s ]
INFO: [ app_begin ] --END-- [ RunTime:0.000349s ]
SQL: SHOW COLUMNS FROM `pk` [ RunTime:0.0005s ]
SQL: SELECT * FROM `pk` WHERE `pk_id` = 3330  [ RunTime:0.0001s ]
SQL: SELECT * FROM `pk` WHERE `pk_id` = 3330  [ RunTime:0.0001s ]
NOTIC: [2] Illegal offset type in isset or empty /var/www/ScoreBoard/ThinkPHP/Library/Think/Model.class.php 第 445 行.
SQL: UPDATE `pk` SET `score2`='65' WHERE `pk_id` = 3330 [ RunTime:0.0093s ]
SQL: SELECT * FROM `pk` WHERE `pk_id` = 3330  [ RunTime:0.0002s ]

[ 2017-06-03T17:18:29+08:00 ] 112.96.161.169 /ScoreBoard/app.php/Home/Index/add_score/reg_id/1/pk_id/3330/team/2/add_score/-1
INFO: [ app_init ] --START--
INFO: Run Behavior\BuildLiteBehavior [ RunTime:0.000012s ]
INFO: [ app_init ] --END-- [ RunTime:0.000228s ]
INFO: [ app_begin ] --START--
INFO: Run Behavior\ReadHtmlCacheBehavior [ RunTime:0.000280s ]
INFO: [ app_begin ] --END-- [ RunTime:0.000332s ]
SQL: SHOW COLUMNS FROM `pk` [ RunTime:0.0005s ]
SQL: SELECT * FROM `pk` WHERE `pk_id` = 3330  [ RunTime:0.0001s ]
SQL: SELECT * FROM `pk` WHERE `pk_id` = 3330  [ RunTime:0.0001s ]
NOTIC: [2] Illegal offset type in isset or empty /var/www/ScoreBoard/ThinkPHP/Library/Think/Model.class.php 第 445 行.
SQL: UPDATE `pk` SET `score2`='64' WHERE `pk_id` = 3330 [ RunTime:0.0083s ]
SQL: SELECT * FROM `pk` WHERE `pk_id` = 3330  [ RunTime:0.0003s ]

[ 2017-06-03T17:18:34+08:00 ] 112.96.161.169 /ScoreBoard/app.php/Home/Index/add_score/reg_id/1/pk_id/3330/team/2/add_score/-1
INFO: [ app_init ] --START--
INFO: Run Behavior\BuildLiteBehavior [ RunTime:0.000012s ]
INFO: [ app_init ] --END-- [ RunTime:0.000230s ]
INFO: [ app_begin ] --START--
INFO: Run Behavior\ReadHtmlCacheBehavior [ RunTime:0.000283s ]
INFO: [ app_begin ] --END-- [ RunTime:0.000332s ]
SQL: SHOW COLUMNS FROM `pk` [ RunTime:0.0005s ]
SQL: SELECT * FROM `pk` WHERE `pk_id` = 3330  [ RunTime:0.0001s ]
SQL: SELECT * FROM `pk` WHERE `pk_id` = 3330  [ RunTime:0.0001s ]
NOTIC: [2] Illegal offset type in isset or empty /var/www/ScoreBoard/ThinkPHP/Library/Think/Model.class.php 第 445 行.
SQL: UPDATE `pk` SET `score2`='63' WHERE `pk_id` = 3330 [ RunTime:0.0091s ]
SQL: SELECT * FROM `pk` WHERE `pk_id` = 3330  [ RunTime:0.0002s ]

[ 2017-06-03T17:19:20+08:00 ] 112.96.161.169 /ScoreBoard/app.php/Home/Index/add_score/reg_id/1/pk_id/3330/team/1/add_score/3
INFO: [ app_init ] --START--
INFO: Run Behavior\BuildLiteBehavior [ RunTime:0.000013s ]
INFO: [ app_init ] --END-- [ RunTime:0.000231s ]
INFO: [ app_begin ] --START--
INFO: Run Behavior\ReadHtmlCacheBehavior [ RunTime:0.000277s ]
INFO: [ app_begin ] --END-- [ RunTime:0.000325s ]
SQL: SHOW COLUMNS FROM `pk` [ RunTime:0.0006s ]
SQL: SELECT * FROM `pk` WHERE `pk_id` = 3330  [ RunTime:0.0001s ]
SQL: SELECT * FROM `pk` WHERE `pk_id` = 3330  [ RunTime:0.0001s ]
NOTIC: [2] Illegal offset type in isset or empty /var/www/ScoreBoard/ThinkPHP/Library/Think/Model.class.php 第 445 行.
SQL: UPDATE `pk` SET `score1`='63' WHERE `pk_id` = 3330 [ RunTime:0.0146s ]
SQL: SELECT * FROM `pk` WHERE `pk_id` = 3330  [ RunTime:0.0003s ]

[ 2017-06-03T17:19:25+08:00 ] 112.96.161.169 /ScoreBoard/app.php/Home/Index/add_score/reg_id/1/pk_id/3330/team/1/add_score/2
INFO: [ app_init ] --START--
INFO: Run Behavior\BuildLiteBehavior [ RunTime:0.000012s ]
INFO: [ app_init ] --END-- [ RunTime:0.000225s ]
INFO: [ app_begin ] --START--
INFO: Run Behavior\ReadHtmlCacheBehavior [ RunTime:0.000280s ]
INFO: [ app_begin ] --END-- [ RunTime:0.000327s ]
SQL: SHOW COLUMNS FROM `pk` [ RunTime:0.0006s ]
SQL: SELECT * FROM `pk` WHERE `pk_id` = 3330  [ RunTime:0.0001s ]
SQL: SELECT * FROM `pk` WHERE `pk_id` = 3330  [ RunTime:0.0001s ]
NOTIC: [2] Illegal offset type in isset or empty /var/www/ScoreBoard/ThinkPHP/Library/Think/Model.class.php 第 445 行.
SQL: UPDATE `pk` SET `score1`='65' WHERE `pk_id` = 3330 [ RunTime:0.0087s ]
SQL: SELECT * FROM `pk` WHERE `pk_id` = 3330  [ RunTime:0.0002s ]

[ 2017-06-03T17:19:27+08:00 ] 112.96.161.169 /ScoreBoard/app.php/Home/Index/add_score/reg_id/1/pk_id/3330/team/1/add_score/2
INFO: [ app_init ] --START--
INFO: Run Behavior\BuildLiteBehavior [ RunTime:0.000013s ]
INFO: [ app_init ] --END-- [ RunTime:0.000238s ]
INFO: [ app_begin ] --START--
INFO: Run Behavior\ReadHtmlCacheBehavior [ RunTime:0.000283s ]
INFO: [ app_begin ] --END-- [ RunTime:0.000331s ]
SQL: SHOW COLUMNS FROM `pk` [ RunTime:0.0006s ]
SQL: SELECT * FROM `pk` WHERE `pk_id` = 3330  [ RunTime:0.0001s ]
SQL: SELECT * FROM `pk` WHERE `pk_id` = 3330  [ RunTime:0.0001s ]
NOTIC: [2] Illegal offset type in isset or empty /var/www/ScoreBoard/ThinkPHP/Library/Think/Model.class.php 第 445 行.
SQL: UPDATE `pk` SET `score1`='67' WHERE `pk_id` = 3330 [ RunTime:0.0093s ]
SQL: SELECT * FROM `pk` WHERE `pk_id` = 3330  [ RunTime:0.0002s ]

[ 2017-06-03T17:19:33+08:00 ] 112.96.161.169 /ScoreBoard/app.php/Home/Index/add_score/reg_id/1/pk_id/3330/team/1/add_score/3
INFO: [ app_init ] --START--
INFO: Run Behavior\BuildLiteBehavior [ RunTime:0.000013s ]
INFO: [ app_init ] --END-- [ RunTime:0.000229s ]
INFO: [ app_begin ] --START--
INFO: Run Behavior\ReadHtmlCacheBehavior [ RunTime:0.000275s ]
INFO: [ app_begin ] --END-- [ RunTime:0.000323s ]
SQL: SHOW COLUMNS FROM `pk` [ RunTime:0.0006s ]
SQL: SELECT * FROM `pk` WHERE `pk_id` = 3330  [ RunTime:0.0001s ]
SQL: SELECT * FROM `pk` WHERE `pk_id` = 3330  [ RunTime:0.0001s ]
NOTIC: [2] Illegal offset type in isset or empty /var/www/ScoreBoard/ThinkPHP/Library/Think/Model.class.php 第 445 行.
SQL: UPDATE `pk` SET `score1`='70' WHERE `pk_id` = 3330 [ RunTime:0.0720s ]
SQL: SELECT * FROM `pk` WHERE `pk_id` = 3330  [ RunTime:0.0004s ]

[ 2017-06-03T17:19:36+08:00 ] 112.96.161.169 /ScoreBoard/app.php/Home/Index/add_score/reg_id/1/pk_id/3330/team/1/add_score/1
INFO: [ app_init ] --START--
INFO: Run Behavior\BuildLiteBehavior [ RunTime:0.000012s ]
INFO: [ app_init ] --END-- [ RunTime:0.000251s ]
INFO: [ app_begin ] --START--
INFO: Run Behavior\ReadHtmlCacheBehavior [ RunTime:0.000280s ]
INFO: [ app_begin ] --END-- [ RunTime:0.000328s ]
SQL: SHOW COLUMNS FROM `pk` [ RunTime:0.0005s ]
SQL: SELECT * FROM `pk` WHERE `pk_id` = 3330  [ RunTime:0.0001s ]
SQL: SELECT * FROM `pk` WHERE `pk_id` = 3330  [ RunTime:0.0001s ]
NOTIC: [2] Illegal offset type in isset or empty /var/www/ScoreBoard/ThinkPHP/Library/Think/Model.class.php 第 445 行.
SQL: UPDATE `pk` SET `score1`='71' WHERE `pk_id` = 3330 [ RunTime:0.0096s ]
SQL: SELECT * FROM `pk` WHERE `pk_id` = 3330  [ RunTime:0.0003s ]

[ 2017-06-03T17:19:40+08:00 ] 112.96.161.169 /ScoreBoard/app.php/Home/Index/add_score/reg_id/1/pk_id/3330/team/2/add_score/2
INFO: [ app_init ] --START--
INFO: Run Behavior\BuildLiteBehavior [ RunTime:0.000013s ]
INFO: [ app_init ] --END-- [ RunTime:0.000231s ]
INFO: [ app_begin ] --START--
INFO: Run Behavior\ReadHtmlCacheBehavior [ RunTime:0.000278s ]
INFO: [ app_begin ] --END-- [ RunTime:0.000326s ]
SQL: SHOW COLUMNS FROM `pk` [ RunTime:0.0005s ]
SQL: SELECT * FROM `pk` WHERE `pk_id` = 3330  [ RunTime:0.0001s ]
SQL: SELECT * FROM `pk` WHERE `pk_id` = 3330  [ RunTime:0.0001s ]
NOTIC: [2] Illegal offset type in isset or empty /var/www/ScoreBoard/ThinkPHP/Library/Think/Model.class.php 第 445 行.
SQL: UPDATE `pk` SET `score2`='65' WHERE `pk_id` = 3330 [ RunTime:0.0126s ]
SQL: SELECT * FROM `pk` WHERE `pk_id` = 3330  [ RunTime:0.0002s ]

[ 2017-06-03T17:19:42+08:00 ] 112.96.161.169 /ScoreBoard/app.php/Home/Index/add_score/reg_id/1/pk_id/3330/team/2/add_score/1
INFO: [ app_init ] --START--
INFO: Run Behavior\BuildLiteBehavior [ RunTime:0.000012s ]
INFO: [ app_init ] --END-- [ RunTime:0.000225s ]
INFO: [ app_begin ] --START--
INFO: Run Behavior\ReadHtmlCacheBehavior [ RunTime:0.000282s ]
INFO: [ app_begin ] --END-- [ RunTime:0.000349s ]
SQL: SHOW COLUMNS FROM `pk` [ RunTime:0.0006s ]
SQL: SELECT * FROM `pk` WHERE `pk_id` = 3330  [ RunTime:0.0001s ]
SQL: SELECT * FROM `pk` WHERE `pk_id` = 3330  [ RunTime:0.0001s ]
NOTIC: [2] Illegal offset type in isset or empty /var/www/ScoreBoard/ThinkPHP/Library/Think/Model.class.php 第 445 行.
SQL: UPDATE `pk` SET `score2`='66' WHERE `pk_id` = 3330 [ RunTime:0.0096s ]
SQL: SELECT * FROM `pk` WHERE `pk_id` = 3330  [ RunTime:0.0002s ]

[ 2017-06-03T17:19:44+08:00 ] 112.96.161.169 /ScoreBoard/app.php/Home/Index/add_score/reg_id/1/pk_id/3330/team/2/add_score/3
INFO: [ app_init ] --START--
INFO: Run Behavior\BuildLiteBehavior [ RunTime:0.000012s ]
INFO: [ app_init ] --END-- [ RunTime:0.000278s ]
INFO: [ app_begin ] --START--
INFO: Run Behavior\ReadHtmlCacheBehavior [ RunTime:0.000294s ]
INFO: [ app_begin ] --END-- [ RunTime:0.000343s ]
SQL: SHOW COLUMNS FROM `pk` [ RunTime:0.0008s ]
SQL: SELECT * FROM `pk` WHERE `pk_id` = 3330  [ RunTime:0.0001s ]
SQL: SELECT * FROM `pk` WHERE `pk_id` = 3330  [ RunTime:0.0001s ]
NOTIC: [2] Illegal offset type in isset or empty /var/www/ScoreBoard/ThinkPHP/Library/Think/Model.class.php 第 445 行.
SQL: UPDATE `pk` SET `score2`='69' WHERE `pk_id` = 3330 [ RunTime:0.0087s ]
SQL: SELECT * FROM `pk` WHERE `pk_id` = 3330  [ RunTime:0.0002s ]

[ 2017-06-03T17:19:53+08:00 ] 112.96.161.169 /ScoreBoard/app.php/Home/Index/add_score/reg_id/1/pk_id/3330/team/2/add_score/-3
INFO: [ app_init ] --START--
INFO: Run Behavior\BuildLiteBehavior [ RunTime:0.000013s ]
INFO: [ app_init ] --END-- [ RunTime:0.000227s ]
INFO: [ app_begin ] --START--
INFO: Run Behavior\ReadHtmlCacheBehavior [ RunTime:0.000337s ]
INFO: [ app_begin ] --END-- [ RunTime:0.000385s ]
SQL: SHOW COLUMNS FROM `pk` [ RunTime:0.0006s ]
SQL: SELECT * FROM `pk` WHERE `pk_id` = 3330  [ RunTime:0.0001s ]
SQL: SELECT * FROM `pk` WHERE `pk_id` = 3330  [ RunTime:0.0001s ]
NOTIC: [2] Illegal offset type in isset or empty /var/www/ScoreBoard/ThinkPHP/Library/Think/Model.class.php 第 445 行.
SQL: UPDATE `pk` SET `score2`='66' WHERE `pk_id` = 3330 [ RunTime:0.0081s ]
SQL: SELECT * FROM `pk` WHERE `pk_id` = 3330  [ RunTime:0.0002s ]

[ 2017-06-03T17:19:56+08:00 ] 112.96.161.169 /ScoreBoard/app.php/Home/Index/add_score/reg_id/1/pk_id/3330/team/2/add_score/-2
INFO: [ app_init ] --START--
INFO: Run Behavior\BuildLiteBehavior [ RunTime:0.000012s ]
INFO: [ app_init ] --END-- [ RunTime:0.000226s ]
INFO: [ app_begin ] --START--
INFO: Run Behavior\ReadHtmlCacheBehavior [ RunTime:0.000277s ]
INFO: [ app_begin ] --END-- [ RunTime:0.000325s ]
SQL: SHOW COLUMNS FROM `pk` [ RunTime:0.0006s ]
SQL: SELECT * FROM `pk` WHERE `pk_id` = 3330  [ RunTime:0.0001s ]
SQL: SELECT * FROM `pk` WHERE `pk_id` = 3330  [ RunTime:0.0001s ]
NOTIC: [2] Illegal offset type in isset or empty /var/www/ScoreBoard/ThinkPHP/Library/Think/Model.class.php 第 445 行.
SQL: UPDATE `pk` SET `score2`='64' WHERE `pk_id` = 3330 [ RunTime:0.0090s ]
SQL: SELECT * FROM `pk` WHERE `pk_id` = 3330  [ RunTime:0.0002s ]

[ 2017-06-03T17:20:01+08:00 ] 112.96.161.169 /ScoreBoard/app.php/Home/Index/add_score/reg_id/1/pk_id/3330/team/1/add_score/3
INFO: [ app_init ] --START--
INFO: Run Behavior\BuildLiteBehavior [ RunTime:0.000013s ]
INFO: [ app_init ] --END-- [ RunTime:0.000281s ]
INFO: [ app_begin ] --START--
INFO: Run Behavior\ReadHtmlCacheBehavior [ RunTime:0.000280s ]
INFO: [ app_begin ] --END-- [ RunTime:0.000327s ]
SQL: SHOW COLUMNS FROM `pk` [ RunTime:0.0006s ]
SQL: SELECT * FROM `pk` WHERE `pk_id` = 3330  [ RunTime:0.0001s ]
SQL: SELECT * FROM `pk` WHERE `pk_id` = 3330  [ RunTime:0.0001s ]
NOTIC: [2] Illegal offset type in isset or empty /var/www/ScoreBoard/ThinkPHP/Library/Think/Model.class.php 第 445 行.
SQL: UPDATE `pk` SET `score1`='74' WHERE `pk_id` = 3330 [ RunTime:0.0110s ]
SQL: SELECT * FROM `pk` WHERE `pk_id` = 3330  [ RunTime:0.0003s ]

[ 2017-06-03T17:20:03+08:00 ] 112.96.161.169 /ScoreBoard/app.php/Home/Index/add_score/reg_id/1/pk_id/3330/team/1/add_score/2
INFO: [ app_init ] --START--
INFO: Run Behavior\BuildLiteBehavior [ RunTime:0.000012s ]
INFO: [ app_init ] --END-- [ RunTime:0.000227s ]
INFO: [ app_begin ] --START--
INFO: Run Behavior\ReadHtmlCacheBehavior [ RunTime:0.000288s ]
INFO: [ app_begin ] --END-- [ RunTime:0.000336s ]
SQL: SHOW COLUMNS FROM `pk` [ RunTime:0.0006s ]
SQL: SELECT * FROM `pk` WHERE `pk_id` = 3330  [ RunTime:0.0001s ]
SQL: SELECT * FROM `pk` WHERE `pk_id` = 3330  [ RunTime:0.0001s ]
NOTIC: [2] Illegal offset type in isset or empty /var/www/ScoreBoard/ThinkPHP/Library/Think/Model.class.php 第 445 行.
SQL: UPDATE `pk` SET `score1`='76' WHERE `pk_id` = 3330 [ RunTime:0.0103s ]
SQL: SELECT * FROM `pk` WHERE `pk_id` = 3330  [ RunTime:0.0002s ]

[ 2017-06-03T17:20:06+08:00 ] 112.96.161.169 /ScoreBoard/app.php/Home/Index/add_score/reg_id/1/pk_id/3330/team/1/add_score/1
INFO: [ app_init ] --START--
INFO: Run Behavior\BuildLiteBehavior [ RunTime:0.000014s ]
INFO: [ app_init ] --END-- [ RunTime:0.000237s ]
INFO: [ app_begin ] --START--
INFO: Run Behavior\ReadHtmlCacheBehavior [ RunTime:0.000285s ]
INFO: [ app_begin ] --END-- [ RunTime:0.000333s ]
SQL: SHOW COLUMNS FROM `pk` [ RunTime:0.0006s ]
SQL: SELECT * FROM `pk` WHERE `pk_id` = 3330  [ RunTime:0.0001s ]
SQL: SELECT * FROM `pk` WHERE `pk_id` = 3330  [ RunTime:0.0001s ]
NOTIC: [2] Illegal offset type in isset or empty /var/www/ScoreBoard/ThinkPHP/Library/Think/Model.class.php 第 445 行.
SQL: UPDATE `pk` SET `score1`='77' WHERE `pk_id` = 3330 [ RunTime:0.0120s ]
SQL: SELECT * FROM `pk` WHERE `pk_id` = 3330  [ RunTime:0.0002s ]

[ 2017-06-03T17:20:44+08:00 ] 112.96.161.169 /ScoreBoard/app.php/Home/Index/add_score/reg_id/1/pk_id/3330/team/1/add_score/2
INFO: [ app_init ] --START--
INFO: Run Behavior\BuildLiteBehavior [ RunTime:0.000012s ]
INFO: [ app_init ] --END-- [ RunTime:0.000228s ]
INFO: [ app_begin ] --START--
INFO: Run Behavior\ReadHtmlCacheBehavior [ RunTime:0.000282s ]
INFO: [ app_begin ] --END-- [ RunTime:0.000330s ]
SQL: SHOW COLUMNS FROM `pk` [ RunTime:0.0006s ]
SQL: SELECT * FROM `pk` WHERE `pk_id` = 3330  [ RunTime:0.0001s ]
SQL: SELECT * FROM `pk` WHERE `pk_id` = 3330  [ RunTime:0.0001s ]
NOTIC: [2] Illegal offset type in isset or empty /var/www/ScoreBoard/ThinkPHP/Library/Think/Model.class.php 第 445 行.
SQL: UPDATE `pk` SET `score1`='79' WHERE `pk_id` = 3330 [ RunTime:0.0116s ]
SQL: SELECT * FROM `pk` WHERE `pk_id` = 3330  [ RunTime:0.0003s ]

