[ 2017-05-13T08:45:18+08:00 ] 113.107.163.197 /ScoreBoard/app.php/Home/Search/search_place/id/province
INFO: [ app_init ] --START--
INFO: Run Behavior\BuildLiteBehavior [ RunTime:0.000010s ]
INFO: [ app_init ] --END-- [ RunTime:0.000217s ]
INFO: [ app_begin ] --START--
INFO: Run Behavior\ReadHtmlCacheBehavior [ RunTime:0.000328s ]
INFO: [ app_begin ] --END-- [ RunTime:0.000385s ]
SQL: SHOW COLUMNS FROM `province` [ RunTime:0.0003s ]
SQL: SELECT * FROM `province`  [ RunTime:0.0005s ]

[ 2017-05-13T08:45:18+08:00 ] 113.107.163.197 /ScoreBoard/app.php/Home/Login/do_login/login_pwd/123/phone_name/17322434548
INFO: [ app_init ] --START--
INFO: Run Behavior\BuildLiteBehavior [ RunTime:0.000014s ]
INFO: [ app_init ] --END-- [ RunTime:0.000243s ]
INFO: [ app_begin ] --START--
INFO: Run Behavior\ReadHtmlCacheBehavior [ RunTime:0.000289s ]
INFO: [ app_begin ] --END-- [ RunTime:0.000341s ]
SQL: SHOW COLUMNS FROM `reguser` [ RunTime:0.0006s ]
SQL: SELECT * FROM `reguser` WHERE `reg_phone` = '17322434548'  [ RunTime:0.0002s ]
SQL: SELECT * FROM `reguser` WHERE `reg_name` = '17322434548'  [ RunTime:0.0007s ]
SQL: SHOW COLUMNS FROM `user_team` [ RunTime:0.0011s ]
SQL: SELECT * FROM `user_team` WHERE `reg_id` = 54  [ RunTime:0.0001s ]
NOTIC: [8] Undefined offset: 0 /var/www/ScoreBoard/App/Home/Controller/LoginController.class.php 第 22 行.
SQL: SHOW COLUMNS FROM `team` [ RunTime:0.0004s ]
SQL: SELECT * FROM `team` WHERE `t_id` = null  [ RunTime:0.0001s ]
NOTIC: [8] Undefined offset: 0 /var/www/ScoreBoard/App/Home/Controller/LoginController.class.php 第 24 行.
NOTIC: [8] Undefined offset: 0 /var/www/ScoreBoard/App/Home/Controller/LoginController.class.php 第 25 行.
SQL: SHOW COLUMNS FROM `scoreboard` [ RunTime:0.0015s ]
SQL: SELECT * FROM `scoreboard` WHERE `reg_id` = 54  [ RunTime:0.0001s ]
NOTIC: [8] Undefined offset: 0 /var/www/ScoreBoard/App/Home/Controller/LoginController.class.php 第 27 行.
NOTIC: [8] Undefined offset: 0 /var/www/ScoreBoard/App/Home/Controller/LoginController.class.php 第 28 行.

[ 2017-05-13T08:45:19+08:00 ] 113.107.163.197 /ScoreBoard/app.php/Home/Index/recommend_pk/reg_id/54
INFO: [ app_init ] --START--
INFO: Run Behavior\BuildLiteBehavior [ RunTime:0.000013s ]
INFO: [ app_init ] --END-- [ RunTime:0.000267s ]
INFO: [ app_begin ] --START--
INFO: Run Behavior\ReadHtmlCacheBehavior [ RunTime:0.000282s ]
INFO: [ app_begin ] --END-- [ RunTime:0.000329s ]
SQL: SHOW COLUMNS FROM `reguser` [ RunTime:0.0006s ]
SQL: SELECT * FROM `reguser` WHERE `reg_id` = 54  [ RunTime:0.0001s ]
SQL: SHOW COLUMNS FROM `user_team` [ RunTime:0.0003s ]
SQL: SELECT * FROM `user_team` WHERE `reg_id` = 54  [ RunTime:0.0001s ]
SQL: SHOW COLUMNS FROM `team` [ RunTime:0.0004s ]
SQL: SELECT * FROM `team` ORDER BY t_level desc  [ RunTime:0.0001s ]

[ 2017-05-13T08:45:21+08:00 ] 113.107.163.197 /ScoreBoard/app.php/Home/Show/rank_user
INFO: [ app_init ] --START--
INFO: Run Behavior\BuildLiteBehavior [ RunTime:0.000014s ]
INFO: [ app_init ] --END-- [ RunTime:0.000232s ]
INFO: [ app_begin ] --START--
INFO: Run Behavior\ReadHtmlCacheBehavior [ RunTime:0.000285s ]
INFO: [ app_begin ] --END-- [ RunTime:0.000332s ]
SQL: SHOW COLUMNS FROM `reguser` [ RunTime:0.0013s ]
SQL: SELECT `reg_name`,`reg_winTime`,`reg_lostTime`,`reg_level` FROM `reguser` ORDER BY reg_level desc  [ RunTime:0.0011s ]

[ 2017-05-13T08:45:21+08:00 ] 113.107.163.197 /ScoreBoard/app.php/Home/Do/outnews_show
INFO: [ app_init ] --START--
INFO: Run Behavior\BuildLiteBehavior [ RunTime:0.000013s ]
INFO: [ app_init ] --END-- [ RunTime:0.000243s ]
INFO: [ app_begin ] --START--
INFO: Run Behavior\ReadHtmlCacheBehavior [ RunTime:0.000317s ]
INFO: [ app_begin ] --END-- [ RunTime:0.000366s ]
SQL: SHOW COLUMNS FROM `outnews` [ RunTime:0.0010s ]
SQL: SELECT * FROM `outnews`  [ RunTime:0.0019s ]

[ 2017-05-13T08:45:21+08:00 ] 113.107.163.197 /ScoreBoard/app.php/Home/Show/carousel_pic
INFO: [ app_init ] --START--
INFO: Run Behavior\BuildLiteBehavior [ RunTime:0.000013s ]
INFO: [ app_init ] --END-- [ RunTime:0.000268s ]
INFO: [ app_begin ] --START--
INFO: Run Behavior\ReadHtmlCacheBehavior [ RunTime:0.000316s ]
INFO: [ app_begin ] --END-- [ RunTime:0.000367s ]
SQL: SHOW COLUMNS FROM `pk` [ RunTime:0.0005s ]
SQL: SELECT `pk_name`,`image1` FROM `pk` LIMIT 0,3   [ RunTime:0.0040s ]

[ 2017-05-13T08:45:21+08:00 ] 113.107.163.197 /ScoreBoard/app.php/Home/Index/pk_myself/reg_id/54
INFO: [ app_init ] --START--
INFO: Run Behavior\BuildLiteBehavior [ RunTime:0.000011s ]
INFO: [ app_init ] --END-- [ RunTime:0.000219s ]
INFO: [ app_begin ] --START--
INFO: Run Behavior\ReadHtmlCacheBehavior [ RunTime:0.000278s ]
INFO: [ app_begin ] --END-- [ RunTime:0.000323s ]
SQL: SHOW COLUMNS FROM `user_team` [ RunTime:0.0003s ]
SQL: SELECT * FROM `user_team` WHERE `reg_id` = 54  [ RunTime:0.0041s ]

[ 2017-05-13T08:45:21+08:00 ] 113.107.163.197 /ScoreBoard/app.php/Home/Show/pk_show
INFO: [ app_init ] --START--
INFO: Run Behavior\BuildLiteBehavior [ RunTime:0.000015s ]
INFO: [ app_init ] --END-- [ RunTime:0.021505s ]
INFO: [ app_begin ] --START--
INFO: Run Behavior\ReadHtmlCacheBehavior [ RunTime:0.000288s ]
INFO: [ app_begin ] --END-- [ RunTime:0.000333s ]
SQL: SHOW COLUMNS FROM `pk` [ RunTime:0.0009s ]
SQL: SELECT * FROM `pk` WHERE `state` >= 1  [ RunTime:0.0013s ]
SQL: SHOW COLUMNS FROM `team` [ RunTime:0.0025s ]
SQL: SELECT * FROM `team` WHERE `t_id` = 1  [ RunTime:0.0022s ]
SQL: SELECT * FROM `team` WHERE `t_id` = 4  [ RunTime:0.0006s ]
SQL: SELECT * FROM `team` WHERE `t_id` = 1  [ RunTime:0.0030s ]
SQL: SELECT * FROM `team` WHERE `t_id` = 3  [ RunTime:0.0003s ]
SQL: SELECT * FROM `team` WHERE `t_id` = 2  [ RunTime:0.0012s ]
SQL: SELECT * FROM `team` WHERE `t_id` = 4  [ RunTime:0.0036s ]
SQL: SELECT * FROM `team` WHERE `t_id` = 2  [ RunTime:0.0010s ]
SQL: SELECT * FROM `team` WHERE `t_id` = 1  [ RunTime:0.0003s ]
SQL: SELECT * FROM `team` WHERE `t_id` = 1  [ RunTime:0.0003s ]
SQL: SELECT * FROM `team` WHERE `t_id` = 3  [ RunTime:0.0017s ]

[ 2017-05-13T08:45:21+08:00 ] 113.107.163.197 /ScoreBoard/app.php/Home/Show/show_publish
INFO: [ app_init ] --START--
INFO: Run Behavior\BuildLiteBehavior [ RunTime:0.000013s ]
INFO: [ app_init ] --END-- [ RunTime:0.000260s ]
INFO: [ app_begin ] --START--
INFO: Run Behavior\ReadHtmlCacheBehavior [ RunTime:0.000289s ]
INFO: [ app_begin ] --END-- [ RunTime:0.000335s ]
SQL: SHOW COLUMNS FROM `pk` [ RunTime:0.0006s ]
SQL: SELECT * FROM `pk` WHERE `state` = 0 AND `pk_character` <> 1  [ RunTime:0.0034s ]
SQL: SHOW COLUMNS FROM `team` [ RunTime:0.0008s ]
SQL: SELECT * FROM `team` WHERE `t_id` = 1  [ RunTime:0.0016s ]
SQL: SHOW COLUMNS FROM `user_team` [ RunTime:0.0013s ]
SQL: SELECT * FROM `user_team` WHERE `t_id` = 1  [ RunTime:0.0015s ]
SQL: SHOW COLUMNS FROM `scoreboard` [ RunTime:0.0008s ]
SQL: SELECT * FROM `scoreboard` WHERE `reg_id` = 2  [ RunTime:0.0030s ]
SQL: SELECT * FROM `team` WHERE `t_id` = 12  [ RunTime:0.0003s ]
SQL: SELECT * FROM `user_team` WHERE `t_id` = 12  [ RunTime:0.0005s ]
SQL: SELECT * FROM `scoreboard` WHERE `reg_id` = 6  [ RunTime:0.0025s ]
SQL: SELECT * FROM `team` WHERE `t_id` = 12  [ RunTime:0.0028s ]
SQL: SELECT * FROM `user_team` WHERE `t_id` = 12  [ RunTime:0.0003s ]
SQL: SELECT * FROM `scoreboard` WHERE `reg_id` = 6  [ RunTime:0.0003s ]
SQL: SELECT * FROM `team` WHERE `t_id` = 12  [ RunTime:0.0017s ]
SQL: SELECT * FROM `user_team` WHERE `t_id` = 12  [ RunTime:0.0007s ]
SQL: SELECT * FROM `scoreboard` WHERE `reg_id` = 6  [ RunTime:0.0024s ]
SQL: SELECT * FROM `team` WHERE `t_id` = 10  [ RunTime:0.0001s ]
NOTIC: [8] Undefined offset: 0 /var/www/ScoreBoard/App/Home/Controller/ShowController.class.php 第 118 行.
NOTIC: [8] Undefined offset: 0 /var/www/ScoreBoard/App/Home/Controller/ShowController.class.php 第 119 行.
NOTIC: [8] Undefined offset: 0 /var/www/ScoreBoard/App/Home/Controller/ShowController.class.php 第 120 行.
SQL: SELECT * FROM `user_team` WHERE `t_id` = 10  [ RunTime:0.0014s ]
NOTIC: [8] Undefined offset: 0 /var/www/ScoreBoard/App/Home/Controller/ShowController.class.php 第 122 行.
SQL: SELECT * FROM `scoreboard` WHERE `reg_id` = null  [ RunTime:0.0001s ]

[ 2017-05-13T08:45:21+08:00 ] 113.107.163.197 /ScoreBoard/app.php/Home/Show/rank_team
INFO: [ app_init ] --START--
INFO: Run Behavior\BuildLiteBehavior [ RunTime:0.000020s ]
INFO: [ app_init ] --END-- [ RunTime:0.000357s ]
INFO: [ app_begin ] --START--
INFO: Run Behavior\ReadHtmlCacheBehavior [ RunTime:0.000451s ]
INFO: [ app_begin ] --END-- [ RunTime:0.000525s ]
SQL: SHOW COLUMNS FROM `team` [ RunTime:0.0006s ]
SQL: SELECT `t_name`,`t_winTime`,`t_lostTime`,`t_level` FROM `team` ORDER BY t_level desc  [ RunTime:0.0001s ]

[ 2017-05-13T08:45:23+08:00 ] 113.107.163.197 /ScoreBoard/app.php/Home/Index/pk_myself/reg_id/54
INFO: [ app_init ] --START--
INFO: Run Behavior\BuildLiteBehavior [ RunTime:0.000019s ]
INFO: [ app_init ] --END-- [ RunTime:0.000511s ]
INFO: [ app_begin ] --START--
INFO: Run Behavior\ReadHtmlCacheBehavior [ RunTime:0.000334s ]
INFO: [ app_begin ] --END-- [ RunTime:0.000385s ]
SQL: SHOW COLUMNS FROM `user_team` [ RunTime:0.0005s ]
SQL: SELECT * FROM `user_team` WHERE `reg_id` = 54  [ RunTime:0.0001s ]

