[ 2017-05-18T23:37:40+08:00 ] 117.136.41.117 /ScoreBoard/app.php/Home/Search/search_place/id/province
INFO: [ app_init ] --START--
INFO: Run Behavior\BuildLiteBehavior [ RunTime:0.000019s ]
INFO: [ app_init ] --END-- [ RunTime:0.002834s ]
INFO: [ app_begin ] --START--
INFO: Run Behavior\ReadHtmlCacheBehavior [ RunTime:0.002161s ]
INFO: [ app_begin ] --END-- [ RunTime:0.002248s ]
SQL: SHOW COLUMNS FROM `province` [ RunTime:0.1203s ]
SQL: SELECT * FROM `province`  [ RunTime:0.0001s ]

[ 2017-05-18T23:37:40+08:00 ] 117.136.41.117 /ScoreBoard/app.php/Home/Login/do_login/login_pwd/888666/phone_name/13929702814
INFO: [ app_init ] --START--
INFO: Run Behavior\BuildLiteBehavior [ RunTime:0.000024s ]
INFO: [ app_init ] --END-- [ RunTime:0.002113s ]
INFO: [ app_begin ] --START--
INFO: Run Behavior\ReadHtmlCacheBehavior [ RunTime:0.002413s ]
INFO: [ app_begin ] --END-- [ RunTime:0.002475s ]
SQL: SHOW COLUMNS FROM `reguser` [ RunTime:0.1196s ]
SQL: SELECT * FROM `reguser` WHERE `reg_phone` = '13929702814'  [ RunTime:0.0007s ]
SQL: SELECT * FROM `reguser` WHERE `reg_name` = '13929702814'  [ RunTime:0.0001s ]
SQL: SHOW COLUMNS FROM `user_team` [ RunTime:0.0003s ]
SQL: SELECT * FROM `user_team` WHERE `reg_id` = 6  [ RunTime:0.0001s ]
SQL: SHOW COLUMNS FROM `team` [ RunTime:0.0004s ]
SQL: SELECT * FROM `team` WHERE `t_id` = 12  [ RunTime:0.0001s ]
SQL: SHOW COLUMNS FROM `scoreboard` [ RunTime:0.0003s ]
SQL: SELECT * FROM `scoreboard` WHERE `reg_id` = 6  [ RunTime:0.0001s ]

[ 2017-05-18T23:37:41+08:00 ] 117.136.41.117 /ScoreBoard/app.php/Home/Index/recommend_pk/reg_id/6
INFO: [ app_init ] --START--
INFO: Run Behavior\BuildLiteBehavior [ RunTime:0.000015s ]
INFO: [ app_init ] --END-- [ RunTime:0.000244s ]
INFO: [ app_begin ] --START--
INFO: Run Behavior\ReadHtmlCacheBehavior [ RunTime:0.000353s ]
INFO: [ app_begin ] --END-- [ RunTime:0.000404s ]
SQL: SHOW COLUMNS FROM `reguser` [ RunTime:0.0005s ]
SQL: SELECT * FROM `reguser` WHERE `reg_id` = 6  [ RunTime:0.0009s ]
SQL: SHOW COLUMNS FROM `user_team` [ RunTime:0.0007s ]
SQL: SELECT * FROM `user_team` WHERE `reg_id` = 6  [ RunTime:0.0004s ]
SQL: SHOW COLUMNS FROM `team` [ RunTime:0.0051s ]
SQL: SELECT * FROM `team` WHERE `t_id` = 12  [ RunTime:0.0005s ]
SQL: SELECT * FROM `team` WHERE `t_level` <= '2' AND `t_id` <> '12' ORDER BY t_level desc  [ RunTime:0.0341s ]
SQL: SELECT * FROM `team` ORDER BY t_level desc  [ RunTime:0.0003s ]

[ 2017-05-18T23:37:43+08:00 ] 117.136.41.117 /ScoreBoard/app.php/Home/Show/rank_user
INFO: [ app_init ] --START--
INFO: Run Behavior\BuildLiteBehavior [ RunTime:0.000019s ]
INFO: [ app_init ] --END-- [ RunTime:0.000280s ]
INFO: [ app_begin ] --START--
INFO: Run Behavior\ReadHtmlCacheBehavior [ RunTime:0.000325s ]
INFO: [ app_begin ] --END-- [ RunTime:0.000380s ]
SQL: SHOW COLUMNS FROM `reguser` [ RunTime:0.0039s ]
SQL: SELECT `reg_name`,`reg_winTime`,`reg_lostTime`,`reg_level` FROM `reguser` ORDER BY reg_level desc  [ RunTime:0.0015s ]

[ 2017-05-18T23:37:43+08:00 ] 117.136.41.117 /ScoreBoard/app.php/Home/Show/rank_team
INFO: [ app_init ] --START--
INFO: Run Behavior\BuildLiteBehavior [ RunTime:0.000015s ]
INFO: [ app_init ] --END-- [ RunTime:0.000254s ]
INFO: [ app_begin ] --START--
INFO: Run Behavior\ReadHtmlCacheBehavior [ RunTime:0.000295s ]
INFO: [ app_begin ] --END-- [ RunTime:0.000342s ]
SQL: SHOW COLUMNS FROM `team` [ RunTime:0.0009s ]
SQL: SELECT `t_name`,`t_winTime`,`t_lostTime`,`t_level` FROM `team` ORDER BY t_level desc  [ RunTime:0.0125s ]

[ 2017-05-18T23:37:43+08:00 ] 117.136.41.117 /ScoreBoard/app.php/Home/Do/outnews_show
INFO: [ app_init ] --START--
INFO: Run Behavior\BuildLiteBehavior [ RunTime:0.000016s ]
INFO: [ app_init ] --END-- [ RunTime:0.000292s ]
INFO: [ app_begin ] --START--
INFO: Run Behavior\ReadHtmlCacheBehavior [ RunTime:0.000317s ]
INFO: [ app_begin ] --END-- [ RunTime:0.000367s ]
SQL: SHOW COLUMNS FROM `outnews` [ RunTime:0.0048s ]
SQL: SELECT * FROM `outnews`  [ RunTime:0.0090s ]

[ 2017-05-18T23:37:43+08:00 ] 117.136.41.117 /ScoreBoard/app.php/Home/Show/pk_show
INFO: [ app_init ] --START--
INFO: Run Behavior\BuildLiteBehavior [ RunTime:0.000016s ]
INFO: [ app_init ] --END-- [ RunTime:0.000247s ]
INFO: [ app_begin ] --START--
INFO: Run Behavior\ReadHtmlCacheBehavior [ RunTime:0.000302s ]
INFO: [ app_begin ] --END-- [ RunTime:0.000348s ]
SQL: SHOW COLUMNS FROM `pk` [ RunTime:0.0015s ]
SQL: SELECT * FROM `pk` WHERE `state` >= 1  [ RunTime:0.0081s ]
SQL: SHOW COLUMNS FROM `team` [ RunTime:0.0024s ]
SQL: SELECT * FROM `team` WHERE `t_id` = 1  [ RunTime:0.0066s ]
SQL: SELECT * FROM `team` WHERE `t_id` = 4  [ RunTime:0.0034s ]
SQL: SELECT * FROM `team` WHERE `t_id` = 1  [ RunTime:0.0023s ]
SQL: SELECT * FROM `team` WHERE `t_id` = 3  [ RunTime:0.0176s ]
SQL: SELECT * FROM `team` WHERE `t_id` = 2  [ RunTime:0.0038s ]
SQL: SELECT * FROM `team` WHERE `t_id` = 4  [ RunTime:0.0014s ]
SQL: SELECT * FROM `team` WHERE `t_id` = 2  [ RunTime:0.0020s ]
SQL: SELECT * FROM `team` WHERE `t_id` = 1  [ RunTime:0.0021s ]
SQL: SELECT * FROM `team` WHERE `t_id` = 1  [ RunTime:0.0020s ]
SQL: SELECT * FROM `team` WHERE `t_id` = 3  [ RunTime:0.0021s ]

[ 2017-05-18T23:37:43+08:00 ] 117.136.41.117 /ScoreBoard/app.php/Home/Show/show_publish
INFO: [ app_init ] --START--
INFO: Run Behavior\BuildLiteBehavior [ RunTime:0.000020s ]
INFO: [ app_init ] --END-- [ RunTime:0.011616s ]
INFO: [ app_begin ] --START--
INFO: Run Behavior\ReadHtmlCacheBehavior [ RunTime:0.000309s ]
INFO: [ app_begin ] --END-- [ RunTime:0.000356s ]
SQL: SHOW COLUMNS FROM `pk` [ RunTime:0.0012s ]
SQL: SELECT * FROM `pk` WHERE `state` = 0 AND `pk_character` <> 1  [ RunTime:0.0116s ]
SQL: SHOW COLUMNS FROM `team` [ RunTime:0.0011s ]
SQL: SELECT * FROM `team` WHERE `t_id` = 1  [ RunTime:0.0098s ]
SQL: SHOW COLUMNS FROM `user_team` [ RunTime:0.0006s ]
SQL: SELECT * FROM `user_team` WHERE `t_id` = 1  [ RunTime:0.0053s ]
SQL: SHOW COLUMNS FROM `scoreboard` [ RunTime:0.0019s ]
SQL: SELECT * FROM `scoreboard` WHERE `reg_id` = 2  [ RunTime:0.0153s ]
SQL: SELECT * FROM `team` WHERE `t_id` = 12  [ RunTime:0.0024s ]
SQL: SELECT * FROM `user_team` WHERE `t_id` = 12  [ RunTime:0.0023s ]
SQL: SELECT * FROM `scoreboard` WHERE `reg_id` = 6  [ RunTime:0.0022s ]
SQL: SELECT * FROM `team` WHERE `t_id` = 12  [ RunTime:0.0021s ]
SQL: SELECT * FROM `user_team` WHERE `t_id` = 12  [ RunTime:0.0011s ]
SQL: SELECT * FROM `scoreboard` WHERE `reg_id` = 6  [ RunTime:0.0056s ]
SQL: SELECT * FROM `team` WHERE `t_id` = 12  [ RunTime:0.0011s ]
SQL: SELECT * FROM `user_team` WHERE `t_id` = 12  [ RunTime:0.0014s ]
SQL: SELECT * FROM `scoreboard` WHERE `reg_id` = 6  [ RunTime:0.0125s ]
SQL: SELECT * FROM `team` WHERE `t_id` = 10  [ RunTime:0.0014s ]
NOTIC: [8] Undefined offset: 0 /var/www/ScoreBoard/App/Home/Controller/ShowController.class.php 第 118 行.
NOTIC: [8] Undefined offset: 0 /var/www/ScoreBoard/App/Home/Controller/ShowController.class.php 第 119 行.
NOTIC: [8] Undefined offset: 0 /var/www/ScoreBoard/App/Home/Controller/ShowController.class.php 第 120 行.
SQL: SELECT * FROM `user_team` WHERE `t_id` = 10  [ RunTime:0.0014s ]
NOTIC: [8] Undefined offset: 0 /var/www/ScoreBoard/App/Home/Controller/ShowController.class.php 第 122 行.
SQL: SELECT * FROM `scoreboard` WHERE `reg_id` = null  [ RunTime:0.0013s ]

[ 2017-05-18T23:37:43+08:00 ] 117.136.41.117 /ScoreBoard/app.php/Home/Index/pk_myself/reg_id/6
INFO: [ app_init ] --START--
INFO: Run Behavior\BuildLiteBehavior [ RunTime:0.000017s ]
INFO: [ app_init ] --END-- [ RunTime:0.000264s ]
INFO: [ app_begin ] --START--
INFO: Run Behavior\ReadHtmlCacheBehavior [ RunTime:0.000312s ]
INFO: [ app_begin ] --END-- [ RunTime:0.000371s ]
SQL: SHOW COLUMNS FROM `user_team` [ RunTime:0.0015s ]
SQL: SELECT * FROM `user_team` WHERE `reg_id` = 6  [ RunTime:0.0031s ]
SQL: SHOW COLUMNS FROM `reg_league` [ RunTime:0.0049s ]
SQL: SELECT * FROM `reg_league` WHERE `reg_id` = 6  [ RunTime:0.0153s ]
SQL: SHOW COLUMNS FROM `pk` [ RunTime:0.0018s ]
SQL: SELECT * FROM `pk` WHERE `pk_id` = 220  [ RunTime:0.0031s ]
SQL: SHOW COLUMNS FROM `team` [ RunTime:0.0022s ]
SQL: SELECT * FROM `team` WHERE `t_id` = 12  [ RunTime:0.0019s ]
NOTIC: [8] Undefined index: t_id2 /var/www/ScoreBoard/App/Home/Controller/IndexController.class.php 第 433 行.
SQL: SELECT * FROM `team` WHERE `t_id` = null  [ RunTime:0.0026s ]
NOTIC: [8] Undefined offset: 0 /var/www/ScoreBoard/App/Home/Controller/IndexController.class.php 第 435 行.
NOTIC: [8] Undefined offset: 0 /var/www/ScoreBoard/App/Home/Controller/IndexController.class.php 第 436 行.
SQL: SELECT * FROM `pk` WHERE `pk_id` = 292  [ RunTime:0.0056s ]
SQL: SELECT * FROM `team` WHERE `t_id` = 12  [ RunTime:0.0013s ]
NOTIC: [8] Undefined index: t_id2 /var/www/ScoreBoard/App/Home/Controller/IndexController.class.php 第 433 行.
SQL: SELECT * FROM `team` WHERE `t_id` = null  [ RunTime:0.0009s ]
NOTIC: [8] Undefined offset: 0 /var/www/ScoreBoard/App/Home/Controller/IndexController.class.php 第 435 行.
NOTIC: [8] Undefined offset: 0 /var/www/ScoreBoard/App/Home/Controller/IndexController.class.php 第 436 行.
SQL: SELECT * FROM `pk` WHERE `pk_id` = 297  [ RunTime:0.0130s ]
SQL: SELECT * FROM `team` WHERE `t_id` = 12  [ RunTime:0.0013s ]
NOTIC: [8] Undefined index: t_id2 /var/www/ScoreBoard/App/Home/Controller/IndexController.class.php 第 433 行.
SQL: SELECT * FROM `team` WHERE `t_id` = null  [ RunTime:0.0012s ]
NOTIC: [8] Undefined offset: 0 /var/www/ScoreBoard/App/Home/Controller/IndexController.class.php 第 435 行.
NOTIC: [8] Undefined offset: 0 /var/www/ScoreBoard/App/Home/Controller/IndexController.class.php 第 436 行.
SQL: SELECT * FROM `pk` WHERE `t_id2` = '12' AND `pk_character` = 0  [ RunTime:0.0023s ]
SQL: SELECT * FROM `pk` WHERE `t_id1` = '12' AND `pk_character` = 0  [ RunTime:0.0005s ]
SQL: SELECT * FROM `team` WHERE `t_id` = 12  [ RunTime:0.0002s ]
SQL: SELECT * FROM `team` WHERE `t_id` = 0  [ RunTime:0.0041s ]
NOTIC: [8] Undefined offset: 0 /var/www/ScoreBoard/App/Home/Controller/IndexController.class.php 第 472 行.
NOTIC: [8] Undefined offset: 0 /var/www/ScoreBoard/App/Home/Controller/IndexController.class.php 第 473 行.
SQL: SELECT * FROM `team` WHERE `t_id` = 12  [ RunTime:0.0006s ]
SQL: SELECT * FROM `team` WHERE `t_id` = 0  [ RunTime:0.0006s ]
NOTIC: [8] Undefined offset: 0 /var/www/ScoreBoard/App/Home/Controller/IndexController.class.php 第 472 行.
NOTIC: [8] Undefined offset: 0 /var/www/ScoreBoard/App/Home/Controller/IndexController.class.php 第 473 行.
SQL: SELECT * FROM `team` WHERE `t_id` = 12  [ RunTime:0.0004s ]
SQL: SELECT * FROM `team` WHERE `t_id` = 0  [ RunTime:0.0004s ]
NOTIC: [8] Undefined offset: 0 /var/www/ScoreBoard/App/Home/Controller/IndexController.class.php 第 472 行.
NOTIC: [8] Undefined offset: 0 /var/www/ScoreBoard/App/Home/Controller/IndexController.class.php 第 473 行.
SQL: SELECT * FROM `pk` WHERE `t_id1` = '12' AND `pk_character` = 2  [ RunTime:0.0025s ]
NOTIC: [8] Undefined variable: data4 /var/www/ScoreBoard/App/Home/Controller/IndexController.class.php 第 501 行.
NOTIC: [8] Undefined variable: data2 /var/www/ScoreBoard/App/Home/Controller/IndexController.class.php 第 502 行.

[ 2017-05-18T23:37:43+08:00 ] 117.136.41.117 /ScoreBoard/app.php/Home/Show/carousel_pic
INFO: [ app_init ] --START--
INFO: Run Behavior\BuildLiteBehavior [ RunTime:0.000019s ]
INFO: [ app_init ] --END-- [ RunTime:0.000397s ]
INFO: [ app_begin ] --START--
INFO: Run Behavior\ReadHtmlCacheBehavior [ RunTime:0.000352s ]
INFO: [ app_begin ] --END-- [ RunTime:0.000403s ]
SQL: SHOW COLUMNS FROM `pk` [ RunTime:0.0005s ]
SQL: SELECT `pk_name`,`image1` FROM `pk` LIMIT 0,3   [ RunTime:0.0002s ]

