[ 2017-05-11T22:36:31+08:00 ] 117.136.79.199 /ScoreBoard/app.php/Home/Login/do_login/login_pwd/888666/phone_name/13929702814
INFO: [ app_init ] --START--
INFO: Run Behavior\BuildLiteBehavior [ RunTime:0.000011s ]
INFO: [ app_init ] --END-- [ RunTime:0.000219s ]
INFO: [ app_begin ] --START--
INFO: Run Behavior\ReadHtmlCacheBehavior [ RunTime:0.000357s ]
INFO: [ app_begin ] --END-- [ RunTime:0.000432s ]
SQL: SHOW COLUMNS FROM `reguser` [ RunTime:0.0006s ]
SQL: SELECT * FROM `reguser` WHERE `reg_phone` = '13929702814'  [ RunTime:0.0001s ]
SQL: SELECT * FROM `reguser` WHERE `reg_name` = '13929702814'  [ RunTime:0.0001s ]
SQL: SHOW COLUMNS FROM `user_team` [ RunTime:0.0003s ]
SQL: SELECT * FROM `user_team` WHERE `reg_id` = 6  [ RunTime:0.0001s ]
SQL: SHOW COLUMNS FROM `team` [ RunTime:0.0004s ]
SQL: SELECT * FROM `team` WHERE `t_id` = 12  [ RunTime:0.0001s ]
SQL: SHOW COLUMNS FROM `scoreboard` [ RunTime:0.0003s ]
SQL: SELECT * FROM `scoreboard` WHERE `reg_id` = 6  [ RunTime:0.0001s ]

[ 2017-05-11T22:36:31+08:00 ] 117.136.79.199 /ScoreBoard/app.php/Home/Search/search_place/id/province
INFO: [ app_init ] --START--
INFO: Run Behavior\BuildLiteBehavior [ RunTime:0.000014s ]
INFO: [ app_init ] --END-- [ RunTime:0.000244s ]
INFO: [ app_begin ] --START--
INFO: Run Behavior\ReadHtmlCacheBehavior [ RunTime:0.000304s ]
INFO: [ app_begin ] --END-- [ RunTime:0.000372s ]
SQL: SHOW COLUMNS FROM `province` [ RunTime:0.0005s ]
SQL: SELECT * FROM `province`  [ RunTime:0.0001s ]

[ 2017-05-11T22:36:32+08:00 ] 117.136.79.199 /ScoreBoard/app.php/Home/Index/recommend_pk/reg_id/6
INFO: [ app_init ] --START--
INFO: Run Behavior\BuildLiteBehavior [ RunTime:0.000014s ]
INFO: [ app_init ] --END-- [ RunTime:0.000239s ]
INFO: [ app_begin ] --START--
INFO: Run Behavior\ReadHtmlCacheBehavior [ RunTime:0.000294s ]
INFO: [ app_begin ] --END-- [ RunTime:0.000341s ]
SQL: SHOW COLUMNS FROM `reguser` [ RunTime:0.0006s ]
SQL: SELECT * FROM `reguser` WHERE `reg_id` = 6  [ RunTime:0.0001s ]
SQL: SHOW COLUMNS FROM `user_team` [ RunTime:0.0003s ]
SQL: SELECT * FROM `user_team` WHERE `reg_id` = 6  [ RunTime:0.0001s ]
SQL: SHOW COLUMNS FROM `team` [ RunTime:0.0004s ]
SQL: SELECT * FROM `team` WHERE `t_id` = 12  [ RunTime:0.0001s ]
SQL: SELECT * FROM `team` WHERE `t_level` <= '2' AND `t_id` <> '12' ORDER BY t_level desc  [ RunTime:0.0001s ]
SQL: SELECT * FROM `team` ORDER BY t_level desc  [ RunTime:0.0001s ]

[ 2017-05-11T22:36:34+08:00 ] 117.136.79.199 /ScoreBoard/app.php/Home/Show/carousel_pic
INFO: [ app_init ] --START--
INFO: Run Behavior\BuildLiteBehavior [ RunTime:0.000015s ]
INFO: [ app_init ] --END-- [ RunTime:0.000284s ]
INFO: [ app_begin ] --START--
INFO: Run Behavior\ReadHtmlCacheBehavior [ RunTime:0.000337s ]
INFO: [ app_begin ] --END-- [ RunTime:0.000387s ]
SQL: SHOW COLUMNS FROM `pk` [ RunTime:0.0006s ]
SQL: SELECT `pk_name`,`image1` FROM `pk` LIMIT 0,3   [ RunTime:0.0028s ]

[ 2017-05-11T22:36:34+08:00 ] 117.136.79.199 /ScoreBoard/app.php/Home/Show/rank_team
INFO: [ app_init ] --START--
INFO: Run Behavior\BuildLiteBehavior [ RunTime:0.000013s ]
INFO: [ app_init ] --END-- [ RunTime:0.000253s ]
INFO: [ app_begin ] --START--
INFO: Run Behavior\ReadHtmlCacheBehavior [ RunTime:0.000290s ]
INFO: [ app_begin ] --END-- [ RunTime:0.010477s ]
SQL: SHOW COLUMNS FROM `team` [ RunTime:0.0008s ]
SQL: SELECT `t_name`,`t_winTime`,`t_lostTime`,`t_level` FROM `team` ORDER BY t_level desc  [ RunTime:0.0012s ]

[ 2017-05-11T22:36:34+08:00 ] 117.136.79.199 /ScoreBoard/app.php/Home/Do/outnews_show
INFO: [ app_init ] --START--
INFO: Run Behavior\BuildLiteBehavior [ RunTime:0.000013s ]
INFO: [ app_init ] --END-- [ RunTime:0.000252s ]
INFO: [ app_begin ] --START--
INFO: Run Behavior\ReadHtmlCacheBehavior [ RunTime:0.000297s ]
INFO: [ app_begin ] --END-- [ RunTime:0.000344s ]
SQL: SHOW COLUMNS FROM `outnews` [ RunTime:0.0019s ]
SQL: SELECT * FROM `outnews`  [ RunTime:0.0019s ]

[ 2017-05-11T22:36:34+08:00 ] 117.136.79.199 /ScoreBoard/app.php/Home/Show/rank_user
INFO: [ app_init ] --START--
INFO: Run Behavior\BuildLiteBehavior [ RunTime:0.000013s ]
INFO: [ app_init ] --END-- [ RunTime:0.000237s ]
INFO: [ app_begin ] --START--
INFO: Run Behavior\ReadHtmlCacheBehavior [ RunTime:0.000292s ]
INFO: [ app_begin ] --END-- [ RunTime:0.000339s ]
SQL: SHOW COLUMNS FROM `reguser` [ RunTime:0.0004s ]
SQL: SELECT `reg_name`,`reg_winTime`,`reg_lostTime`,`reg_level` FROM `reguser` ORDER BY reg_level desc  [ RunTime:0.0031s ]

[ 2017-05-11T22:36:34+08:00 ] 117.136.79.199 /ScoreBoard/app.php/Home/Show/show_publish
INFO: [ app_init ] --START--
INFO: Run Behavior\BuildLiteBehavior [ RunTime:0.000012s ]
INFO: [ app_init ] --END-- [ RunTime:0.000222s ]
INFO: [ app_begin ] --START--
INFO: Run Behavior\ReadHtmlCacheBehavior [ RunTime:0.000284s ]
INFO: [ app_begin ] --END-- [ RunTime:0.000332s ]
SQL: SHOW COLUMNS FROM `pk` [ RunTime:0.0009s ]
SQL: SELECT * FROM `pk` WHERE `state` = 0 AND `pk_character` <> 1  [ RunTime:0.0027s ]
SQL: SHOW COLUMNS FROM `team` [ RunTime:0.0020s ]
SQL: SELECT * FROM `team` WHERE `t_id` = 1  [ RunTime:0.0022s ]
SQL: SHOW COLUMNS FROM `user_team` [ RunTime:0.0010s ]
SQL: SELECT * FROM `user_team` WHERE `t_id` = 1  [ RunTime:0.0016s ]
SQL: SHOW COLUMNS FROM `scoreboard` [ RunTime:0.0022s ]
SQL: SELECT * FROM `scoreboard` WHERE `reg_id` = 2  [ RunTime:0.0016s ]
SQL: SELECT * FROM `team` WHERE `t_id` = 12  [ RunTime:0.0007s ]
SQL: SELECT * FROM `user_team` WHERE `t_id` = 12  [ RunTime:0.0005s ]
SQL: SELECT * FROM `scoreboard` WHERE `reg_id` = 6  [ RunTime:0.0011s ]
SQL: SELECT * FROM `team` WHERE `t_id` = 12  [ RunTime:0.0003s ]
SQL: SELECT * FROM `user_team` WHERE `t_id` = 12  [ RunTime:0.0007s ]
SQL: SELECT * FROM `scoreboard` WHERE `reg_id` = 6  [ RunTime:0.0006s ]
SQL: SELECT * FROM `team` WHERE `t_id` = 12  [ RunTime:0.0005s ]
SQL: SELECT * FROM `user_team` WHERE `t_id` = 12  [ RunTime:0.0005s ]
SQL: SELECT * FROM `scoreboard` WHERE `reg_id` = 6  [ RunTime:0.0004s ]

[ 2017-05-11T22:36:34+08:00 ] 117.136.79.199 /ScoreBoard/app.php/Home/Show/pk_show
INFO: [ app_init ] --START--
INFO: Run Behavior\BuildLiteBehavior [ RunTime:0.000012s ]
INFO: [ app_init ] --END-- [ RunTime:0.000228s ]
INFO: [ app_begin ] --START--
INFO: Run Behavior\ReadHtmlCacheBehavior [ RunTime:0.000315s ]
INFO: [ app_begin ] --END-- [ RunTime:0.000362s ]
SQL: SHOW COLUMNS FROM `pk` [ RunTime:0.0007s ]
SQL: SELECT * FROM `pk` WHERE `state` >= 1  [ RunTime:0.0017s ]
SQL: SHOW COLUMNS FROM `team` [ RunTime:0.0016s ]
SQL: SELECT * FROM `team` WHERE `t_id` = 1  [ RunTime:0.0027s ]
SQL: SELECT * FROM `team` WHERE `t_id` = 10  [ RunTime:0.0021s ]
NOTIC: [8] Undefined offset: 0 /var/www/ScoreBoard/App/Home/Controller/ShowController.class.php 第 75 行.
NOTIC: [8] Undefined offset: 0 /var/www/ScoreBoard/App/Home/Controller/ShowController.class.php 第 76 行.
SQL: SELECT * FROM `team` WHERE `t_id` = 1  [ RunTime:0.0021s ]
SQL: SELECT * FROM `team` WHERE `t_id` = 3  [ RunTime:0.0007s ]
SQL: SELECT * FROM `team` WHERE `t_id` = 2  [ RunTime:0.0005s ]
SQL: SELECT * FROM `team` WHERE `t_id` = 4  [ RunTime:0.0011s ]
SQL: SELECT * FROM `team` WHERE `t_id` = 2  [ RunTime:0.0003s ]
SQL: SELECT * FROM `team` WHERE `t_id` = 3  [ RunTime:0.0007s ]
SQL: SELECT * FROM `team` WHERE `t_id` = 2  [ RunTime:0.0006s ]
SQL: SELECT * FROM `team` WHERE `t_id` = 1  [ RunTime:0.0005s ]
SQL: SELECT * FROM `team` WHERE `t_id` = 1  [ RunTime:0.0005s ]
SQL: SELECT * FROM `team` WHERE `t_id` = 3  [ RunTime:0.0010s ]
SQL: SELECT * FROM `team` WHERE `t_id` = 2  [ RunTime:0.0003s ]
SQL: SELECT * FROM `team` WHERE `t_id` = 0  [ RunTime:0.0003s ]
NOTIC: [8] Undefined offset: 0 /var/www/ScoreBoard/App/Home/Controller/ShowController.class.php 第 75 行.
NOTIC: [8] Undefined offset: 0 /var/www/ScoreBoard/App/Home/Controller/ShowController.class.php 第 76 行.
SQL: SELECT * FROM `team` WHERE `t_id` = 0  [ RunTime:0.0013s ]
NOTIC: [8] Undefined offset: 0 /var/www/ScoreBoard/App/Home/Controller/ShowController.class.php 第 71 行.
NOTIC: [8] Undefined offset: 0 /var/www/ScoreBoard/App/Home/Controller/ShowController.class.php 第 72 行.
SQL: SELECT * FROM `team` WHERE `t_id` = 0  [ RunTime:0.0005s ]
NOTIC: [8] Undefined offset: 0 /var/www/ScoreBoard/App/Home/Controller/ShowController.class.php 第 75 行.
NOTIC: [8] Undefined offset: 0 /var/www/ScoreBoard/App/Home/Controller/ShowController.class.php 第 76 行.

[ 2017-05-11T22:36:34+08:00 ] 117.136.79.199 /ScoreBoard/app.php/Home/Index/pk_myself/reg_id/6
INFO: [ app_init ] --START--
INFO: Run Behavior\BuildLiteBehavior [ RunTime:0.000013s ]
INFO: [ app_init ] --END-- [ RunTime:0.000256s ]
INFO: [ app_begin ] --START--
INFO: Run Behavior\ReadHtmlCacheBehavior [ RunTime:0.000320s ]
INFO: [ app_begin ] --END-- [ RunTime:0.000367s ]
SQL: SHOW COLUMNS FROM `user_team` [ RunTime:0.0009s ]
SQL: SELECT * FROM `user_team` WHERE `reg_id` = 6  [ RunTime:0.0017s ]
SQL: SHOW COLUMNS FROM `reg_league` [ RunTime:0.0008s ]
SQL: SELECT * FROM `reg_league` WHERE `reg_id` = 6  [ RunTime:0.0005s ]
SQL: SHOW COLUMNS FROM `pk` [ RunTime:0.0004s ]
SQL: SELECT * FROM `pk` WHERE `pk_id` = 220  [ RunTime:0.0009s ]
SQL: SHOW COLUMNS FROM `team` [ RunTime:0.0008s ]
SQL: SELECT * FROM `team` WHERE `t_id` = 12  [ RunTime:0.0005s ]
NOTIC: [8] Undefined index: t_id2 /var/www/ScoreBoard/App/Home/Controller/IndexController.class.php 第 433 行.
SQL: SELECT * FROM `team` WHERE `t_id` = null  [ RunTime:0.0005s ]
NOTIC: [8] Undefined offset: 0 /var/www/ScoreBoard/App/Home/Controller/IndexController.class.php 第 435 行.
NOTIC: [8] Undefined offset: 0 /var/www/ScoreBoard/App/Home/Controller/IndexController.class.php 第 436 行.
SQL: SELECT * FROM `pk` WHERE `pk_id` = 292  [ RunTime:0.0012s ]
SQL: SELECT * FROM `team` WHERE `t_id` = 12  [ RunTime:0.0003s ]
NOTIC: [8] Undefined index: t_id2 /var/www/ScoreBoard/App/Home/Controller/IndexController.class.php 第 433 行.
SQL: SELECT * FROM `team` WHERE `t_id` = null  [ RunTime:0.0003s ]
NOTIC: [8] Undefined offset: 0 /var/www/ScoreBoard/App/Home/Controller/IndexController.class.php 第 435 行.
NOTIC: [8] Undefined offset: 0 /var/www/ScoreBoard/App/Home/Controller/IndexController.class.php 第 436 行.
SQL: SELECT * FROM `pk` WHERE `t_id2` = '12' AND `pk_character` = 0  [ RunTime:0.0018s ]
SQL: SELECT * FROM `pk` WHERE `t_id1` = '12' AND `pk_character` = 0  [ RunTime:0.0001s ]
SQL: SELECT * FROM `team` WHERE `t_id` = 12  [ RunTime:0.0007s ]
SQL: SELECT * FROM `team` WHERE `t_id` = 0  [ RunTime:0.0001s ]
NOTIC: [8] Undefined offset: 0 /var/www/ScoreBoard/App/Home/Controller/IndexController.class.php 第 472 行.
NOTIC: [8] Undefined offset: 0 /var/www/ScoreBoard/App/Home/Controller/IndexController.class.php 第 473 行.
SQL: SELECT * FROM `team` WHERE `t_id` = 12  [ RunTime:0.0001s ]
SQL: SELECT * FROM `team` WHERE `t_id` = 0  [ RunTime:0.0013s ]
NOTIC: [8] Undefined offset: 0 /var/www/ScoreBoard/App/Home/Controller/IndexController.class.php 第 472 行.
NOTIC: [8] Undefined offset: 0 /var/www/ScoreBoard/App/Home/Controller/IndexController.class.php 第 473 行.
SQL: SELECT * FROM `team` WHERE `t_id` = 12  [ RunTime:0.0001s ]
SQL: SELECT * FROM `team` WHERE `t_id` = 0  [ RunTime:0.0001s ]
NOTIC: [8] Undefined offset: 0 /var/www/ScoreBoard/App/Home/Controller/IndexController.class.php 第 472 行.
NOTIC: [8] Undefined offset: 0 /var/www/ScoreBoard/App/Home/Controller/IndexController.class.php 第 473 行.
SQL: SELECT * FROM `pk` WHERE `t_id1` = '12' AND `pk_character` = 2  [ RunTime:0.0001s ]
NOTIC: [8] Undefined variable: data4 /var/www/ScoreBoard/App/Home/Controller/IndexController.class.php 第 501 行.
NOTIC: [8] Undefined variable: data2 /var/www/ScoreBoard/App/Home/Controller/IndexController.class.php 第 502 行.

[ 2017-05-11T22:37:43+08:00 ] 117.136.79.199 /ScoreBoard/app.php/Home/Index/map/jingdu/110.924494/weidu/21.669495
INFO: [ app_init ] --START--
INFO: Run Behavior\BuildLiteBehavior [ RunTime:0.000012s ]
INFO: [ app_init ] --END-- [ RunTime:0.000228s ]
INFO: [ app_begin ] --START--
INFO: Run Behavior\ReadHtmlCacheBehavior [ RunTime:0.000281s ]
INFO: [ app_begin ] --END-- [ RunTime:0.000351s ]
INFO: [ view_parse ] --START--
INFO: [ template_filter ] --START--
INFO: Run Behavior\ContentReplaceBehavior [ RunTime:0.000042s ]
INFO: [ template_filter ] --END-- [ RunTime:0.000123s ]
INFO: Run Behavior\ParseTemplateBehavior [ RunTime:0.092870s ]
INFO: [ view_parse ] --END-- [ RunTime:0.092935s ]
INFO: [ view_filter ] --START--
INFO: Run Behavior\WriteHtmlCacheBehavior [ RunTime:0.009372s ]
INFO: [ view_filter ] --END-- [ RunTime:0.009418s ]
INFO: [ app_end ] --START--
INFO: Run Behavior\ShowPageTraceBehavior [ RunTime:0.000336s ]
INFO: [ app_end ] --END-- [ RunTime:0.000387s ]

[ 2017-05-11T22:38:05+08:00 ] 117.136.79.199 /ScoreBoard/app.php/Home/Index/map/jingdu/110.924494/weidu/21.669495
INFO: [ app_init ] --START--
INFO: Run Behavior\BuildLiteBehavior [ RunTime:0.000012s ]
INFO: [ app_init ] --END-- [ RunTime:0.000228s ]
INFO: [ app_begin ] --START--
INFO: Run Behavior\ReadHtmlCacheBehavior [ RunTime:0.000283s ]
INFO: [ app_begin ] --END-- [ RunTime:0.000331s ]
INFO: [ view_parse ] --START--
INFO: [ template_filter ] --START--
INFO: Run Behavior\ContentReplaceBehavior [ RunTime:0.000030s ]
INFO: [ template_filter ] --END-- [ RunTime:0.000077s ]
INFO: Run Behavior\ParseTemplateBehavior [ RunTime:0.003979s ]
INFO: [ view_parse ] --END-- [ RunTime:0.004028s ]
INFO: [ view_filter ] --START--
INFO: Run Behavior\WriteHtmlCacheBehavior [ RunTime:0.000099s ]
INFO: [ view_filter ] --END-- [ RunTime:0.000142s ]
INFO: [ app_end ] --START--
INFO: Run Behavior\ShowPageTraceBehavior [ RunTime:0.000304s ]
INFO: [ app_end ] --END-- [ RunTime:0.000348s ]

