[ 2017-05-08T19:30:42+08:00 ] 101.226.33.238 /ScoreBoard/app.php/Home/Car/car_show
INFO: [ app_init ] --START--
INFO: Run Behavior\BuildLiteBehavior [ RunTime:0.000018s ]
INFO: [ app_init ] --END-- [ RunTime:0.000293s ]
INFO: [ app_begin ] --START--
INFO: Run Behavior\ReadHtmlCacheBehavior [ RunTime:0.000330s ]
INFO: [ app_begin ] --END-- [ RunTime:0.000382s ]

[ 2017-05-08T19:31:54+08:00 ] 180.153.206.21 /ScoreBoard/app.php/Home/Car/car_show
INFO: [ app_init ] --START--
INFO: Run Behavior\BuildLiteBehavior [ RunTime:0.000014s ]
INFO: [ app_init ] --END-- [ RunTime:0.000233s ]
INFO: [ app_begin ] --START--
INFO: Run Behavior\ReadHtmlCacheBehavior [ RunTime:0.000337s ]
INFO: [ app_begin ] --END-- [ RunTime:0.000385s ]

[ 2017-05-08T21:08:16+08:00 ] 113.107.163.197 /ScoreBoard/app.php/Home/Show/show_view_download?&_=1494248894251
INFO: [ app_init ] --START--
INFO: Run Behavior\BuildLiteBehavior [ RunTime:0.000015s ]
INFO: [ app_init ] --END-- [ RunTime:0.000245s ]
INFO: [ app_begin ] --START--
INFO: Run Behavior\ReadHtmlCacheBehavior [ RunTime:0.000296s ]
INFO: [ app_begin ] --END-- [ RunTime:0.000342s ]
SQL: SHOW COLUMNS FROM `number` [ RunTime:0.0005s ]
SQL: SELECT * FROM `number` WHERE `id` = 1  [ RunTime:0.0044s ]

[ 2017-05-08T21:56:45+08:00 ] 117.136.41.91 /ScoreBoard/app.php/Home/Login/do_login/login_pwd/888666/phone_name/13929702814
INFO: [ app_init ] --START--
INFO: Run Behavior\BuildLiteBehavior [ RunTime:0.000012s ]
INFO: [ app_init ] --END-- [ RunTime:0.000231s ]
INFO: [ app_begin ] --START--
INFO: Run Behavior\ReadHtmlCacheBehavior [ RunTime:0.000281s ]
INFO: [ app_begin ] --END-- [ RunTime:0.000329s ]
SQL: SHOW COLUMNS FROM `reguser` [ RunTime:0.0005s ]
SQL: SELECT * FROM `reguser` WHERE `reg_phone` = '13929702814'  [ RunTime:0.0001s ]
SQL: SELECT * FROM `reguser` WHERE `reg_name` = '13929702814'  [ RunTime:0.0001s ]
SQL: SHOW COLUMNS FROM `user_team` [ RunTime:0.0003s ]
SQL: SELECT * FROM `user_team` WHERE `reg_id` = 6  [ RunTime:0.0001s ]
SQL: SHOW COLUMNS FROM `team` [ RunTime:0.0004s ]
SQL: SELECT * FROM `team` WHERE `t_id` = 12  [ RunTime:0.0049s ]
SQL: SHOW COLUMNS FROM `scoreboard` [ RunTime:0.0003s ]
SQL: SELECT * FROM `scoreboard` WHERE `reg_id` = 6  [ RunTime:0.0001s ]

[ 2017-05-08T21:56:45+08:00 ] 117.136.41.91 /ScoreBoard/app.php/Home/Search/search_place/id/province
INFO: [ app_init ] --START--
INFO: Run Behavior\BuildLiteBehavior [ RunTime:0.000012s ]
INFO: [ app_init ] --END-- [ RunTime:0.000219s ]
INFO: [ app_begin ] --START--
INFO: Run Behavior\ReadHtmlCacheBehavior [ RunTime:0.000277s ]
INFO: [ app_begin ] --END-- [ RunTime:0.000324s ]
SQL: SHOW COLUMNS FROM `province` [ RunTime:0.0003s ]
SQL: SELECT * FROM `province`  [ RunTime:0.0001s ]

[ 2017-05-08T21:56:45+08:00 ] 117.136.41.91 /ScoreBoard/app.php/Home/Index/recommend_pk/reg_id/6
INFO: [ app_init ] --START--
INFO: Run Behavior\BuildLiteBehavior [ RunTime:0.000012s ]
INFO: [ app_init ] --END-- [ RunTime:0.000226s ]
INFO: [ app_begin ] --START--
INFO: Run Behavior\ReadHtmlCacheBehavior [ RunTime:0.000276s ]
INFO: [ app_begin ] --END-- [ RunTime:0.000322s ]
SQL: SHOW COLUMNS FROM `reguser` [ RunTime:0.0006s ]
SQL: SELECT * FROM `reguser` WHERE `reg_id` = 6  [ RunTime:0.0001s ]
SQL: SHOW COLUMNS FROM `user_team` [ RunTime:0.0003s ]
SQL: SELECT * FROM `user_team` WHERE `reg_id` = 6  [ RunTime:0.0001s ]
SQL: SHOW COLUMNS FROM `team` [ RunTime:0.0004s ]
SQL: SELECT * FROM `team` WHERE `t_id` = 12  [ RunTime:0.0001s ]
SQL: SELECT * FROM `team` WHERE `t_level` <= '2' AND `t_id` <> '12' ORDER BY t_level desc  [ RunTime:0.0001s ]
SQL: SELECT * FROM `team` ORDER BY t_level desc  [ RunTime:0.0001s ]

[ 2017-05-08T21:56:48+08:00 ] 117.136.41.91 /ScoreBoard/app.php/Home/Show/carousel_pic
INFO: [ app_init ] --START--
INFO: Run Behavior\BuildLiteBehavior [ RunTime:0.000011s ]
INFO: [ app_init ] --END-- [ RunTime:0.000228s ]
INFO: [ app_begin ] --START--
INFO: Run Behavior\ReadHtmlCacheBehavior [ RunTime:0.000285s ]
INFO: [ app_begin ] --END-- [ RunTime:0.000330s ]
SQL: SHOW COLUMNS FROM `pk` [ RunTime:0.0039s ]
SQL: SELECT `pk_name`,`image1` FROM `pk` LIMIT 0,3   [ RunTime:0.0001s ]

[ 2017-05-08T21:56:48+08:00 ] 117.136.41.91 /ScoreBoard/app.php/Home/Show/rank_user
INFO: [ app_init ] --START--
INFO: Run Behavior\BuildLiteBehavior [ RunTime:0.000012s ]
INFO: [ app_init ] --END-- [ RunTime:0.000226s ]
INFO: [ app_begin ] --START--
INFO: Run Behavior\ReadHtmlCacheBehavior [ RunTime:0.000302s ]
INFO: [ app_begin ] --END-- [ RunTime:0.000354s ]
SQL: SHOW COLUMNS FROM `reguser` [ RunTime:0.0006s ]
SQL: SELECT `reg_name`,`reg_winTime`,`reg_lostTime`,`reg_level` FROM `reguser` ORDER BY reg_level desc  [ RunTime:0.0054s ]

[ 2017-05-08T21:56:48+08:00 ] 117.136.41.91 /ScoreBoard/app.php/Home/Show/rank_team
INFO: [ app_init ] --START--
INFO: Run Behavior\BuildLiteBehavior [ RunTime:0.000011s ]
INFO: [ app_init ] --END-- [ RunTime:0.000224s ]
INFO: [ app_begin ] --START--
INFO: Run Behavior\ReadHtmlCacheBehavior [ RunTime:0.000284s ]
INFO: [ app_begin ] --END-- [ RunTime:0.000330s ]
SQL: SHOW COLUMNS FROM `team` [ RunTime:0.0004s ]
SQL: SELECT `t_name`,`t_winTime`,`t_lostTime`,`t_level` FROM `team` ORDER BY t_level desc  [ RunTime:0.0052s ]

[ 2017-05-08T21:56:48+08:00 ] 117.136.41.91 /ScoreBoard/app.php/Home/Show/show_publish
INFO: [ app_init ] --START--
INFO: Run Behavior\BuildLiteBehavior [ RunTime:0.000012s ]
INFO: [ app_init ] --END-- [ RunTime:0.000239s ]
INFO: [ app_begin ] --START--
INFO: Run Behavior\ReadHtmlCacheBehavior [ RunTime:0.000285s ]
INFO: [ app_begin ] --END-- [ RunTime:0.000332s ]
SQL: SHOW COLUMNS FROM `pk` [ RunTime:0.0006s ]
SQL: SELECT * FROM `pk` WHERE `state` = 0 AND `pk_character` <> 1  [ RunTime:0.0004s ]
SQL: SHOW COLUMNS FROM `team` [ RunTime:0.0004s ]
SQL: SELECT * FROM `team` WHERE `t_id` = 1  [ RunTime:0.0005s ]
SQL: SHOW COLUMNS FROM `user_team` [ RunTime:0.0007s ]
SQL: SELECT * FROM `user_team` WHERE `t_id` = 1  [ RunTime:0.0005s ]
SQL: SHOW COLUMNS FROM `scoreboard` [ RunTime:0.0019s ]
SQL: SELECT * FROM `scoreboard` WHERE `reg_id` = 2  [ RunTime:0.0003s ]

[ 2017-05-08T21:56:48+08:00 ] 117.136.41.91 /ScoreBoard/app.php/Home/Index/pk_myself/reg_id/6
INFO: [ app_init ] --START--
INFO: Run Behavior\BuildLiteBehavior [ RunTime:0.000014s ]
INFO: [ app_init ] --END-- [ RunTime:0.000245s ]
INFO: [ app_begin ] --START--
INFO: Run Behavior\ReadHtmlCacheBehavior [ RunTime:0.025141s ]
INFO: [ app_begin ] --END-- [ RunTime:0.025200s ]
SQL: SHOW COLUMNS FROM `user_team` [ RunTime:0.0007s ]
SQL: SELECT * FROM `user_team` WHERE `reg_id` = 6  [ RunTime:0.0003s ]
SQL: SHOW COLUMNS FROM `reg_league` [ RunTime:0.0025s ]
SQL: SELECT * FROM `reg_league` WHERE `reg_id` = 6  [ RunTime:0.0007s ]
SQL: SHOW COLUMNS FROM `pk` [ RunTime:0.0004s ]
SQL: SELECT * FROM `pk` WHERE `pk_id` = 220  [ RunTime:0.0001s ]
SQL: SHOW COLUMNS FROM `team` [ RunTime:0.0016s ]
SQL: SELECT * FROM `team` WHERE `t_id` = 12  [ RunTime:0.0011s ]
NOTIC: [8] Undefined index: t_id2 /var/www/ScoreBoard/App/Home/Controller/IndexController.class.php 第 433 行.
SQL: SELECT * FROM `team` WHERE `t_id` = null  [ RunTime:0.0001s ]
NOTIC: [8] Undefined offset: 0 /var/www/ScoreBoard/App/Home/Controller/IndexController.class.php 第 435 行.
NOTIC: [8] Undefined offset: 0 /var/www/ScoreBoard/App/Home/Controller/IndexController.class.php 第 436 行.
SQL: SELECT * FROM `pk` WHERE `pk_id` = 292  [ RunTime:0.0013s ]
SQL: SELECT * FROM `team` WHERE `t_id` = 12  [ RunTime:0.0001s ]
NOTIC: [8] Undefined index: t_id2 /var/www/ScoreBoard/App/Home/Controller/IndexController.class.php 第 433 行.
SQL: SELECT * FROM `team` WHERE `t_id` = null  [ RunTime:0.0012s ]
NOTIC: [8] Undefined offset: 0 /var/www/ScoreBoard/App/Home/Controller/IndexController.class.php 第 435 行.
NOTIC: [8] Undefined offset: 0 /var/www/ScoreBoard/App/Home/Controller/IndexController.class.php 第 436 行.
SQL: SELECT * FROM `pk` WHERE `t_id2` = '12' AND `pk_character` = 0  [ RunTime:0.0001s ]
SQL: SELECT * FROM `pk` WHERE `t_id1` = '12' AND `pk_character` = 0  [ RunTime:0.0001s ]
SQL: SELECT * FROM `pk` WHERE `t_id1` = '12' AND `pk_character` = 2  [ RunTime:0.0005s ]
NOTIC: [8] Undefined variable: data3 /var/www/ScoreBoard/App/Home/Controller/IndexController.class.php 第 500 行.
NOTIC: [8] Undefined variable: data4 /var/www/ScoreBoard/App/Home/Controller/IndexController.class.php 第 501 行.
NOTIC: [8] Undefined variable: data2 /var/www/ScoreBoard/App/Home/Controller/IndexController.class.php 第 502 行.

[ 2017-05-08T21:56:48+08:00 ] 117.136.41.91 /ScoreBoard/app.php/Home/Do/outnews_show
INFO: [ app_init ] --START--
INFO: Run Behavior\BuildLiteBehavior [ RunTime:0.000035s ]
INFO: [ app_init ] --END-- [ RunTime:0.000317s ]
INFO: [ app_begin ] --START--
INFO: Run Behavior\ReadHtmlCacheBehavior [ RunTime:0.000313s ]
INFO: [ app_begin ] --END-- [ RunTime:0.000363s ]
SQL: SHOW COLUMNS FROM `outnews` [ RunTime:0.0010s ]
SQL: SELECT * FROM `outnews`  [ RunTime:0.0001s ]

[ 2017-05-08T21:56:48+08:00 ] 117.136.41.91 /ScoreBoard/app.php/Home/Show/pk_show
INFO: [ app_init ] --START--
INFO: Run Behavior\BuildLiteBehavior [ RunTime:0.000014s ]
INFO: [ app_init ] --END-- [ RunTime:0.000279s ]
INFO: [ app_begin ] --START--
INFO: Run Behavior\ReadHtmlCacheBehavior [ RunTime:0.000342s ]
INFO: [ app_begin ] --END-- [ RunTime:0.000411s ]
SQL: SHOW COLUMNS FROM `pk` [ RunTime:0.0004s ]
SQL: SELECT * FROM `pk` WHERE `state` >= 1  [ RunTime:0.0015s ]
SQL: SHOW COLUMNS FROM `team` [ RunTime:0.0016s ]
SQL: SELECT * FROM `team` WHERE `t_id` = 1  [ RunTime:0.0001s ]
SQL: SELECT * FROM `team` WHERE `t_id` = 10  [ RunTime:0.0001s ]
NOTIC: [8] Undefined offset: 0 /var/www/ScoreBoard/App/Home/Controller/ShowController.class.php 第 75 行.
NOTIC: [8] Undefined offset: 0 /var/www/ScoreBoard/App/Home/Controller/ShowController.class.php 第 76 行.
SQL: SELECT * FROM `team` WHERE `t_id` = 1  [ RunTime:0.0001s ]
SQL: SELECT * FROM `team` WHERE `t_id` = 3  [ RunTime:0.0001s ]
SQL: SELECT * FROM `team` WHERE `t_id` = 2  [ RunTime:0.0001s ]
SQL: SELECT * FROM `team` WHERE `t_id` = 4  [ RunTime:0.0001s ]
SQL: SELECT * FROM `team` WHERE `t_id` = 2  [ RunTime:0.0001s ]
SQL: SELECT * FROM `team` WHERE `t_id` = 3  [ RunTime:0.0001s ]
SQL: SELECT * FROM `team` WHERE `t_id` = 2  [ RunTime:0.0001s ]
SQL: SELECT * FROM `team` WHERE `t_id` = 1  [ RunTime:0.0001s ]
SQL: SELECT * FROM `team` WHERE `t_id` = 1  [ RunTime:0.0001s ]
SQL: SELECT * FROM `team` WHERE `t_id` = 3  [ RunTime:0.0001s ]
SQL: SELECT * FROM `team` WHERE `t_id` = 2  [ RunTime:0.0001s ]
SQL: SELECT * FROM `team` WHERE `t_id` = 0  [ RunTime:0.0001s ]
NOTIC: [8] Undefined offset: 0 /var/www/ScoreBoard/App/Home/Controller/ShowController.class.php 第 75 行.
NOTIC: [8] Undefined offset: 0 /var/www/ScoreBoard/App/Home/Controller/ShowController.class.php 第 76 行.
SQL: SELECT * FROM `team` WHERE `t_id` = 0  [ RunTime:0.0001s ]
NOTIC: [8] Undefined offset: 0 /var/www/ScoreBoard/App/Home/Controller/ShowController.class.php 第 71 行.
NOTIC: [8] Undefined offset: 0 /var/www/ScoreBoard/App/Home/Controller/ShowController.class.php 第 72 行.
SQL: SELECT * FROM `team` WHERE `t_id` = 0  [ RunTime:0.0001s ]
NOTIC: [8] Undefined offset: 0 /var/www/ScoreBoard/App/Home/Controller/ShowController.class.php 第 75 行.
NOTIC: [8] Undefined offset: 0 /var/www/ScoreBoard/App/Home/Controller/ShowController.class.php 第 76 行.

