[ 2017-02-14T18:23:29+08:00 ] ::1 /ScoreBoard/cloud.php/Home/Login/login.html
INFO: [ app_init ] --START--
INFO: Run Behavior\BuildLiteBehavior [ RunTime:0.000015s ]
INFO: [ app_init ] --END-- [ RunTime:0.000570s ]
INFO: [ app_begin ] --START--
INFO: Run Behavior\ReadHtmlCacheBehavior [ RunTime:0.001003s ]
INFO: [ app_begin ] --END-- [ RunTime:0.001052s ]
ERR: 无法加载控制器:Login

[ 2017-02-14T20:48:27+08:00 ] ::1 /ScoreBoard/cloud.php/Home/Show/pk_show
INFO: [ app_init ] --START--
INFO: Run Behavior\BuildLiteBehavior [ RunTime:0.000013s ]
INFO: [ app_init ] --END-- [ RunTime:0.000754s ]
INFO: [ app_begin ] --START--
INFO: Run Behavior\ReadHtmlCacheBehavior [ RunTime:0.000899s ]
INFO: [ app_begin ] --END-- [ RunTime:0.000949s ]
ERR: 无法加载控制器:Show

[ 2017-02-14T20:49:08+08:00 ] ::1 /ScoreBoard/cloud.php/Home/Show/pk_show
INFO: [ app_init ] --START--
INFO: Run Behavior\BuildLiteBehavior [ RunTime:0.000012s ]
INFO: [ app_init ] --END-- [ RunTime:0.000633s ]
INFO: [ app_begin ] --START--
INFO: Run Behavior\ReadHtmlCacheBehavior [ RunTime:0.000983s ]
INFO: [ app_begin ] --END-- [ RunTime:0.001057s ]
SQL: SHOW COLUMNS FROM `pk` [ RunTime:0.0021s ]
SQL: SELECT * FROM `pk` WHERE `state` >= 1  [ RunTime:0.0010s ]
SQL: SHOW COLUMNS FROM `team` [ RunTime:0.0006s ]
SQL: SELECT * FROM `team` WHERE `t_id` = 1  [ RunTime:0.0003s ]
NOTIC: [8] Undefined index: t_name G:\APPserver\AppServ\www\ScoreBoard\Cloud\Home\Controller\ShowController.class.php 第 20 行.
SQL: SELECT * FROM `team` WHERE `t_id` = 2  [ RunTime:0.0003s ]
NOTIC: [8] Undefined index: t_name G:\APPserver\AppServ\www\ScoreBoard\Cloud\Home\Controller\ShowController.class.php 第 23 行.
SQL: SELECT * FROM `team` WHERE `t_id` = 1  [ RunTime:0.0004s ]
NOTIC: [8] Undefined index: t_name G:\APPserver\AppServ\www\ScoreBoard\Cloud\Home\Controller\ShowController.class.php 第 20 行.
SQL: SELECT * FROM `team` WHERE `t_id` = 3  [ RunTime:0.0003s ]
NOTIC: [8] Undefined index: t_name G:\APPserver\AppServ\www\ScoreBoard\Cloud\Home\Controller\ShowController.class.php 第 23 行.
SQL: SELECT * FROM `team` WHERE `t_id` = 2  [ RunTime:0.0003s ]
NOTIC: [8] Undefined index: t_name G:\APPserver\AppServ\www\ScoreBoard\Cloud\Home\Controller\ShowController.class.php 第 20 行.
SQL: SELECT * FROM `team` WHERE `t_id` = 3  [ RunTime:0.0003s ]
NOTIC: [8] Undefined index: t_name G:\APPserver\AppServ\www\ScoreBoard\Cloud\Home\Controller\ShowController.class.php 第 23 行.
SQL: SELECT * FROM `team` WHERE `t_id` = 2  [ RunTime:0.0003s ]
NOTIC: [8] Undefined index: t_name G:\APPserver\AppServ\www\ScoreBoard\Cloud\Home\Controller\ShowController.class.php 第 20 行.
SQL: SELECT * FROM `team` WHERE `t_id` = 1  [ RunTime:0.0003s ]
NOTIC: [8] Undefined index: t_name G:\APPserver\AppServ\www\ScoreBoard\Cloud\Home\Controller\ShowController.class.php 第 23 行.

[ 2017-02-14T20:49:24+08:00 ] ::1 /ScoreBoard/cloud.php/Home/Show/pk_show
INFO: [ app_init ] --START--
INFO: Run Behavior\BuildLiteBehavior [ RunTime:0.000012s ]
INFO: [ app_init ] --END-- [ RunTime:0.000557s ]
INFO: [ app_begin ] --START--
INFO: Run Behavior\ReadHtmlCacheBehavior [ RunTime:0.000847s ]
INFO: [ app_begin ] --END-- [ RunTime:0.000897s ]
SQL: SHOW COLUMNS FROM `pk` [ RunTime:0.0024s ]
SQL: SELECT * FROM `pk` WHERE `state` >= 1  [ RunTime:0.0005s ]
SQL: SHOW COLUMNS FROM `team` [ RunTime:0.0008s ]
SQL: SELECT * FROM `team` WHERE `t_id` = 1  [ RunTime:0.0004s ]
NOTIC: [8] Undefined index: t_name G:\APPserver\AppServ\www\ScoreBoard\Cloud\Home\Controller\ShowController.class.php 第 20 行.
SQL: SELECT * FROM `team` WHERE `t_id` = 2  [ RunTime:0.0004s ]
NOTIC: [8] Undefined index: t_name G:\APPserver\AppServ\www\ScoreBoard\Cloud\Home\Controller\ShowController.class.php 第 23 行.
SQL: SELECT * FROM `team` WHERE `t_id` = 1  [ RunTime:0.0003s ]
NOTIC: [8] Undefined index: t_name G:\APPserver\AppServ\www\ScoreBoard\Cloud\Home\Controller\ShowController.class.php 第 20 行.
SQL: SELECT * FROM `team` WHERE `t_id` = 3  [ RunTime:0.0003s ]
NOTIC: [8] Undefined index: t_name G:\APPserver\AppServ\www\ScoreBoard\Cloud\Home\Controller\ShowController.class.php 第 23 行.
SQL: SELECT * FROM `team` WHERE `t_id` = 2  [ RunTime:0.0003s ]
NOTIC: [8] Undefined index: t_name G:\APPserver\AppServ\www\ScoreBoard\Cloud\Home\Controller\ShowController.class.php 第 20 行.
SQL: SELECT * FROM `team` WHERE `t_id` = 3  [ RunTime:0.0004s ]
NOTIC: [8] Undefined index: t_name G:\APPserver\AppServ\www\ScoreBoard\Cloud\Home\Controller\ShowController.class.php 第 23 行.
SQL: SELECT * FROM `team` WHERE `t_id` = 2  [ RunTime:0.0003s ]
NOTIC: [8] Undefined index: t_name G:\APPserver\AppServ\www\ScoreBoard\Cloud\Home\Controller\ShowController.class.php 第 20 行.
SQL: SELECT * FROM `team` WHERE `t_id` = 1  [ RunTime:0.0004s ]
NOTIC: [8] Undefined index: t_name G:\APPserver\AppServ\www\ScoreBoard\Cloud\Home\Controller\ShowController.class.php 第 23 行.

[ 2017-02-14T21:14:32+08:00 ] ::1 /ScoreBoard/cloud.php/Home/Show/show_index
INFO: [ app_init ] --START--
INFO: Run Behavior\BuildLiteBehavior [ RunTime:0.000012s ]
INFO: [ app_init ] --END-- [ RunTime:0.000524s ]
INFO: [ app_begin ] --START--
INFO: Run Behavior\ReadHtmlCacheBehavior [ RunTime:0.001080s ]
INFO: [ app_begin ] --END-- [ RunTime:0.001142s ]
SQL: SHOW COLUMNS FROM `pk` [ RunTime:0.0023s ]
SQL: SELECT * FROM `pk` WHERE ( pk_name )  [ RunTime:0.0004s ]

[ 2017-02-14T21:14:59+08:00 ] ::1 /ScoreBoard/cloud.php/Home/Show/scanner_show
INFO: [ app_init ] --START--
INFO: Run Behavior\BuildLiteBehavior [ RunTime:0.000031s ]
INFO: [ app_init ] --END-- [ RunTime:0.001592s ]
INFO: [ app_begin ] --START--
INFO: Run Behavior\ReadHtmlCacheBehavior [ RunTime:0.001223s ]
INFO: [ app_begin ] --END-- [ RunTime:0.001296s ]
ERR: 非法操作:scanner_show

[ 2017-02-14T21:15:06+08:00 ] ::1 /ScoreBoard/cloud.php/Home/Show/scanner_show
INFO: [ app_init ] --START--
INFO: Run Behavior\BuildLiteBehavior [ RunTime:0.000020s ]
INFO: [ app_init ] --END-- [ RunTime:0.000661s ]
INFO: [ app_begin ] --START--
INFO: Run Behavior\ReadHtmlCacheBehavior [ RunTime:0.001479s ]
INFO: [ app_begin ] --END-- [ RunTime:0.001551s ]
SQL: SHOW COLUMNS FROM `pk` [ RunTime:0.0019s ]
SQL: SELECT * FROM `pk` WHERE ( pk_name )  [ RunTime:0.0004s ]

[ 2017-02-14T21:17:49+08:00 ] ::1 /ScoreBoard/cloud.php/Home/Show/scanner_show
INFO: [ app_init ] --START--
INFO: Run Behavior\BuildLiteBehavior [ RunTime:0.000013s ]
INFO: [ app_init ] --END-- [ RunTime:0.000746s ]
INFO: [ app_begin ] --START--
INFO: Run Behavior\ReadHtmlCacheBehavior [ RunTime:0.000933s ]
INFO: [ app_begin ] --END-- [ RunTime:0.000980s ]
SQL: SHOW COLUMNS FROM `pk` [ RunTime:0.0020s ]
SQL: SELECT * FROM `pk` WHERE ( pk_name ) LIMIT 0,4   [ RunTime:0.0004s ]

[ 2017-02-14T21:19:12+08:00 ] ::1 /ScoreBoard/cloud.php/Home/Show/scanner_show
INFO: [ app_init ] --START--
INFO: Run Behavior\BuildLiteBehavior [ RunTime:0.000015s ]
INFO: [ app_init ] --END-- [ RunTime:0.000620s ]
INFO: [ app_begin ] --START--
INFO: Run Behavior\ReadHtmlCacheBehavior [ RunTime:0.001055s ]
INFO: [ app_begin ] --END-- [ RunTime:0.001106s ]
SQL: SHOW COLUMNS FROM `pk` [ RunTime:0.0009s ]
SQL: SELECT `pk_name` FROM `pk` LIMIT 0,4   [ RunTime:0.0003s ]

[ 2017-02-14T21:19:33+08:00 ] ::1 /ScoreBoard/cloud.php/Home/Show/scanner_show
INFO: [ app_init ] --START--
INFO: Run Behavior\BuildLiteBehavior [ RunTime:0.000014s ]
INFO: [ app_init ] --END-- [ RunTime:0.000614s ]
INFO: [ app_begin ] --START--
INFO: Run Behavior\ReadHtmlCacheBehavior [ RunTime:0.001047s ]
INFO: [ app_begin ] --END-- [ RunTime:0.001096s ]
SQL: SHOW COLUMNS FROM `pk` [ RunTime:0.0008s ]
SQL: SELECT `pk_id`,`t_id1`,`t_id2`,`pk_name`,`state`,`intro`,`score1`,`score2`,`image2`,`image3`,`video`,`time`,`place`,`view`,`sb_id` FROM `pk` LIMIT 0,4   [ RunTime:0.0004s ]

[ 2017-02-14T21:19:50+08:00 ] ::1 /ScoreBoard/cloud.php/Home/Show/scanner_show
INFO: [ app_init ] --START--
INFO: Run Behavior\BuildLiteBehavior [ RunTime:0.000012s ]
INFO: [ app_init ] --END-- [ RunTime:0.000519s ]
INFO: [ app_begin ] --START--
INFO: Run Behavior\ReadHtmlCacheBehavior [ RunTime:0.000987s ]
INFO: [ app_begin ] --END-- [ RunTime:0.001033s ]
SQL: SHOW COLUMNS FROM `pk` [ RunTime:0.0018s ]
SQL: SELECT `image1`,`pk_name` FROM `pk` LIMIT 0,4   [ RunTime:0.0003s ]

[ 2017-02-14T21:22:56+08:00 ] ::1 /ScoreBoard/cloud.php/Home/Show/scanner_show
INFO: [ app_init ] --START--
INFO: Run Behavior\BuildLiteBehavior [ RunTime:0.000018s ]
INFO: [ app_init ] --END-- [ RunTime:0.000831s ]
INFO: [ app_begin ] --START--
INFO: Run Behavior\ReadHtmlCacheBehavior [ RunTime:0.001100s ]
INFO: [ app_begin ] --END-- [ RunTime:0.001150s ]
SQL: SHOW COLUMNS FROM `pk` [ RunTime:0.0008s ]
SQL: SELECT `image1`,`pk_name` FROM `pk` WHERE ( state=1 ) LIMIT 0,4   [ RunTime:0.0003s ]

[ 2017-02-14T21:30:49+08:00 ] ::1 /ScoreBoard/cloud.php/Home/Show/pk_show
INFO: [ app_init ] --START--
INFO: Run Behavior\BuildLiteBehavior [ RunTime:0.000023s ]
INFO: [ app_init ] --END-- [ RunTime:0.000990s ]
INFO: [ app_begin ] --START--
INFO: Run Behavior\ReadHtmlCacheBehavior [ RunTime:0.001208s ]
INFO: [ app_begin ] --END-- [ RunTime:0.001266s ]
SQL: SHOW COLUMNS FROM `pk` [ RunTime:0.0009s ]
SQL: SELECT * FROM `pk` WHERE `state` >= 1  [ RunTime:0.0005s ]
SQL: SHOW COLUMNS FROM `team` [ RunTime:0.0008s ]
SQL: SELECT * FROM `team` WHERE `t_id` = 1  [ RunTime:0.0005s ]
NOTIC: [8] Undefined index: t_name G:\APPserver\AppServ\www\ScoreBoard\Cloud\Home\Controller\ShowController.class.php 第 20 行.
SQL: SELECT * FROM `team` WHERE `t_id` = 2  [ RunTime:0.0003s ]
NOTIC: [8] Undefined index: t_name G:\APPserver\AppServ\www\ScoreBoard\Cloud\Home\Controller\ShowController.class.php 第 23 行.
SQL: SELECT * FROM `team` WHERE `t_id` = 1  [ RunTime:0.0003s ]
NOTIC: [8] Undefined index: t_name G:\APPserver\AppServ\www\ScoreBoard\Cloud\Home\Controller\ShowController.class.php 第 20 行.
SQL: SELECT * FROM `team` WHERE `t_id` = 3  [ RunTime:0.0003s ]
NOTIC: [8] Undefined index: t_name G:\APPserver\AppServ\www\ScoreBoard\Cloud\Home\Controller\ShowController.class.php 第 23 行.
SQL: SELECT * FROM `team` WHERE `t_id` = 2  [ RunTime:0.0003s ]
NOTIC: [8] Undefined index: t_name G:\APPserver\AppServ\www\ScoreBoard\Cloud\Home\Controller\ShowController.class.php 第 20 行.
SQL: SELECT * FROM `team` WHERE `t_id` = 3  [ RunTime:0.0003s ]
NOTIC: [8] Undefined index: t_name G:\APPserver\AppServ\www\ScoreBoard\Cloud\Home\Controller\ShowController.class.php 第 23 行.
SQL: SELECT * FROM `team` WHERE `t_id` = 2  [ RunTime:0.0003s ]
NOTIC: [8] Undefined index: t_name G:\APPserver\AppServ\www\ScoreBoard\Cloud\Home\Controller\ShowController.class.php 第 20 行.
SQL: SELECT * FROM `team` WHERE `t_id` = 1  [ RunTime:0.0003s ]
NOTIC: [8] Undefined index: t_name G:\APPserver\AppServ\www\ScoreBoard\Cloud\Home\Controller\ShowController.class.php 第 23 行.

[ 2017-02-14T21:31:15+08:00 ] ::1 /ScoreBoard/cloud.php/Home/Show/pk_show
INFO: [ app_init ] --START--
INFO: Run Behavior\BuildLiteBehavior [ RunTime:0.000013s ]
INFO: [ app_init ] --END-- [ RunTime:0.000647s ]
INFO: [ app_begin ] --START--
INFO: Run Behavior\ReadHtmlCacheBehavior [ RunTime:0.000939s ]
INFO: [ app_begin ] --END-- [ RunTime:0.000985s ]
SQL: SHOW COLUMNS FROM `pk` [ RunTime:0.0009s ]
SQL: SELECT * FROM `pk` WHERE `state` >= 1  [ RunTime:0.0005s ]
SQL: SHOW COLUMNS FROM `team` [ RunTime:0.0011s ]
SQL: SELECT * FROM `team` WHERE `t_id` = 1  [ RunTime:0.0006s ]
SQL: SELECT * FROM `team` WHERE `t_id` = 2  [ RunTime:0.0005s ]
SQL: SELECT * FROM `team` WHERE `t_id` = 1  [ RunTime:0.0003s ]
SQL: SELECT * FROM `team` WHERE `t_id` = 3  [ RunTime:0.0003s ]
SQL: SELECT * FROM `team` WHERE `t_id` = 2  [ RunTime:0.0003s ]
SQL: SELECT * FROM `team` WHERE `t_id` = 3  [ RunTime:0.0003s ]
SQL: SELECT * FROM `team` WHERE `t_id` = 2  [ RunTime:0.0003s ]
SQL: SELECT * FROM `team` WHERE `t_id` = 1  [ RunTime:0.0003s ]

[ 2017-02-14T21:42:31+08:00 ] ::1 /ScoreBoard/cloud.php/Home/Show/show_video
INFO: [ app_init ] --START--
INFO: Run Behavior\BuildLiteBehavior [ RunTime:0.000011s ]
INFO: [ app_init ] --END-- [ RunTime:0.000727s ]
INFO: [ app_begin ] --START--
INFO: Run Behavior\ReadHtmlCacheBehavior [ RunTime:0.001593s ]
INFO: [ app_begin ] --END-- [ RunTime:0.001670s ]
ERR: 非法操作:show_video

[ 2017-02-14T21:42:40+08:00 ] ::1 /ScoreBoard/cloud.php/Home/Show/show_videos
INFO: [ app_init ] --START--
INFO: Run Behavior\BuildLiteBehavior [ RunTime:0.000016s ]
INFO: [ app_init ] --END-- [ RunTime:0.001067s ]
INFO: [ app_begin ] --START--
INFO: Run Behavior\ReadHtmlCacheBehavior [ RunTime:0.000969s ]
INFO: [ app_begin ] --END-- [ RunTime:0.001014s ]
SQL: SHOW COLUMNS FROM `pk` [ RunTime:0.0008s ]
SQL: SELECT `image1`,`pk_name`,`intro` FROM `pk` WHERE ( state=1 ) LIMIT 0,4   [ RunTime:0.0003s ]
SQL: SELECT `image1`,`pk_name`,`intro` FROM `pk` WHERE ( state=1 ) LIMIT 4,7   [ RunTime:0.0002s ]

[ 2017-02-14T21:43:18+08:00 ] ::1 /ScoreBoard/cloud.php/Home/Show/show_videos
INFO: [ app_init ] --START--
INFO: Run Behavior\BuildLiteBehavior [ RunTime:0.000013s ]
INFO: [ app_init ] --END-- [ RunTime:0.000588s ]
INFO: [ app_begin ] --START--
INFO: Run Behavior\ReadHtmlCacheBehavior [ RunTime:0.001056s ]
INFO: [ app_begin ] --END-- [ RunTime:0.001107s ]
SQL: SHOW COLUMNS FROM `pk` [ RunTime:0.0007s ]
SQL: SELECT `image1`,`pk_name`,`intro` FROM `pk` WHERE ( state=1 ) LIMIT 0,4   [ RunTime:0.0003s ]
SQL: SELECT `image1`,`pk_name`,`intro` FROM `pk` WHERE ( state=1 ) LIMIT 0,3   [ RunTime:0.0002s ]

[ 2017-02-14T22:02:32+08:00 ] ::1 /ScoreBoard/cloud.php/Home/Show/show_team
INFO: [ app_init ] --START--
INFO: Run Behavior\BuildLiteBehavior [ RunTime:0.000012s ]
INFO: [ app_init ] --END-- [ RunTime:0.000728s ]
INFO: [ app_begin ] --START--
INFO: Run Behavior\ReadHtmlCacheBehavior [ RunTime:0.001761s ]
INFO: [ app_begin ] --END-- [ RunTime:0.001884s ]
ERR: 非法操作:show_team

[ 2017-02-14T22:02:47+08:00 ] ::1 /ScoreBoard/cloud.php/Home/Show/show_team
INFO: [ app_init ] --START--
INFO: Run Behavior\BuildLiteBehavior [ RunTime:0.000014s ]
INFO: [ app_init ] --END-- [ RunTime:0.000803s ]
INFO: [ app_begin ] --START--
INFO: Run Behavior\ReadHtmlCacheBehavior [ RunTime:0.001213s ]
INFO: [ app_begin ] --END-- [ RunTime:0.001268s ]
SQL: SHOW COLUMNS FROM `team` [ RunTime:0.0008s ]
SQL: SELECT * FROM `team`  [ RunTime:0.0004s ]
NOTIC: [8] Undefined offset: 1 G:\APPserver\AppServ\www\ScoreBoard\Cloud\Home\Controller\ShowController.class.php 第 126 行.

[ 2017-02-14T22:06:45+08:00 ] ::1 /ScoreBoard/cloud.php/Home/Show/show_team
INFO: [ app_init ] --START--
INFO: Run Behavior\BuildLiteBehavior [ RunTime:0.000012s ]
INFO: [ app_init ] --END-- [ RunTime:0.000719s ]
INFO: [ app_begin ] --START--
INFO: Run Behavior\ReadHtmlCacheBehavior [ RunTime:0.001084s ]
INFO: [ app_begin ] --END-- [ RunTime:0.001131s ]
SQL: SHOW COLUMNS FROM `team` [ RunTime:0.0011s ]
SQL: SELECT * FROM `team`  [ RunTime:0.0004s ]
NOTIC: [8] Undefined offset: 1 G:\APPserver\AppServ\www\ScoreBoard\Cloud\Home\Controller\ShowController.class.php 第 126 行.

[ 2017-02-14T22:06:50+08:00 ] ::1 /ScoreBoard/cloud.php/Home/Show/show_team
INFO: [ app_init ] --START--
INFO: Run Behavior\BuildLiteBehavior [ RunTime:0.000012s ]
INFO: [ app_init ] --END-- [ RunTime:0.000700s ]
INFO: [ app_begin ] --START--
INFO: Run Behavior\ReadHtmlCacheBehavior [ RunTime:0.001039s ]
INFO: [ app_begin ] --END-- [ RunTime:0.001086s ]
SQL: SHOW COLUMNS FROM `team` [ RunTime:0.0007s ]
SQL: SELECT * FROM `team`  [ RunTime:0.0003s ]
NOTIC: [8] Undefined offset: 1 G:\APPserver\AppServ\www\ScoreBoard\Cloud\Home\Controller\ShowController.class.php 第 126 行.
NOTIC: [8] Undefined offset: 2 G:\APPserver\AppServ\www\ScoreBoard\Cloud\Home\Controller\ShowController.class.php 第 126 行.
NOTIC: [8] Undefined offset: 3 G:\APPserver\AppServ\www\ScoreBoard\Cloud\Home\Controller\ShowController.class.php 第 126 行.
NOTIC: [8] Undefined offset: 4 G:\APPserver\AppServ\www\ScoreBoard\Cloud\Home\Controller\ShowController.class.php 第 126 行.
NOTIC: [8] Undefined offset: 5 G:\APPserver\AppServ\www\ScoreBoard\Cloud\Home\Controller\ShowController.class.php 第 126 行.
INFO: [ app_end ] --START--
INFO: Run Behavior\ShowPageTraceBehavior [ RunTime:0.001120s ]
INFO: [ app_end ] --END-- [ RunTime:0.001157s ]

[ 2017-02-14T22:06:53+08:00 ] ::1 /ScoreBoard/cloud.php/Home/Show/show_team
INFO: [ app_init ] --START--
INFO: Run Behavior\BuildLiteBehavior [ RunTime:0.000012s ]
INFO: [ app_init ] --END-- [ RunTime:0.000704s ]
INFO: [ app_begin ] --START--
INFO: Run Behavior\ReadHtmlCacheBehavior [ RunTime:0.000994s ]
INFO: [ app_begin ] --END-- [ RunTime:0.001040s ]
SQL: SHOW COLUMNS FROM `team` [ RunTime:0.0012s ]
SQL: SELECT * FROM `team`  [ RunTime:0.0004s ]
NOTIC: [8] Undefined offset: 1 G:\APPserver\AppServ\www\ScoreBoard\Cloud\Home\Controller\ShowController.class.php 第 126 行.
NOTIC: [8] Undefined offset: 2 G:\APPserver\AppServ\www\ScoreBoard\Cloud\Home\Controller\ShowController.class.php 第 126 行.
NOTIC: [8] Undefined offset: 3 G:\APPserver\AppServ\www\ScoreBoard\Cloud\Home\Controller\ShowController.class.php 第 126 行.
NOTIC: [8] Undefined offset: 4 G:\APPserver\AppServ\www\ScoreBoard\Cloud\Home\Controller\ShowController.class.php 第 126 行.
NOTIC: [8] Undefined offset: 5 G:\APPserver\AppServ\www\ScoreBoard\Cloud\Home\Controller\ShowController.class.php 第 126 行.
INFO: [ app_end ] --START--
INFO: Run Behavior\ShowPageTraceBehavior [ RunTime:0.001369s ]
INFO: [ app_end ] --END-- [ RunTime:0.001413s ]

[ 2017-02-14T22:06:53+08:00 ] ::1 /ScoreBoard/cloud.php/Home/Show/show_team
INFO: [ app_init ] --START--
INFO: Run Behavior\BuildLiteBehavior [ RunTime:0.000012s ]
INFO: [ app_init ] --END-- [ RunTime:0.000653s ]
INFO: [ app_begin ] --START--
INFO: Run Behavior\ReadHtmlCacheBehavior [ RunTime:0.001030s ]
INFO: [ app_begin ] --END-- [ RunTime:0.001074s ]
SQL: SHOW COLUMNS FROM `team` [ RunTime:0.0009s ]
SQL: SELECT * FROM `team`  [ RunTime:0.0004s ]
NOTIC: [8] Undefined offset: 1 G:\APPserver\AppServ\www\ScoreBoard\Cloud\Home\Controller\ShowController.class.php 第 126 行.
NOTIC: [8] Undefined offset: 2 G:\APPserver\AppServ\www\ScoreBoard\Cloud\Home\Controller\ShowController.class.php 第 126 行.
NOTIC: [8] Undefined offset: 3 G:\APPserver\AppServ\www\ScoreBoard\Cloud\Home\Controller\ShowController.class.php 第 126 行.
NOTIC: [8] Undefined offset: 4 G:\APPserver\AppServ\www\ScoreBoard\Cloud\Home\Controller\ShowController.class.php 第 126 行.
NOTIC: [8] Undefined offset: 5 G:\APPserver\AppServ\www\ScoreBoard\Cloud\Home\Controller\ShowController.class.php 第 126 行.
INFO: [ app_end ] --START--
INFO: Run Behavior\ShowPageTraceBehavior [ RunTime:0.001293s ]
INFO: [ app_end ] --END-- [ RunTime:0.001342s ]

[ 2017-02-14T22:07:10+08:00 ] ::1 /ScoreBoard/cloud.php/Home/Show/show_team
INFO: [ app_init ] --START--
INFO: Run Behavior\BuildLiteBehavior [ RunTime:0.000012s ]
INFO: [ app_init ] --END-- [ RunTime:0.000597s ]
INFO: [ app_begin ] --START--
INFO: Run Behavior\ReadHtmlCacheBehavior [ RunTime:0.000998s ]
INFO: [ app_begin ] --END-- [ RunTime:0.001040s ]
SQL: SHOW COLUMNS FROM `team` [ RunTime:0.0009s ]
SQL: SELECT * FROM `team`  [ RunTime:0.0004s ]
NOTIC: [8] Undefined offset: 1 G:\APPserver\AppServ\www\ScoreBoard\Cloud\Home\Controller\ShowController.class.php 第 126 行.
NOTIC: [8] Undefined offset: 2 G:\APPserver\AppServ\www\ScoreBoard\Cloud\Home\Controller\ShowController.class.php 第 126 行.
NOTIC: [8] Undefined offset: 3 G:\APPserver\AppServ\www\ScoreBoard\Cloud\Home\Controller\ShowController.class.php 第 126 行.
NOTIC: [8] Undefined offset: 4 G:\APPserver\AppServ\www\ScoreBoard\Cloud\Home\Controller\ShowController.class.php 第 126 行.
NOTIC: [8] Undefined offset: 5 G:\APPserver\AppServ\www\ScoreBoard\Cloud\Home\Controller\ShowController.class.php 第 126 行.

[ 2017-02-14T22:07:32+08:00 ] ::1 /ScoreBoard/cloud.php/Home/Show/show_team
INFO: [ app_init ] --START--
INFO: Run Behavior\BuildLiteBehavior [ RunTime:0.000013s ]
INFO: [ app_init ] --END-- [ RunTime:0.000716s ]
INFO: [ app_begin ] --START--
INFO: Run Behavior\ReadHtmlCacheBehavior [ RunTime:0.000984s ]
INFO: [ app_begin ] --END-- [ RunTime:0.001039s ]
SQL: SHOW COLUMNS FROM `team` [ RunTime:0.0017s ]
SQL: SELECT * FROM `team`  [ RunTime:0.0005s ]
NOTIC: [8] Undefined index: $i+1 G:\APPserver\AppServ\www\ScoreBoard\Cloud\Home\Controller\ShowController.class.php 第 126 行.
NOTIC: [8] Undefined index: $i+1 G:\APPserver\AppServ\www\ScoreBoard\Cloud\Home\Controller\ShowController.class.php 第 126 行.
NOTIC: [8] Undefined index: $i+1 G:\APPserver\AppServ\www\ScoreBoard\Cloud\Home\Controller\ShowController.class.php 第 126 行.
NOTIC: [8] Undefined index: $i+1 G:\APPserver\AppServ\www\ScoreBoard\Cloud\Home\Controller\ShowController.class.php 第 126 行.
NOTIC: [8] Undefined index: $i+1 G:\APPserver\AppServ\www\ScoreBoard\Cloud\Home\Controller\ShowController.class.php 第 126 行.

[ 2017-02-14T22:07:41+08:00 ] ::1 /ScoreBoard/cloud.php/Home/Show/show_team
INFO: [ app_init ] --START--
INFO: Run Behavior\BuildLiteBehavior [ RunTime:0.000013s ]
INFO: [ app_init ] --END-- [ RunTime:0.000592s ]
INFO: [ app_begin ] --START--
INFO: Run Behavior\ReadHtmlCacheBehavior [ RunTime:0.001005s ]
INFO: [ app_begin ] --END-- [ RunTime:0.001052s ]
SQL: SHOW COLUMNS FROM `team` [ RunTime:0.0008s ]
SQL: SELECT * FROM `team`  [ RunTime:0.0004s ]
NOTIC: [8] Undefined offset: 1 G:\APPserver\AppServ\www\ScoreBoard\Cloud\Home\Controller\ShowController.class.php 第 126 行.
NOTIC: [8] Undefined offset: 2 G:\APPserver\AppServ\www\ScoreBoard\Cloud\Home\Controller\ShowController.class.php 第 126 行.
NOTIC: [8] Undefined offset: 3 G:\APPserver\AppServ\www\ScoreBoard\Cloud\Home\Controller\ShowController.class.php 第 126 行.
NOTIC: [8] Undefined offset: 4 G:\APPserver\AppServ\www\ScoreBoard\Cloud\Home\Controller\ShowController.class.php 第 126 行.
NOTIC: [8] Undefined offset: 5 G:\APPserver\AppServ\www\ScoreBoard\Cloud\Home\Controller\ShowController.class.php 第 126 行.

[ 2017-02-14T22:08:10+08:00 ] ::1 /ScoreBoard/cloud.php/Home/Show/show_team
INFO: [ app_init ] --START--
INFO: Run Behavior\BuildLiteBehavior [ RunTime:0.000012s ]
INFO: [ app_init ] --END-- [ RunTime:0.000976s ]
INFO: [ app_begin ] --START--
INFO: Run Behavior\ReadHtmlCacheBehavior [ RunTime:0.001369s ]
INFO: [ app_begin ] --END-- [ RunTime:0.001426s ]
SQL: SHOW COLUMNS FROM `team` [ RunTime:0.0009s ]
SQL: SELECT * FROM `team`  [ RunTime:0.0004s ]

[ 2017-02-14T22:11:19+08:00 ] ::1 /ScoreBoard/cloud.php/Home/Show/show_team
INFO: [ app_init ] --START--
INFO: Run Behavior\BuildLiteBehavior [ RunTime:0.000013s ]
INFO: [ app_init ] --END-- [ RunTime:0.000817s ]
INFO: [ app_begin ] --START--
INFO: Run Behavior\ReadHtmlCacheBehavior [ RunTime:0.001052s ]
INFO: [ app_begin ] --END-- [ RunTime:0.001104s ]

[ 2017-02-14T22:12:50+08:00 ] ::1 /ScoreBoard/cloud.php/Home/Show/show_team
INFO: [ app_init ] --START--
INFO: Run Behavior\BuildLiteBehavior [ RunTime:0.000012s ]
INFO: [ app_init ] --END-- [ RunTime:0.000648s ]
INFO: [ app_begin ] --START--
INFO: Run Behavior\ReadHtmlCacheBehavior [ RunTime:0.000999s ]
INFO: [ app_begin ] --END-- [ RunTime:0.001042s ]

[ 2017-02-14T22:14:29+08:00 ] ::1 /ScoreBoard/cloud.php/Home/Show/show_team
INFO: [ app_init ] --START--
INFO: Run Behavior\BuildLiteBehavior [ RunTime:0.000012s ]
INFO: [ app_init ] --END-- [ RunTime:0.000730s ]
INFO: [ app_begin ] --START--
INFO: Run Behavior\ReadHtmlCacheBehavior [ RunTime:0.001111s ]
INFO: [ app_begin ] --END-- [ RunTime:0.001163s ]

[ 2017-02-14T22:14:57+08:00 ] ::1 /ScoreBoard/cloud.php/Home/Show/show_team
INFO: [ app_init ] --START--
INFO: Run Behavior\BuildLiteBehavior [ RunTime:0.000012s ]
INFO: [ app_init ] --END-- [ RunTime:0.000691s ]
INFO: [ app_begin ] --START--
INFO: Run Behavior\ReadHtmlCacheBehavior [ RunTime:0.001080s ]
INFO: [ app_begin ] --END-- [ RunTime:0.001144s ]

[ 2017-02-14T22:15:12+08:00 ] ::1 /ScoreBoard/cloud.php/Home/Show/show_team
INFO: [ app_init ] --START--
INFO: Run Behavior\BuildLiteBehavior [ RunTime:0.000012s ]
INFO: [ app_init ] --END-- [ RunTime:0.000603s ]
INFO: [ app_begin ] --START--
INFO: Run Behavior\ReadHtmlCacheBehavior [ RunTime:0.001018s ]
INFO: [ app_begin ] --END-- [ RunTime:0.001065s ]

[ 2017-02-14T22:16:47+08:00 ] ::1 /ScoreBoard/cloud.php/Home/Show/show_team
INFO: [ app_init ] --START--
INFO: Run Behavior\BuildLiteBehavior [ RunTime:0.000014s ]
INFO: [ app_init ] --END-- [ RunTime:0.001325s ]
INFO: [ app_begin ] --START--
INFO: Run Behavior\ReadHtmlCacheBehavior [ RunTime:0.001119s ]
INFO: [ app_begin ] --END-- [ RunTime:0.001163s ]

[ 2017-02-14T22:18:13+08:00 ] ::1 /ScoreBoard/cloud.php/Home/Show/show_team
INFO: [ app_init ] --START--
INFO: Run Behavior\BuildLiteBehavior [ RunTime:0.000012s ]
INFO: [ app_init ] --END-- [ RunTime:0.000650s ]
INFO: [ app_begin ] --START--
INFO: Run Behavior\ReadHtmlCacheBehavior [ RunTime:0.001084s ]
INFO: [ app_begin ] --END-- [ RunTime:0.001136s ]

[ 2017-02-14T22:18:40+08:00 ] ::1 /ScoreBoard/cloud.php/Home/Show/show_team
INFO: [ app_init ] --START--
INFO: Run Behavior\BuildLiteBehavior [ RunTime:0.000012s ]
INFO: [ app_init ] --END-- [ RunTime:0.000589s ]
INFO: [ app_begin ] --START--
INFO: Run Behavior\ReadHtmlCacheBehavior [ RunTime:0.001094s ]
INFO: [ app_begin ] --END-- [ RunTime:0.001141s ]

[ 2017-02-14T22:18:41+08:00 ] ::1 /ScoreBoard/cloud.php/Home/Show/show_team
INFO: [ app_init ] --START--
INFO: Run Behavior\BuildLiteBehavior [ RunTime:0.000012s ]
INFO: [ app_init ] --END-- [ RunTime:0.000574s ]
INFO: [ app_begin ] --START--
INFO: Run Behavior\ReadHtmlCacheBehavior [ RunTime:0.001369s ]
INFO: [ app_begin ] --END-- [ RunTime:0.001428s ]

[ 2017-02-14T22:18:41+08:00 ] ::1 /ScoreBoard/cloud.php/Home/Show/show_team
INFO: [ app_init ] --START--
INFO: Run Behavior\BuildLiteBehavior [ RunTime:0.000013s ]
INFO: [ app_init ] --END-- [ RunTime:0.000629s ]
INFO: [ app_begin ] --START--
INFO: Run Behavior\ReadHtmlCacheBehavior [ RunTime:0.000998s ]
INFO: [ app_begin ] --END-- [ RunTime:0.001049s ]

[ 2017-02-14T22:18:41+08:00 ] ::1 /ScoreBoard/cloud.php/Home/Show/show_team
INFO: [ app_init ] --START--
INFO: Run Behavior\BuildLiteBehavior [ RunTime:0.000012s ]
INFO: [ app_init ] --END-- [ RunTime:0.000651s ]
INFO: [ app_begin ] --START--
INFO: Run Behavior\ReadHtmlCacheBehavior [ RunTime:0.001150s ]
INFO: [ app_begin ] --END-- [ RunTime:0.001193s ]

[ 2017-02-14T22:19:16+08:00 ] ::1 /ScoreBoard/cloud.php/Home/Show/show_team
INFO: [ app_init ] --START--
INFO: Run Behavior\BuildLiteBehavior [ RunTime:0.000013s ]
INFO: [ app_init ] --END-- [ RunTime:0.000714s ]
INFO: [ app_begin ] --START--
INFO: Run Behavior\ReadHtmlCacheBehavior [ RunTime:0.001386s ]
INFO: [ app_begin ] --END-- [ RunTime:0.001443s ]

[ 2017-02-14T22:19:30+08:00 ] ::1 /ScoreBoard/cloud.php/Home/Show/show_team
INFO: [ app_init ] --START--
INFO: Run Behavior\BuildLiteBehavior [ RunTime:0.000016s ]
INFO: [ app_init ] --END-- [ RunTime:0.000686s ]
INFO: [ app_begin ] --START--
INFO: Run Behavior\ReadHtmlCacheBehavior [ RunTime:0.001410s ]
INFO: [ app_begin ] --END-- [ RunTime:0.001466s ]

[ 2017-02-14T22:19:59+08:00 ] ::1 /ScoreBoard/cloud.php/Home/Show/show_team
INFO: [ app_init ] --START--
INFO: Run Behavior\BuildLiteBehavior [ RunTime:0.000012s ]
INFO: [ app_init ] --END-- [ RunTime:0.000600s ]
INFO: [ app_begin ] --START--
INFO: Run Behavior\ReadHtmlCacheBehavior [ RunTime:0.001178s ]
INFO: [ app_begin ] --END-- [ RunTime:0.001227s ]
SQL: SHOW COLUMNS FROM `team` [ RunTime:0.0009s ]
SQL: SELECT * FROM `team`  [ RunTime:0.0005s ]

[ 2017-02-14T22:20:54+08:00 ] ::1 /ScoreBoard/cloud.php/Home/Show/show_team
INFO: [ app_init ] --START--
INFO: Run Behavior\BuildLiteBehavior [ RunTime:0.000012s ]
INFO: [ app_init ] --END-- [ RunTime:0.000693s ]
INFO: [ app_begin ] --START--
INFO: Run Behavior\ReadHtmlCacheBehavior [ RunTime:0.001010s ]
INFO: [ app_begin ] --END-- [ RunTime:0.001052s ]
SQL: SHOW COLUMNS FROM `team` [ RunTime:0.0018s ]
SQL: SELECT * FROM `team`  [ RunTime:0.0003s ]

[ 2017-02-14T22:21:10+08:00 ] ::1 /ScoreBoard/cloud.php/Home/Show/show_team
INFO: [ app_init ] --START--
INFO: Run Behavior\BuildLiteBehavior [ RunTime:0.000012s ]
INFO: [ app_init ] --END-- [ RunTime:0.000803s ]
INFO: [ app_begin ] --START--
INFO: Run Behavior\ReadHtmlCacheBehavior [ RunTime:0.001085s ]
INFO: [ app_begin ] --END-- [ RunTime:0.001137s ]
SQL: SHOW COLUMNS FROM `team` [ RunTime:0.0018s ]
SQL: SELECT * FROM `team`  [ RunTime:0.0004s ]

[ 2017-02-14T22:21:19+08:00 ] ::1 /ScoreBoard/cloud.php/Home/Show/show_team
INFO: [ app_init ] --START--
INFO: Run Behavior\BuildLiteBehavior [ RunTime:0.000013s ]
INFO: [ app_init ] --END-- [ RunTime:0.000594s ]
INFO: [ app_begin ] --START--
INFO: Run Behavior\ReadHtmlCacheBehavior [ RunTime:0.001196s ]
INFO: [ app_begin ] --END-- [ RunTime:0.001242s ]
SQL: SHOW COLUMNS FROM `team` [ RunTime:0.0009s ]
SQL: SELECT * FROM `team`  [ RunTime:0.0003s ]

