[ 2017-04-13T06:51:50+08:00 ] 14.30.114.44 /ScoreBoard/cloud.php/Home/Show/pk_show?&_=1492037510157
INFO: [ app_init ] --START--
INFO: Run Behavior\BuildLiteBehavior [ RunTime:0.000013s ]
INFO: [ app_init ] --END-- [ RunTime:0.000220s ]
INFO: [ app_begin ] --START--
INFO: Run Behavior\ReadHtmlCacheBehavior [ RunTime:0.000255s ]
INFO: [ app_begin ] --END-- [ RunTime:0.000305s ]
SQL: SHOW COLUMNS FROM `pk` [ RunTime:0.0006s ]
SQL: SELECT * FROM `pk` WHERE `state` >= 1  [ RunTime:0.0001s ]
SQL: SHOW COLUMNS FROM `team` [ RunTime:0.0004s ]
SQL: SELECT * FROM `team` WHERE `t_id` = 1  [ RunTime:0.0001s ]
SQL: SELECT * FROM `team` WHERE `t_id` = 10  [ RunTime:0.0001s ]
NOTIC: [8] Undefined offset: 0 /var/www/ScoreBoard/Cloud/Home/Controller/ShowController.class.php 第 232 行.
SQL: SELECT * FROM `team` WHERE `t_id` = 1  [ RunTime:0.0001s ]
SQL: SELECT * FROM `team` WHERE `t_id` = 3  [ RunTime:0.0001s ]
SQL: SELECT * FROM `team` WHERE `t_id` = 2  [ RunTime:0.0001s ]
SQL: SELECT * FROM `team` WHERE `t_id` = 4  [ RunTime:0.0001s ]
SQL: SELECT * FROM `team` WHERE `t_id` = 2  [ RunTime:0.0001s ]
SQL: SELECT * FROM `team` WHERE `t_id` = 3  [ RunTime:0.0001s ]
SQL: SELECT * FROM `team` WHERE `t_id` = 2  [ RunTime:0.0001s ]
SQL: SELECT * FROM `team` WHERE `t_id` = 1  [ RunTime:0.0001s ]
SQL: SELECT * FROM `team` WHERE `t_id` = 1  [ RunTime:0.0001s ]
SQL: SELECT * FROM `team` WHERE `t_id` = 3  [ RunTime:0.0001s ]
SQL: SELECT * FROM `team` WHERE `t_id` = 2  [ RunTime:0.0001s ]
SQL: SELECT * FROM `team` WHERE `t_id` = 0  [ RunTime:0.0001s ]
NOTIC: [8] Undefined offset: 0 /var/www/ScoreBoard/Cloud/Home/Controller/ShowController.class.php 第 232 行.
SQL: SELECT * FROM `team` WHERE `t_id` = 0  [ RunTime:0.0001s ]
NOTIC: [8] Undefined offset: 0 /var/www/ScoreBoard/Cloud/Home/Controller/ShowController.class.php 第 229 行.
SQL: SELECT * FROM `team` WHERE `t_id` = 0  [ RunTime:0.0001s ]
NOTIC: [8] Undefined offset: 0 /var/www/ScoreBoard/Cloud/Home/Controller/ShowController.class.php 第 232 行.

[ 2017-04-13T06:51:50+08:00 ] 14.30.114.44 /ScoreBoard/cloud.php/Home/Show/show_news?&_=1492037510158
INFO: [ app_init ] --START--
INFO: Run Behavior\BuildLiteBehavior [ RunTime:0.000015s ]
INFO: [ app_init ] --END-- [ RunTime:0.000238s ]
INFO: [ app_begin ] --START--
INFO: Run Behavior\ReadHtmlCacheBehavior [ RunTime:0.000279s ]
INFO: [ app_begin ] --END-- [ RunTime:0.000329s ]
SQL: SHOW COLUMNS FROM `outnews` [ RunTime:0.0007s ]
SQL: SELECT * FROM `outnews` LIMIT 0,6   [ RunTime:0.0002s ]
SQL: SELECT * FROM `outnews` LIMIT 6,3   [ RunTime:0.0016s ]

[ 2017-04-13T06:51:50+08:00 ] 14.30.114.44 /ScoreBoard/cloud.php/Home/Show/add_view?&callback=flightHandler&_=1492037510162
INFO: [ app_init ] --START--
INFO: Run Behavior\BuildLiteBehavior [ RunTime:0.000013s ]
INFO: [ app_init ] --END-- [ RunTime:0.000227s ]
INFO: [ app_begin ] --START--
INFO: Run Behavior\ReadHtmlCacheBehavior [ RunTime:0.000282s ]
INFO: [ app_begin ] --END-- [ RunTime:0.000332s ]
SQL: SHOW COLUMNS FROM `number` [ RunTime:0.0010s ]
SQL: SELECT * FROM `number` WHERE `id` = 1  [ RunTime:0.0001s ]
SQL: UPDATE `number` SET `view_num`='1719' WHERE `id` = 1 [ RunTime:0.0175s ]
INFO: [ app_end ] --START--
INFO: Run Behavior\ShowPageTraceBehavior [ RunTime:0.000412s ]
INFO: [ app_end ] --END-- [ RunTime:0.000463s ]

[ 2017-04-13T06:51:50+08:00 ] 14.30.114.44 /ScoreBoard/cloud.php/Home/Show/show_videos?&_=1492037510159
INFO: [ app_init ] --START--
INFO: Run Behavior\BuildLiteBehavior [ RunTime:0.000012s ]
INFO: [ app_init ] --END-- [ RunTime:0.000226s ]
INFO: [ app_begin ] --START--
INFO: Run Behavior\ReadHtmlCacheBehavior [ RunTime:0.000270s ]
INFO: [ app_begin ] --END-- [ RunTime:0.000330s ]
SQL: SHOW COLUMNS FROM `pk` [ RunTime:0.0119s ]
SQL: SELECT `image1`,`pk_name`,`intro` FROM `pk` WHERE ( state=1 ) ORDER BY pk_id desc LIMIT 0,4   [ RunTime:0.0028s ]
SQL: SELECT `image1`,`pk_name`,`intro` FROM `pk` WHERE ( state=1 ) ORDER BY pk_id desc LIMIT 4,3   [ RunTime:0.0001s ]

[ 2017-04-13T06:51:50+08:00 ] 14.30.114.44 /ScoreBoard/cloud.php/Home/Show/show_team?&_=1492037510160
INFO: [ app_init ] --START--
INFO: Run Behavior\BuildLiteBehavior [ RunTime:0.000017s ]
INFO: [ app_init ] --END-- [ RunTime:0.000293s ]
INFO: [ app_begin ] --START--
INFO: Run Behavior\ReadHtmlCacheBehavior [ RunTime:0.006788s ]
INFO: [ app_begin ] --END-- [ RunTime:0.006851s ]
SQL: SHOW COLUMNS FROM `team` [ RunTime:0.0110s ]
SQL: SELECT * FROM `team`  [ RunTime:0.0001s ]
NOTIC: [2] Division by zero /var/www/ScoreBoard/Cloud/Home/Controller/ShowController.class.php 第 460 行.
NOTIC: [2] Division by zero /var/www/ScoreBoard/Cloud/Home/Controller/ShowController.class.php 第 460 行.
NOTIC: [2] Division by zero /var/www/ScoreBoard/Cloud/Home/Controller/ShowController.class.php 第 460 行.
NOTIC: [2] Division by zero /var/www/ScoreBoard/Cloud/Home/Controller/ShowController.class.php 第 460 行.
NOTIC: [2] Division by zero /var/www/ScoreBoard/Cloud/Home/Controller/ShowController.class.php 第 460 行.
NOTIC: [2] Division by zero /var/www/ScoreBoard/Cloud/Home/Controller/ShowController.class.php 第 460 行.
NOTIC: [2] Division by zero /var/www/ScoreBoard/Cloud/Home/Controller/ShowController.class.php 第 460 行.
NOTIC: [2] Division by zero /var/www/ScoreBoard/Cloud/Home/Controller/ShowController.class.php 第 460 行.
NOTIC: [2] Division by zero /var/www/ScoreBoard/Cloud/Home/Controller/ShowController.class.php 第 460 行.

[ 2017-04-13T06:51:50+08:00 ] 14.30.114.44 /ScoreBoard/cloud.php/Home/Show/pk_show?&_=1492037510157
INFO: [ app_init ] --START--
INFO: Run Behavior\BuildLiteBehavior [ RunTime:0.000012s ]
INFO: [ app_init ] --END-- [ RunTime:0.000227s ]
INFO: [ app_begin ] --START--
INFO: Run Behavior\ReadHtmlCacheBehavior [ RunTime:0.000280s ]
INFO: [ app_begin ] --END-- [ RunTime:0.000328s ]
SQL: SHOW COLUMNS FROM `pk` [ RunTime:0.0006s ]
SQL: SELECT * FROM `pk` WHERE `state` >= 1  [ RunTime:0.0001s ]
SQL: SHOW COLUMNS FROM `team` [ RunTime:0.0004s ]
SQL: SELECT * FROM `team` WHERE `t_id` = 1  [ RunTime:0.0001s ]
SQL: SELECT * FROM `team` WHERE `t_id` = 10  [ RunTime:0.0001s ]
NOTIC: [8] Undefined offset: 0 /var/www/ScoreBoard/Cloud/Home/Controller/ShowController.class.php 第 232 行.
SQL: SELECT * FROM `team` WHERE `t_id` = 1  [ RunTime:0.0001s ]
SQL: SELECT * FROM `team` WHERE `t_id` = 3  [ RunTime:0.0001s ]
SQL: SELECT * FROM `team` WHERE `t_id` = 2  [ RunTime:0.0001s ]
SQL: SELECT * FROM `team` WHERE `t_id` = 4  [ RunTime:0.0001s ]
SQL: SELECT * FROM `team` WHERE `t_id` = 2  [ RunTime:0.0001s ]
SQL: SELECT * FROM `team` WHERE `t_id` = 3  [ RunTime:0.0001s ]
SQL: SELECT * FROM `team` WHERE `t_id` = 2  [ RunTime:0.0001s ]
SQL: SELECT * FROM `team` WHERE `t_id` = 1  [ RunTime:0.0001s ]
SQL: SELECT * FROM `team` WHERE `t_id` = 1  [ RunTime:0.0001s ]
SQL: SELECT * FROM `team` WHERE `t_id` = 3  [ RunTime:0.0001s ]
SQL: SELECT * FROM `team` WHERE `t_id` = 2  [ RunTime:0.0001s ]
SQL: SELECT * FROM `team` WHERE `t_id` = 0  [ RunTime:0.0001s ]
NOTIC: [8] Undefined offset: 0 /var/www/ScoreBoard/Cloud/Home/Controller/ShowController.class.php 第 232 行.
SQL: SELECT * FROM `team` WHERE `t_id` = 0  [ RunTime:0.0001s ]
NOTIC: [8] Undefined offset: 0 /var/www/ScoreBoard/Cloud/Home/Controller/ShowController.class.php 第 229 行.
SQL: SELECT * FROM `team` WHERE `t_id` = 0  [ RunTime:0.0001s ]
NOTIC: [8] Undefined offset: 0 /var/www/ScoreBoard/Cloud/Home/Controller/ShowController.class.php 第 232 行.

[ 2017-04-13T06:51:51+08:00 ] 14.30.114.44 /ScoreBoard/cloud.php/Home/Show/scanner_show?&_=1492037510161
INFO: [ app_init ] --START--
INFO: Run Behavior\BuildLiteBehavior [ RunTime:0.000015s ]
INFO: [ app_init ] --END-- [ RunTime:0.000280s ]
INFO: [ app_begin ] --START--
INFO: Run Behavior\ReadHtmlCacheBehavior [ RunTime:0.000332s ]
INFO: [ app_begin ] --END-- [ RunTime:0.000390s ]
SQL: SHOW COLUMNS FROM `pk` [ RunTime:0.0006s ]
SQL: SELECT `image1`,`pk_name` FROM `pk` WHERE ( state=1 ) LIMIT 0,4   [ RunTime:0.0001s ]

[ 2017-04-13T06:51:51+08:00 ] 14.30.114.44 /ScoreBoard/cloud.php/Home/Show/show_view_download?&_=1492037510163
INFO: [ app_init ] --START--
INFO: Run Behavior\BuildLiteBehavior [ RunTime:0.000013s ]
INFO: [ app_init ] --END-- [ RunTime:0.000218s ]
INFO: [ app_begin ] --START--
INFO: Run Behavior\ReadHtmlCacheBehavior [ RunTime:0.000270s ]
INFO: [ app_begin ] --END-- [ RunTime:0.000318s ]
SQL: SHOW COLUMNS FROM `number` [ RunTime:0.0005s ]
SQL: SELECT * FROM `number` WHERE `id` = 1  [ RunTime:0.0002s ]

[ 2017-04-13T06:51:51+08:00 ] 14.30.114.44 /ScoreBoard/cloud.php/Home/Show/show_view_download?&_=1492037510163
INFO: [ app_init ] --START--
INFO: Run Behavior\BuildLiteBehavior [ RunTime:0.000014s ]
INFO: [ app_init ] --END-- [ RunTime:0.000233s ]
INFO: [ app_begin ] --START--
INFO: Run Behavior\ReadHtmlCacheBehavior [ RunTime:0.000280s ]
INFO: [ app_begin ] --END-- [ RunTime:0.000330s ]
SQL: SHOW COLUMNS FROM `number` [ RunTime:0.0005s ]
SQL: SELECT * FROM `number` WHERE `id` = 1  [ RunTime:0.0008s ]

[ 2017-04-13T06:51:51+08:00 ] 14.30.114.44 /ScoreBoard/cloud.php/Home/Show/show_team?&_=1492037510160
INFO: [ app_init ] --START--
INFO: Run Behavior\BuildLiteBehavior [ RunTime:0.000012s ]
INFO: [ app_init ] --END-- [ RunTime:0.000244s ]
INFO: [ app_begin ] --START--
INFO: Run Behavior\ReadHtmlCacheBehavior [ RunTime:0.000324s ]
INFO: [ app_begin ] --END-- [ RunTime:0.000382s ]
SQL: SHOW COLUMNS FROM `team` [ RunTime:0.0006s ]
SQL: SELECT * FROM `team`  [ RunTime:0.0024s ]
NOTIC: [2] Division by zero /var/www/ScoreBoard/Cloud/Home/Controller/ShowController.class.php 第 460 行.
NOTIC: [2] Division by zero /var/www/ScoreBoard/Cloud/Home/Controller/ShowController.class.php 第 460 行.
NOTIC: [2] Division by zero /var/www/ScoreBoard/Cloud/Home/Controller/ShowController.class.php 第 460 行.
NOTIC: [2] Division by zero /var/www/ScoreBoard/Cloud/Home/Controller/ShowController.class.php 第 460 行.
NOTIC: [2] Division by zero /var/www/ScoreBoard/Cloud/Home/Controller/ShowController.class.php 第 460 行.
NOTIC: [2] Division by zero /var/www/ScoreBoard/Cloud/Home/Controller/ShowController.class.php 第 460 行.
NOTIC: [2] Division by zero /var/www/ScoreBoard/Cloud/Home/Controller/ShowController.class.php 第 460 行.
NOTIC: [2] Division by zero /var/www/ScoreBoard/Cloud/Home/Controller/ShowController.class.php 第 460 行.
NOTIC: [2] Division by zero /var/www/ScoreBoard/Cloud/Home/Controller/ShowController.class.php 第 460 行.

[ 2017-04-13T06:51:51+08:00 ] 14.30.114.44 /ScoreBoard/cloud.php/Home/Show/scanner_show?&_=1492037510161
INFO: [ app_init ] --START--
INFO: Run Behavior\BuildLiteBehavior [ RunTime:0.000011s ]
INFO: [ app_init ] --END-- [ RunTime:0.000240s ]
INFO: [ app_begin ] --START--
INFO: Run Behavior\ReadHtmlCacheBehavior [ RunTime:0.000334s ]
INFO: [ app_begin ] --END-- [ RunTime:0.000411s ]
SQL: SHOW COLUMNS FROM `pk` [ RunTime:0.0005s ]
SQL: SELECT `image1`,`pk_name` FROM `pk` WHERE ( state=1 ) LIMIT 0,4   [ RunTime:0.0011s ]

[ 2017-04-13T06:51:51+08:00 ] 14.30.114.44 /ScoreBoard/cloud.php/Home/Show/show_videos?&_=1492037510159
INFO: [ app_init ] --START--
INFO: Run Behavior\BuildLiteBehavior [ RunTime:0.000011s ]
INFO: [ app_init ] --END-- [ RunTime:0.000217s ]
INFO: [ app_begin ] --START--
INFO: Run Behavior\ReadHtmlCacheBehavior [ RunTime:0.000287s ]
INFO: [ app_begin ] --END-- [ RunTime:0.000334s ]
SQL: SHOW COLUMNS FROM `pk` [ RunTime:0.0004s ]
SQL: SELECT `image1`,`pk_name`,`intro` FROM `pk` WHERE ( state=1 ) ORDER BY pk_id desc LIMIT 0,4   [ RunTime:0.0009s ]
SQL: SELECT `image1`,`pk_name`,`intro` FROM `pk` WHERE ( state=1 ) ORDER BY pk_id desc LIMIT 4,3   [ RunTime:0.0001s ]

[ 2017-04-13T06:51:51+08:00 ] 14.30.114.44 /ScoreBoard/cloud.php/Home/Show/show_news?&_=1492037510158
INFO: [ app_init ] --START--
INFO: Run Behavior\BuildLiteBehavior [ RunTime:0.000012s ]
INFO: [ app_init ] --END-- [ RunTime:0.000227s ]
INFO: [ app_begin ] --START--
INFO: Run Behavior\ReadHtmlCacheBehavior [ RunTime:0.000283s ]
INFO: [ app_begin ] --END-- [ RunTime:0.000331s ]
SQL: SHOW COLUMNS FROM `outnews` [ RunTime:0.0005s ]
SQL: SELECT * FROM `outnews` LIMIT 0,6   [ RunTime:0.0001s ]
SQL: SELECT * FROM `outnews` LIMIT 6,3   [ RunTime:0.0001s ]

