[ 2017-04-03T23:20:56+08:00 ] 183.44.71.202 /ScoreBoard/cloud.php/Home/Show/add_view?&callback=flightHandler&_=1491232853846
INFO: [ app_init ] --START--
INFO: Run Behavior\BuildLiteBehavior [ RunTime:0.000015s ]
INFO: [ app_init ] --END-- [ RunTime:0.000292s ]
INFO: [ app_begin ] --START--
INFO: Run Behavior\ReadHtmlCacheBehavior [ RunTime:0.000347s ]
INFO: [ app_begin ] --END-- [ RunTime:0.000404s ]
SQL: SHOW COLUMNS FROM `number` [ RunTime:0.0005s ]
SQL: SELECT * FROM `number` WHERE `id` = 1  [ RunTime:0.0001s ]
SQL: UPDATE `number` SET `view_num`='1711' WHERE `id` = 1 [ RunTime:0.0187s ]
INFO: [ app_end ] --START--
INFO: Run Behavior\ShowPageTraceBehavior [ RunTime:0.000437s ]
INFO: [ app_end ] --END-- [ RunTime:0.000506s ]

[ 2017-04-03T23:20:57+08:00 ] 183.44.71.202 /ScoreBoard/cloud.php/Home/Show/show_news?&_=1491232853842
INFO: [ app_init ] --START--
INFO: Run Behavior\BuildLiteBehavior [ RunTime:0.000013s ]
INFO: [ app_init ] --END-- [ RunTime:0.004264s ]
INFO: [ app_begin ] --START--
INFO: Run Behavior\ReadHtmlCacheBehavior [ RunTime:0.000302s ]
INFO: [ app_begin ] --END-- [ RunTime:0.000367s ]
SQL: SHOW COLUMNS FROM `outnews` [ RunTime:0.0003s ]
SQL: SELECT * FROM `outnews` LIMIT 0,6   [ RunTime:0.0004s ]
SQL: SELECT * FROM `outnews` LIMIT 6,3   [ RunTime:0.0003s ]

[ 2017-04-03T23:20:57+08:00 ] 183.44.71.202 /ScoreBoard/cloud.php/Home/Show/pk_show?&_=1491232853841
INFO: [ app_init ] --START--
INFO: Run Behavior\BuildLiteBehavior [ RunTime:0.000016s ]
INFO: [ app_init ] --END-- [ RunTime:0.000281s ]
INFO: [ app_begin ] --START--
INFO: Run Behavior\ReadHtmlCacheBehavior [ RunTime:0.000309s ]
INFO: [ app_begin ] --END-- [ RunTime:0.000366s ]
SQL: SHOW COLUMNS FROM `pk` [ RunTime:0.0006s ]
SQL: SELECT * FROM `pk` WHERE `state` >= 1  [ RunTime:0.0001s ]
SQL: SHOW COLUMNS FROM `team` [ RunTime:0.0011s ]
SQL: SELECT * FROM `team` WHERE `t_id` = 1  [ RunTime:0.0003s ]
SQL: SELECT * FROM `team` WHERE `t_id` = 10  [ RunTime:0.0009s ]
NOTIC: [8] Undefined offset: 0 /var/www/ScoreBoard/Cloud/Home/Controller/ShowController.class.php 第 232 行.
SQL: SELECT * FROM `team` WHERE `t_id` = 1  [ RunTime:0.0001s ]
SQL: SELECT * FROM `team` WHERE `t_id` = 3  [ RunTime:0.0001s ]
SQL: SELECT * FROM `team` WHERE `t_id` = 2  [ RunTime:0.0001s ]
SQL: SELECT * FROM `team` WHERE `t_id` = 4  [ RunTime:0.0014s ]
SQL: SELECT * FROM `team` WHERE `t_id` = 2  [ RunTime:0.0001s ]
SQL: SELECT * FROM `team` WHERE `t_id` = 3  [ RunTime:0.0001s ]
SQL: SELECT * FROM `team` WHERE `t_id` = 2  [ RunTime:0.0001s ]
SQL: SELECT * FROM `team` WHERE `t_id` = 1  [ RunTime:0.0001s ]
SQL: SELECT * FROM `team` WHERE `t_id` = 1  [ RunTime:0.0001s ]
SQL: SELECT * FROM `team` WHERE `t_id` = 3  [ RunTime:0.0001s ]
SQL: SELECT * FROM `team` WHERE `t_id` = 2  [ RunTime:0.0001s ]
SQL: SELECT * FROM `team` WHERE `t_id` = 0  [ RunTime:0.0001s ]
NOTIC: [8] Undefined offset: 0 /var/www/ScoreBoard/Cloud/Home/Controller/ShowController.class.php 第 232 行.
SQL: SELECT * FROM `team` WHERE `t_id` = 0  [ RunTime:0.0001s ]
NOTIC: [8] Undefined offset: 0 /var/www/ScoreBoard/Cloud/Home/Controller/ShowController.class.php 第 229 行.
SQL: SELECT * FROM `team` WHERE `t_id` = 0  [ RunTime:0.0001s ]
NOTIC: [8] Undefined offset: 0 /var/www/ScoreBoard/Cloud/Home/Controller/ShowController.class.php 第 232 行.

[ 2017-04-03T23:20:57+08:00 ] 183.44.71.202 /ScoreBoard/cloud.php/Home/Show/show_news?&_=1491232853842
INFO: [ app_init ] --START--
INFO: Run Behavior\BuildLiteBehavior [ RunTime:0.000012s ]
INFO: [ app_init ] --END-- [ RunTime:0.000235s ]
INFO: [ app_begin ] --START--
INFO: Run Behavior\ReadHtmlCacheBehavior [ RunTime:0.000291s ]
INFO: [ app_begin ] --END-- [ RunTime:0.000341s ]
SQL: SHOW COLUMNS FROM `outnews` [ RunTime:0.0005s ]
SQL: SELECT * FROM `outnews` LIMIT 0,6   [ RunTime:0.0001s ]
SQL: SELECT * FROM `outnews` LIMIT 6,3   [ RunTime:0.0001s ]

[ 2017-04-03T23:20:57+08:00 ] 183.44.71.202 /ScoreBoard/cloud.php/Home/Show/pk_show?&_=1491232853841
INFO: [ app_init ] --START--
INFO: Run Behavior\BuildLiteBehavior [ RunTime:0.000020s ]
INFO: [ app_init ] --END-- [ RunTime:0.000388s ]
INFO: [ app_begin ] --START--
INFO: Run Behavior\ReadHtmlCacheBehavior [ RunTime:0.000309s ]
INFO: [ app_begin ] --END-- [ RunTime:0.000360s ]
SQL: SHOW COLUMNS FROM `pk` [ RunTime:0.0004s ]
SQL: SELECT * FROM `pk` WHERE `state` >= 1  [ RunTime:0.0001s ]
SQL: SHOW COLUMNS FROM `team` [ RunTime:0.0018s ]
SQL: SELECT * FROM `team` WHERE `t_id` = 1  [ RunTime:0.0001s ]
SQL: SELECT * FROM `team` WHERE `t_id` = 10  [ RunTime:0.0001s ]
NOTIC: [8] Undefined offset: 0 /var/www/ScoreBoard/Cloud/Home/Controller/ShowController.class.php 第 232 行.
SQL: SELECT * FROM `team` WHERE `t_id` = 1  [ RunTime:0.0001s ]
SQL: SELECT * FROM `team` WHERE `t_id` = 3  [ RunTime:0.0001s ]
SQL: SELECT * FROM `team` WHERE `t_id` = 2  [ RunTime:0.0001s ]
SQL: SELECT * FROM `team` WHERE `t_id` = 4  [ RunTime:0.0001s ]
SQL: SELECT * FROM `team` WHERE `t_id` = 2  [ RunTime:0.0001s ]
SQL: SELECT * FROM `team` WHERE `t_id` = 3  [ RunTime:0.0001s ]
SQL: SELECT * FROM `team` WHERE `t_id` = 2  [ RunTime:0.0001s ]
SQL: SELECT * FROM `team` WHERE `t_id` = 1  [ RunTime:0.0001s ]
SQL: SELECT * FROM `team` WHERE `t_id` = 1  [ RunTime:0.0001s ]
SQL: SELECT * FROM `team` WHERE `t_id` = 3  [ RunTime:0.0001s ]
SQL: SELECT * FROM `team` WHERE `t_id` = 2  [ RunTime:0.0001s ]
SQL: SELECT * FROM `team` WHERE `t_id` = 0  [ RunTime:0.0001s ]
NOTIC: [8] Undefined offset: 0 /var/www/ScoreBoard/Cloud/Home/Controller/ShowController.class.php 第 232 行.
SQL: SELECT * FROM `team` WHERE `t_id` = 0  [ RunTime:0.0001s ]
NOTIC: [8] Undefined offset: 0 /var/www/ScoreBoard/Cloud/Home/Controller/ShowController.class.php 第 229 行.
SQL: SELECT * FROM `team` WHERE `t_id` = 0  [ RunTime:0.0001s ]
NOTIC: [8] Undefined offset: 0 /var/www/ScoreBoard/Cloud/Home/Controller/ShowController.class.php 第 232 行.

[ 2017-04-03T23:20:58+08:00 ] 183.44.71.202 /ScoreBoard/cloud.php/Home/Show/show_team?&_=1491232853844
INFO: [ app_init ] --START--
INFO: Run Behavior\BuildLiteBehavior [ RunTime:0.000016s ]
INFO: [ app_init ] --END-- [ RunTime:0.000279s ]
INFO: [ app_begin ] --START--
INFO: Run Behavior\ReadHtmlCacheBehavior [ RunTime:0.000311s ]
INFO: [ app_begin ] --END-- [ RunTime:0.000369s ]
SQL: SHOW COLUMNS FROM `team` [ RunTime:0.0006s ]
SQL: SELECT * FROM `team`  [ RunTime:0.0018s ]
NOTIC: [2] Division by zero /var/www/ScoreBoard/Cloud/Home/Controller/ShowController.class.php 第 460 行.
NOTIC: [2] Division by zero /var/www/ScoreBoard/Cloud/Home/Controller/ShowController.class.php 第 460 行.
NOTIC: [2] Division by zero /var/www/ScoreBoard/Cloud/Home/Controller/ShowController.class.php 第 460 行.
NOTIC: [2] Division by zero /var/www/ScoreBoard/Cloud/Home/Controller/ShowController.class.php 第 460 行.
NOTIC: [2] Division by zero /var/www/ScoreBoard/Cloud/Home/Controller/ShowController.class.php 第 460 行.
NOTIC: [2] Division by zero /var/www/ScoreBoard/Cloud/Home/Controller/ShowController.class.php 第 460 行.
NOTIC: [2] Division by zero /var/www/ScoreBoard/Cloud/Home/Controller/ShowController.class.php 第 460 行.
NOTIC: [2] Division by zero /var/www/ScoreBoard/Cloud/Home/Controller/ShowController.class.php 第 460 行.
NOTIC: [2] Division by zero /var/www/ScoreBoard/Cloud/Home/Controller/ShowController.class.php 第 460 行.

[ 2017-04-03T23:20:58+08:00 ] 183.44.71.202 /ScoreBoard/cloud.php/Home/Show/scanner_show?&_=1491232853845
INFO: [ app_init ] --START--
INFO: Run Behavior\BuildLiteBehavior [ RunTime:0.000019s ]
INFO: [ app_init ] --END-- [ RunTime:0.000323s ]
INFO: [ app_begin ] --START--
INFO: Run Behavior\ReadHtmlCacheBehavior [ RunTime:0.000321s ]
INFO: [ app_begin ] --END-- [ RunTime:0.000378s ]
SQL: SHOW COLUMNS FROM `pk` [ RunTime:0.0004s ]
SQL: SELECT `image1`,`pk_name` FROM `pk` WHERE ( state=1 ) LIMIT 0,4   [ RunTime:0.0025s ]

[ 2017-04-03T23:20:58+08:00 ] 183.44.71.202 /ScoreBoard/cloud.php/Home/Show/show_view_download?&_=1491232853847
INFO: [ app_init ] --START--
INFO: Run Behavior\BuildLiteBehavior [ RunTime:0.000017s ]
INFO: [ app_init ] --END-- [ RunTime:0.009400s ]
INFO: [ app_begin ] --START--
INFO: Run Behavior\ReadHtmlCacheBehavior [ RunTime:0.000312s ]
INFO: [ app_begin ] --END-- [ RunTime:0.000367s ]
SQL: SHOW COLUMNS FROM `number` [ RunTime:0.0003s ]
SQL: SELECT * FROM `number` WHERE `id` = 1  [ RunTime:0.0030s ]

[ 2017-04-03T23:20:58+08:00 ] 183.44.71.202 /ScoreBoard/cloud.php/Home/Show/show_videos?&_=1491232853843
INFO: [ app_init ] --START--
INFO: Run Behavior\BuildLiteBehavior [ RunTime:0.000017s ]
INFO: [ app_init ] --END-- [ RunTime:0.003419s ]
INFO: [ app_begin ] --START--
INFO: Run Behavior\ReadHtmlCacheBehavior [ RunTime:0.000310s ]
INFO: [ app_begin ] --END-- [ RunTime:0.000367s ]
SQL: SHOW COLUMNS FROM `pk` [ RunTime:0.0011s ]
SQL: SELECT `image1`,`pk_name`,`intro` FROM `pk` WHERE ( state=1 ) ORDER BY pk_id desc LIMIT 0,4   [ RunTime:0.0007s ]
SQL: SELECT `image1`,`pk_name`,`intro` FROM `pk` WHERE ( state=1 ) ORDER BY pk_id desc LIMIT 4,3   [ RunTime:0.0001s ]

[ 2017-04-03T23:20:58+08:00 ] 183.44.71.202 /ScoreBoard/cloud.php/Home/Show/show_view_download?&_=1491232853847
INFO: [ app_init ] --START--
INFO: Run Behavior\BuildLiteBehavior [ RunTime:0.000011s ]
INFO: [ app_init ] --END-- [ RunTime:0.000225s ]
INFO: [ app_begin ] --START--
INFO: Run Behavior\ReadHtmlCacheBehavior [ RunTime:0.000294s ]
INFO: [ app_begin ] --END-- [ RunTime:0.000342s ]
SQL: SHOW COLUMNS FROM `number` [ RunTime:0.0005s ]
SQL: SELECT * FROM `number` WHERE `id` = 1  [ RunTime:0.0001s ]

[ 2017-04-03T23:20:58+08:00 ] 183.44.71.202 /ScoreBoard/cloud.php/Home/Show/scanner_show?&_=1491232853845
INFO: [ app_init ] --START--
INFO: Run Behavior\BuildLiteBehavior [ RunTime:0.000011s ]
INFO: [ app_init ] --END-- [ RunTime:0.000234s ]
INFO: [ app_begin ] --START--
INFO: Run Behavior\ReadHtmlCacheBehavior [ RunTime:0.000286s ]
INFO: [ app_begin ] --END-- [ RunTime:0.000333s ]
SQL: SHOW COLUMNS FROM `pk` [ RunTime:0.0009s ]
SQL: SELECT `image1`,`pk_name` FROM `pk` WHERE ( state=1 ) LIMIT 0,4   [ RunTime:0.0017s ]

[ 2017-04-03T23:20:58+08:00 ] 183.44.71.202 /ScoreBoard/cloud.php/Home/Show/show_videos?&_=1491232853843
INFO: [ app_init ] --START--
INFO: Run Behavior\BuildLiteBehavior [ RunTime:0.000014s ]
INFO: [ app_init ] --END-- [ RunTime:0.000231s ]
INFO: [ app_begin ] --START--
INFO: Run Behavior\ReadHtmlCacheBehavior [ RunTime:0.000285s ]
INFO: [ app_begin ] --END-- [ RunTime:0.000333s ]
SQL: SHOW COLUMNS FROM `pk` [ RunTime:0.0008s ]
SQL: SELECT `image1`,`pk_name`,`intro` FROM `pk` WHERE ( state=1 ) ORDER BY pk_id desc LIMIT 0,4   [ RunTime:0.0018s ]
SQL: SELECT `image1`,`pk_name`,`intro` FROM `pk` WHERE ( state=1 ) ORDER BY pk_id desc LIMIT 4,3   [ RunTime:0.0001s ]

[ 2017-04-03T23:20:58+08:00 ] 183.44.71.202 /ScoreBoard/cloud.php/Home/Show/show_team?&_=1491232853844
INFO: [ app_init ] --START--
INFO: Run Behavior\BuildLiteBehavior [ RunTime:0.000013s ]
INFO: [ app_init ] --END-- [ RunTime:0.000224s ]
INFO: [ app_begin ] --START--
INFO: Run Behavior\ReadHtmlCacheBehavior [ RunTime:0.000313s ]
INFO: [ app_begin ] --END-- [ RunTime:0.000370s ]
SQL: SHOW COLUMNS FROM `team` [ RunTime:0.0005s ]
SQL: SELECT * FROM `team`  [ RunTime:0.0001s ]
NOTIC: [2] Division by zero /var/www/ScoreBoard/Cloud/Home/Controller/ShowController.class.php 第 460 行.
NOTIC: [2] Division by zero /var/www/ScoreBoard/Cloud/Home/Controller/ShowController.class.php 第 460 行.
NOTIC: [2] Division by zero /var/www/ScoreBoard/Cloud/Home/Controller/ShowController.class.php 第 460 行.
NOTIC: [2] Division by zero /var/www/ScoreBoard/Cloud/Home/Controller/ShowController.class.php 第 460 行.
NOTIC: [2] Division by zero /var/www/ScoreBoard/Cloud/Home/Controller/ShowController.class.php 第 460 行.
NOTIC: [2] Division by zero /var/www/ScoreBoard/Cloud/Home/Controller/ShowController.class.php 第 460 行.
NOTIC: [2] Division by zero /var/www/ScoreBoard/Cloud/Home/Controller/ShowController.class.php 第 460 行.
NOTIC: [2] Division by zero /var/www/ScoreBoard/Cloud/Home/Controller/ShowController.class.php 第 460 行.
NOTIC: [2] Division by zero /var/www/ScoreBoard/Cloud/Home/Controller/ShowController.class.php 第 460 行.

