[ 2017-02-26T19:35:45+08:00 ] ::1 /ScoreBoard/cloud.php/Home/Index/aaa
INFO: [ app_init ] --START--
INFO: Run Behavior\BuildLiteBehavior [ RunTime:0.000013s ]
INFO: [ app_init ] --END-- [ RunTime:0.000608s ]
INFO: [ app_begin ] --START--
INFO: Run Behavior\ReadHtmlCacheBehavior [ RunTime:0.000951s ]
INFO: [ app_begin ] --END-- [ RunTime:0.001041s ]
SQL: SHOW COLUMNS FROM `pk` [ RunTime:0.0546s ]
SQL: SELECT COUNT(*) AS tp_count FROM `pk` WHERE ( pk_id ) LIMIT 1   [ RunTime:0.0400s ]
ERR: SQLSTATE[42S22]: Column not found: 1054 Unknown column 'id' in 'where clause'

[ 2017-02-26T19:36:12+08:00 ] ::1 /ScoreBoard/cloud.php/Home/Index/aaa
INFO: [ app_init ] --START--
INFO: Run Behavior\BuildLiteBehavior [ RunTime:0.000013s ]
INFO: [ app_init ] --END-- [ RunTime:0.000647s ]
INFO: [ app_begin ] --START--
INFO: Run Behavior\ReadHtmlCacheBehavior [ RunTime:0.000818s ]
INFO: [ app_begin ] --END-- [ RunTime:0.000880s ]
SQL: SHOW COLUMNS FROM `pk` [ RunTime:0.0021s ]
SQL: SELECT COUNT(*) AS tp_count FROM `pk` WHERE ( pk_id ) LIMIT 1   [ RunTime:0.0004s ]
SQL: SELECT * FROM `pk` WHERE ( pk_id ) LIMIT 0,8   [ RunTime:0.0005s ]

[ 2017-02-26T19:36:27+08:00 ] ::1 /ScoreBoard/cloud.php/Home/Index/aaa
INFO: [ app_init ] --START--
INFO: Run Behavior\BuildLiteBehavior [ RunTime:0.000012s ]
INFO: [ app_init ] --END-- [ RunTime:0.000687s ]
INFO: [ app_begin ] --START--
INFO: Run Behavior\ReadHtmlCacheBehavior [ RunTime:0.001109s ]
INFO: [ app_begin ] --END-- [ RunTime:0.001195s ]
SQL: SHOW COLUMNS FROM `pk` [ RunTime:0.0019s ]
SQL: SELECT COUNT(*) AS tp_count FROM `pk` WHERE ( pk_id ) LIMIT 1   [ RunTime:0.0003s ]
SQL: SELECT * FROM `pk` WHERE ( pk_id ) LIMIT 0,8   [ RunTime:0.0004s ]

