[ 2017-05-11T20:19:38+08:00 ] 113.107.163.197 /ScoreBoard/cloud.php/Home/Show/show_videos?&_=1494505175237
INFO: [ app_init ] --START--
INFO: Run Behavior\BuildLiteBehavior [ RunTime:0.000013s ]
INFO: [ app_init ] --END-- [ RunTime:0.002539s ]
INFO: [ app_begin ] --START--
INFO: Run Behavior\ReadHtmlCacheBehavior [ RunTime:0.003206s ]
INFO: [ app_begin ] --END-- [ RunTime:0.003271s ]
SQL: SHOW COLUMNS FROM `pk` [ RunTime:0.0018s ]
SQL: SELECT `image1`,`pk_name`,`intro` FROM `pk` WHERE ( state=1 ) ORDER BY pk_id desc LIMIT 0,4   [ RunTime:0.0027s ]
SQL: SELECT `image1`,`pk_name`,`intro` FROM `pk` WHERE ( state=1 ) ORDER BY pk_id desc LIMIT 4,3   [ RunTime:0.0012s ]

[ 2017-05-11T20:19:38+08:00 ] 113.107.163.197 /ScoreBoard/cloud.php/Home/Show/show_news?&_=1494505175236
INFO: [ app_init ] --START--
INFO: Run Behavior\BuildLiteBehavior [ RunTime:0.000013s ]
INFO: [ app_init ] --END-- [ RunTime:0.003107s ]
INFO: [ app_begin ] --START--
INFO: Run Behavior\ReadHtmlCacheBehavior [ RunTime:0.003797s ]
INFO: [ app_begin ] --END-- [ RunTime:0.003867s ]
SQL: SHOW COLUMNS FROM `outnews` [ RunTime:0.0003s ]
SQL: SELECT * FROM `outnews` LIMIT 0,6   [ RunTime:0.0019s ]
SQL: SELECT * FROM `outnews` LIMIT 6,3   [ RunTime:0.0001s ]

[ 2017-05-11T20:19:38+08:00 ] 113.107.163.197 /ScoreBoard/cloud.php/Home/Show/show_team?&_=1494505175238
INFO: [ app_init ] --START--
INFO: Run Behavior\BuildLiteBehavior [ RunTime:0.000014s ]
INFO: [ app_init ] --END-- [ RunTime:0.001995s ]
INFO: [ app_begin ] --START--
INFO: Run Behavior\ReadHtmlCacheBehavior [ RunTime:0.002137s ]
INFO: [ app_begin ] --END-- [ RunTime:0.002207s ]
SQL: SHOW COLUMNS FROM `team` [ RunTime:0.0008s ]
SQL: SELECT * FROM `team`  [ RunTime:0.0018s ]
NOTIC: [2] Division by zero /var/www/ScoreBoard/Cloud/Home/Controller/ShowController.class.php 第 460 行.
NOTIC: [2] Division by zero /var/www/ScoreBoard/Cloud/Home/Controller/ShowController.class.php 第 460 行.
NOTIC: [2] Division by zero /var/www/ScoreBoard/Cloud/Home/Controller/ShowController.class.php 第 460 行.
NOTIC: [2] Division by zero /var/www/ScoreBoard/Cloud/Home/Controller/ShowController.class.php 第 460 行.
NOTIC: [2] Division by zero /var/www/ScoreBoard/Cloud/Home/Controller/ShowController.class.php 第 460 行.
NOTIC: [2] Division by zero /var/www/ScoreBoard/Cloud/Home/Controller/ShowController.class.php 第 460 行.
NOTIC: [2] Division by zero /var/www/ScoreBoard/Cloud/Home/Controller/ShowController.class.php 第 460 行.
NOTIC: [2] Division by zero /var/www/ScoreBoard/Cloud/Home/Controller/ShowController.class.php 第 460 行.
NOTIC: [2] Division by zero /var/www/ScoreBoard/Cloud/Home/Controller/ShowController.class.php 第 460 行.

[ 2017-05-11T20:19:38+08:00 ] 113.107.163.197 /ScoreBoard/cloud.php/Home/Show/pk_show?&_=1494505175235
INFO: [ app_init ] --START--
INFO: Run Behavior\BuildLiteBehavior [ RunTime:0.000025s ]
INFO: [ app_init ] --END-- [ RunTime:0.001408s ]
INFO: [ app_begin ] --START--
INFO: Run Behavior\ReadHtmlCacheBehavior [ RunTime:0.002551s ]
INFO: [ app_begin ] --END-- [ RunTime:0.002616s ]
SQL: SHOW COLUMNS FROM `pk` [ RunTime:0.0014s ]
SQL: SELECT * FROM `pk` WHERE `state` >= 1  [ RunTime:0.0014s ]
SQL: SHOW COLUMNS FROM `team` [ RunTime:0.0015s ]
SQL: SELECT * FROM `team` WHERE `t_id` = 1  [ RunTime:0.0003s ]
SQL: SELECT * FROM `team` WHERE `t_id` = 10  [ RunTime:0.0001s ]
NOTIC: [8] Undefined offset: 0 /var/www/ScoreBoard/Cloud/Home/Controller/ShowController.class.php 第 232 行.
SQL: SELECT * FROM `team` WHERE `t_id` = 1  [ RunTime:0.0001s ]
SQL: SELECT * FROM `team` WHERE `t_id` = 3  [ RunTime:0.0001s ]
SQL: SELECT * FROM `team` WHERE `t_id` = 2  [ RunTime:0.0001s ]
SQL: SELECT * FROM `team` WHERE `t_id` = 4  [ RunTime:0.0001s ]
SQL: SELECT * FROM `team` WHERE `t_id` = 2  [ RunTime:0.0012s ]
SQL: SELECT * FROM `team` WHERE `t_id` = 3  [ RunTime:0.0001s ]
SQL: SELECT * FROM `team` WHERE `t_id` = 2  [ RunTime:0.0001s ]
SQL: SELECT * FROM `team` WHERE `t_id` = 1  [ RunTime:0.0001s ]
SQL: SELECT * FROM `team` WHERE `t_id` = 1  [ RunTime:0.0001s ]
SQL: SELECT * FROM `team` WHERE `t_id` = 3  [ RunTime:0.0013s ]
SQL: SELECT * FROM `team` WHERE `t_id` = 2  [ RunTime:0.0001s ]
SQL: SELECT * FROM `team` WHERE `t_id` = 0  [ RunTime:0.0001s ]
NOTIC: [8] Undefined offset: 0 /var/www/ScoreBoard/Cloud/Home/Controller/ShowController.class.php 第 232 行.
SQL: SELECT * FROM `team` WHERE `t_id` = 0  [ RunTime:0.0001s ]
NOTIC: [8] Undefined offset: 0 /var/www/ScoreBoard/Cloud/Home/Controller/ShowController.class.php 第 229 行.
SQL: SELECT * FROM `team` WHERE `t_id` = 0  [ RunTime:0.0001s ]
NOTIC: [8] Undefined offset: 0 /var/www/ScoreBoard/Cloud/Home/Controller/ShowController.class.php 第 232 行.

[ 2017-05-11T20:19:38+08:00 ] 113.107.163.197 /ScoreBoard/cloud.php/Home/Show/scanner_show?&_=1494505175239
INFO: [ app_init ] --START--
INFO: Run Behavior\BuildLiteBehavior [ RunTime:0.000016s ]
INFO: [ app_init ] --END-- [ RunTime:0.000290s ]
INFO: [ app_begin ] --START--
INFO: Run Behavior\ReadHtmlCacheBehavior [ RunTime:0.007772s ]
INFO: [ app_begin ] --END-- [ RunTime:0.007915s ]
SQL: SHOW COLUMNS FROM `pk` [ RunTime:0.0004s ]
SQL: SELECT `image1`,`pk_name` FROM `pk` WHERE ( state=1 ) LIMIT 0,4   [ RunTime:0.0002s ]

[ 2017-05-11T20:19:38+08:00 ] 113.107.163.197 /ScoreBoard/cloud.php/Home/Show/show_team?&_=1494505175238
INFO: [ app_init ] --START--
INFO: Run Behavior\BuildLiteBehavior [ RunTime:0.000012s ]
INFO: [ app_init ] --END-- [ RunTime:0.000225s ]
INFO: [ app_begin ] --START--
INFO: Run Behavior\ReadHtmlCacheBehavior [ RunTime:0.000323s ]
INFO: [ app_begin ] --END-- [ RunTime:0.000372s ]
SQL: SHOW COLUMNS FROM `team` [ RunTime:0.0005s ]
SQL: SELECT * FROM `team`  [ RunTime:0.0001s ]
NOTIC: [2] Division by zero /var/www/ScoreBoard/Cloud/Home/Controller/ShowController.class.php 第 460 行.
NOTIC: [2] Division by zero /var/www/ScoreBoard/Cloud/Home/Controller/ShowController.class.php 第 460 行.
NOTIC: [2] Division by zero /var/www/ScoreBoard/Cloud/Home/Controller/ShowController.class.php 第 460 行.
NOTIC: [2] Division by zero /var/www/ScoreBoard/Cloud/Home/Controller/ShowController.class.php 第 460 行.
NOTIC: [2] Division by zero /var/www/ScoreBoard/Cloud/Home/Controller/ShowController.class.php 第 460 行.
NOTIC: [2] Division by zero /var/www/ScoreBoard/Cloud/Home/Controller/ShowController.class.php 第 460 行.
NOTIC: [2] Division by zero /var/www/ScoreBoard/Cloud/Home/Controller/ShowController.class.php 第 460 行.
NOTIC: [2] Division by zero /var/www/ScoreBoard/Cloud/Home/Controller/ShowController.class.php 第 460 行.
NOTIC: [2] Division by zero /var/www/ScoreBoard/Cloud/Home/Controller/ShowController.class.php 第 460 行.

[ 2017-05-11T20:19:38+08:00 ] 113.107.163.197 /ScoreBoard/cloud.php/Home/Show/show_news?&_=1494505175236
INFO: [ app_init ] --START--
INFO: Run Behavior\BuildLiteBehavior [ RunTime:0.000018s ]
INFO: [ app_init ] --END-- [ RunTime:0.000238s ]
INFO: [ app_begin ] --START--
INFO: Run Behavior\ReadHtmlCacheBehavior [ RunTime:0.000278s ]
INFO: [ app_begin ] --END-- [ RunTime:0.000326s ]
SQL: SHOW COLUMNS FROM `outnews` [ RunTime:0.0005s ]
SQL: SELECT * FROM `outnews` LIMIT 0,6   [ RunTime:0.0001s ]
SQL: SELECT * FROM `outnews` LIMIT 6,3   [ RunTime:0.0001s ]

[ 2017-05-11T20:19:38+08:00 ] 113.107.163.197 /ScoreBoard/cloud.php/Home/Show/add_view?&callback=flightHandler&_=1494505175240
INFO: [ app_init ] --START--
INFO: Run Behavior\BuildLiteBehavior [ RunTime:0.000015s ]
INFO: [ app_init ] --END-- [ RunTime:0.000287s ]
INFO: [ app_begin ] --START--
INFO: Run Behavior\ReadHtmlCacheBehavior [ RunTime:0.000334s ]
INFO: [ app_begin ] --END-- [ RunTime:0.000390s ]
SQL: SHOW COLUMNS FROM `number` [ RunTime:0.0005s ]
SQL: SELECT * FROM `number` WHERE `id` = 1  [ RunTime:0.0001s ]
SQL: UPDATE `number` SET `view_num`='1788' WHERE `id` = 1 [ RunTime:0.0103s ]
INFO: [ app_end ] --START--
INFO: Run Behavior\ShowPageTraceBehavior [ RunTime:0.008180s ]
INFO: [ app_end ] --END-- [ RunTime:0.008238s ]

[ 2017-05-11T20:19:38+08:00 ] 113.107.163.197 /ScoreBoard/cloud.php/Home/Show/show_view_download?&_=1494505175241
INFO: [ app_init ] --START--
INFO: Run Behavior\BuildLiteBehavior [ RunTime:0.000013s ]
INFO: [ app_init ] --END-- [ RunTime:0.000240s ]
INFO: [ app_begin ] --START--
INFO: Run Behavior\ReadHtmlCacheBehavior [ RunTime:0.000295s ]
INFO: [ app_begin ] --END-- [ RunTime:0.000346s ]
SQL: SHOW COLUMNS FROM `number` [ RunTime:0.0005s ]
SQL: SELECT * FROM `number` WHERE `id` = 1  [ RunTime:0.0002s ]

[ 2017-05-11T20:19:38+08:00 ] 113.107.163.197 /ScoreBoard/cloud.php/Home/Show/show_view_download?&_=1494505175241
INFO: [ app_init ] --START--
INFO: Run Behavior\BuildLiteBehavior [ RunTime:0.000018s ]
INFO: [ app_init ] --END-- [ RunTime:0.000308s ]
INFO: [ app_begin ] --START--
INFO: Run Behavior\ReadHtmlCacheBehavior [ RunTime:0.000275s ]
INFO: [ app_begin ] --END-- [ RunTime:0.000323s ]
SQL: SHOW COLUMNS FROM `number` [ RunTime:0.0005s ]
SQL: SELECT * FROM `number` WHERE `id` = 1  [ RunTime:0.0001s ]

[ 2017-05-11T20:19:38+08:00 ] 113.107.163.197 /ScoreBoard/cloud.php/Home/Show/show_videos?&_=1494505175237
INFO: [ app_init ] --START--
INFO: Run Behavior\BuildLiteBehavior [ RunTime:0.000013s ]
INFO: [ app_init ] --END-- [ RunTime:0.000224s ]
INFO: [ app_begin ] --START--
INFO: Run Behavior\ReadHtmlCacheBehavior [ RunTime:0.000280s ]
INFO: [ app_begin ] --END-- [ RunTime:0.000329s ]
SQL: SHOW COLUMNS FROM `pk` [ RunTime:0.0006s ]
SQL: SELECT `image1`,`pk_name`,`intro` FROM `pk` WHERE ( state=1 ) ORDER BY pk_id desc LIMIT 0,4   [ RunTime:0.0001s ]
SQL: SELECT `image1`,`pk_name`,`intro` FROM `pk` WHERE ( state=1 ) ORDER BY pk_id desc LIMIT 4,3   [ RunTime:0.0001s ]

[ 2017-05-11T20:19:38+08:00 ] 113.107.163.197 /ScoreBoard/cloud.php/Home/Show/scanner_show?&_=1494505175239
INFO: [ app_init ] --START--
INFO: Run Behavior\BuildLiteBehavior [ RunTime:0.000012s ]
INFO: [ app_init ] --END-- [ RunTime:0.000232s ]
INFO: [ app_begin ] --START--
INFO: Run Behavior\ReadHtmlCacheBehavior [ RunTime:0.000283s ]
INFO: [ app_begin ] --END-- [ RunTime:0.000339s ]
SQL: SHOW COLUMNS FROM `pk` [ RunTime:0.0006s ]
SQL: SELECT `image1`,`pk_name` FROM `pk` WHERE ( state=1 ) LIMIT 0,4   [ RunTime:0.0003s ]

[ 2017-05-11T20:19:38+08:00 ] 113.107.163.197 /ScoreBoard/cloud.php/Home/Show/pk_show?&_=1494505175235
INFO: [ app_init ] --START--
INFO: Run Behavior\BuildLiteBehavior [ RunTime:0.000014s ]
INFO: [ app_init ] --END-- [ RunTime:0.008203s ]
INFO: [ app_begin ] --START--
INFO: Run Behavior\ReadHtmlCacheBehavior [ RunTime:0.000295s ]
INFO: [ app_begin ] --END-- [ RunTime:0.000344s ]
SQL: SHOW COLUMNS FROM `pk` [ RunTime:0.0025s ]
SQL: SELECT * FROM `pk` WHERE `state` >= 1  [ RunTime:0.0001s ]
SQL: SHOW COLUMNS FROM `team` [ RunTime:0.0004s ]
SQL: SELECT * FROM `team` WHERE `t_id` = 1  [ RunTime:0.0001s ]
SQL: SELECT * FROM `team` WHERE `t_id` = 10  [ RunTime:0.0001s ]
NOTIC: [8] Undefined offset: 0 /var/www/ScoreBoard/Cloud/Home/Controller/ShowController.class.php 第 232 行.
SQL: SELECT * FROM `team` WHERE `t_id` = 1  [ RunTime:0.0001s ]
SQL: SELECT * FROM `team` WHERE `t_id` = 3  [ RunTime:0.0001s ]
SQL: SELECT * FROM `team` WHERE `t_id` = 2  [ RunTime:0.0001s ]
SQL: SELECT * FROM `team` WHERE `t_id` = 4  [ RunTime:0.0001s ]
SQL: SELECT * FROM `team` WHERE `t_id` = 2  [ RunTime:0.0001s ]
SQL: SELECT * FROM `team` WHERE `t_id` = 3  [ RunTime:0.0006s ]
SQL: SELECT * FROM `team` WHERE `t_id` = 2  [ RunTime:0.0004s ]
SQL: SELECT * FROM `team` WHERE `t_id` = 1  [ RunTime:0.0007s ]
SQL: SELECT * FROM `team` WHERE `t_id` = 1  [ RunTime:0.0001s ]
SQL: SELECT * FROM `team` WHERE `t_id` = 3  [ RunTime:0.0001s ]
SQL: SELECT * FROM `team` WHERE `t_id` = 2  [ RunTime:0.0013s ]
SQL: SELECT * FROM `team` WHERE `t_id` = 0  [ RunTime:0.0001s ]
NOTIC: [8] Undefined offset: 0 /var/www/ScoreBoard/Cloud/Home/Controller/ShowController.class.php 第 232 行.
SQL: SELECT * FROM `team` WHERE `t_id` = 0  [ RunTime:0.0001s ]
NOTIC: [8] Undefined offset: 0 /var/www/ScoreBoard/Cloud/Home/Controller/ShowController.class.php 第 229 行.
SQL: SELECT * FROM `team` WHERE `t_id` = 0  [ RunTime:0.0001s ]
NOTIC: [8] Undefined offset: 0 /var/www/ScoreBoard/Cloud/Home/Controller/ShowController.class.php 第 232 行.

[ 2017-05-11T20:19:48+08:00 ] 101.226.65.108 /ScoreBoard/cloud.php/Home/Show/show_news?&_=1494505175236
INFO: [ app_init ] --START--
INFO: Run Behavior\BuildLiteBehavior [ RunTime:0.000015s ]
INFO: [ app_init ] --END-- [ RunTime:0.000286s ]
INFO: [ app_begin ] --START--
INFO: Run Behavior\ReadHtmlCacheBehavior [ RunTime:0.000393s ]
INFO: [ app_begin ] --END-- [ RunTime:0.000449s ]
SQL: SHOW COLUMNS FROM `outnews` [ RunTime:0.0005s ]
SQL: SELECT * FROM `outnews` LIMIT 0,6   [ RunTime:0.0001s ]
SQL: SELECT * FROM `outnews` LIMIT 6,3   [ RunTime:0.0001s ]

[ 2017-05-11T20:19:48+08:00 ] 180.153.163.190 /ScoreBoard/cloud.php/Home/Show/scanner_show?&_=1494505175239
INFO: [ app_init ] --START--
INFO: Run Behavior\BuildLiteBehavior [ RunTime:0.000012s ]
INFO: [ app_init ] --END-- [ RunTime:0.000219s ]
INFO: [ app_begin ] --START--
INFO: Run Behavior\ReadHtmlCacheBehavior [ RunTime:0.000282s ]
INFO: [ app_begin ] --END-- [ RunTime:0.000336s ]
SQL: SHOW COLUMNS FROM `pk` [ RunTime:0.0006s ]
SQL: SELECT `image1`,`pk_name` FROM `pk` WHERE ( state=1 ) LIMIT 0,4   [ RunTime:0.0024s ]

[ 2017-05-11T20:19:48+08:00 ] 101.226.85.67 /ScoreBoard/cloud.php/Home/Show/show_view_download?&_=1494505175241
INFO: [ app_init ] --START--
INFO: Run Behavior\BuildLiteBehavior [ RunTime:0.000012s ]
INFO: [ app_init ] --END-- [ RunTime:0.000226s ]
INFO: [ app_begin ] --START--
INFO: Run Behavior\ReadHtmlCacheBehavior [ RunTime:0.010238s ]
INFO: [ app_begin ] --END-- [ RunTime:0.010290s ]
SQL: SHOW COLUMNS FROM `number` [ RunTime:0.0007s ]
SQL: SELECT * FROM `number` WHERE `id` = 1  [ RunTime:0.0007s ]

[ 2017-05-11T20:19:48+08:00 ] 180.153.205.254 /ScoreBoard/cloud.php/Home/Show/show_team?&_=1494505175238
INFO: [ app_init ] --START--
INFO: Run Behavior\BuildLiteBehavior [ RunTime:0.000016s ]
INFO: [ app_init ] --END-- [ RunTime:0.000295s ]
INFO: [ app_begin ] --START--
INFO: Run Behavior\ReadHtmlCacheBehavior [ RunTime:0.000326s ]
INFO: [ app_begin ] --END-- [ RunTime:0.000381s ]
SQL: SHOW COLUMNS FROM `team` [ RunTime:0.0008s ]
SQL: SELECT * FROM `team`  [ RunTime:0.0023s ]
NOTIC: [2] Division by zero /var/www/ScoreBoard/Cloud/Home/Controller/ShowController.class.php 第 460 行.
NOTIC: [2] Division by zero /var/www/ScoreBoard/Cloud/Home/Controller/ShowController.class.php 第 460 行.
NOTIC: [2] Division by zero /var/www/ScoreBoard/Cloud/Home/Controller/ShowController.class.php 第 460 行.
NOTIC: [2] Division by zero /var/www/ScoreBoard/Cloud/Home/Controller/ShowController.class.php 第 460 行.
NOTIC: [2] Division by zero /var/www/ScoreBoard/Cloud/Home/Controller/ShowController.class.php 第 460 行.
NOTIC: [2] Division by zero /var/www/ScoreBoard/Cloud/Home/Controller/ShowController.class.php 第 460 行.
NOTIC: [2] Division by zero /var/www/ScoreBoard/Cloud/Home/Controller/ShowController.class.php 第 460 行.
NOTIC: [2] Division by zero /var/www/ScoreBoard/Cloud/Home/Controller/ShowController.class.php 第 460 行.
NOTIC: [2] Division by zero /var/www/ScoreBoard/Cloud/Home/Controller/ShowController.class.php 第 460 行.

[ 2017-05-11T20:19:48+08:00 ] 180.163.2.118 /ScoreBoard/cloud.php/Home/Show/show_videos?&_=1494505175237
INFO: [ app_init ] --START--
INFO: Run Behavior\BuildLiteBehavior [ RunTime:0.000017s ]
INFO: [ app_init ] --END-- [ RunTime:0.000316s ]
INFO: [ app_begin ] --START--
INFO: Run Behavior\ReadHtmlCacheBehavior [ RunTime:0.000321s ]
INFO: [ app_begin ] --END-- [ RunTime:0.000377s ]
SQL: SHOW COLUMNS FROM `pk` [ RunTime:0.0007s ]
SQL: SELECT `image1`,`pk_name`,`intro` FROM `pk` WHERE ( state=1 ) ORDER BY pk_id desc LIMIT 0,4   [ RunTime:0.0007s ]
SQL: SELECT `image1`,`pk_name`,`intro` FROM `pk` WHERE ( state=1 ) ORDER BY pk_id desc LIMIT 4,3   [ RunTime:0.0001s ]

[ 2017-05-11T20:19:48+08:00 ] 101.226.89.116 /ScoreBoard/cloud.php/Home/Show/pk_show?&_=1494505175235
INFO: [ app_init ] --START--
INFO: Run Behavior\BuildLiteBehavior [ RunTime:0.000016s ]
INFO: [ app_init ] --END-- [ RunTime:0.000287s ]
INFO: [ app_begin ] --START--
INFO: Run Behavior\ReadHtmlCacheBehavior [ RunTime:0.000340s ]
INFO: [ app_begin ] --END-- [ RunTime:0.000409s ]
SQL: SHOW COLUMNS FROM `pk` [ RunTime:0.0012s ]
SQL: SELECT * FROM `pk` WHERE `state` >= 1  [ RunTime:0.0026s ]
SQL: SHOW COLUMNS FROM `team` [ RunTime:0.0021s ]
SQL: SELECT * FROM `team` WHERE `t_id` = 1  [ RunTime:0.0025s ]
SQL: SELECT * FROM `team` WHERE `t_id` = 10  [ RunTime:0.0001s ]
NOTIC: [8] Undefined offset: 0 /var/www/ScoreBoard/Cloud/Home/Controller/ShowController.class.php 第 232 行.
SQL: SELECT * FROM `team` WHERE `t_id` = 1  [ RunTime:0.0009s ]
SQL: SELECT * FROM `team` WHERE `t_id` = 3  [ RunTime:0.0001s ]
SQL: SELECT * FROM `team` WHERE `t_id` = 2  [ RunTime:0.0001s ]
SQL: SELECT * FROM `team` WHERE `t_id` = 4  [ RunTime:0.0001s ]
SQL: SELECT * FROM `team` WHERE `t_id` = 2  [ RunTime:0.0007s ]
SQL: SELECT * FROM `team` WHERE `t_id` = 3  [ RunTime:0.0012s ]
SQL: SELECT * FROM `team` WHERE `t_id` = 2  [ RunTime:0.0001s ]
SQL: SELECT * FROM `team` WHERE `t_id` = 1  [ RunTime:0.0001s ]
SQL: SELECT * FROM `team` WHERE `t_id` = 1  [ RunTime:0.0001s ]
SQL: SELECT * FROM `team` WHERE `t_id` = 3  [ RunTime:0.0001s ]
SQL: SELECT * FROM `team` WHERE `t_id` = 2  [ RunTime:0.0001s ]
SQL: SELECT * FROM `team` WHERE `t_id` = 0  [ RunTime:0.0006s ]
NOTIC: [8] Undefined offset: 0 /var/www/ScoreBoard/Cloud/Home/Controller/ShowController.class.php 第 232 行.
SQL: SELECT * FROM `team` WHERE `t_id` = 0  [ RunTime:0.0005s ]
NOTIC: [8] Undefined offset: 0 /var/www/ScoreBoard/Cloud/Home/Controller/ShowController.class.php 第 229 行.
SQL: SELECT * FROM `team` WHERE `t_id` = 0  [ RunTime:0.0001s ]
NOTIC: [8] Undefined offset: 0 /var/www/ScoreBoard/Cloud/Home/Controller/ShowController.class.php 第 232 行.

[ 2017-05-11T20:19:49+08:00 ] 113.107.163.197 /ScoreBoard/cloud.php/Home/Index/show_personal?&reg_id=8&_=1494505187010
INFO: [ app_init ] --START--
INFO: Run Behavior\BuildLiteBehavior [ RunTime:0.000015s ]
INFO: [ app_init ] --END-- [ RunTime:0.000237s ]
INFO: [ app_begin ] --START--
INFO: Run Behavior\ReadHtmlCacheBehavior [ RunTime:0.000270s ]
INFO: [ app_begin ] --END-- [ RunTime:0.000320s ]
SQL: SHOW COLUMNS FROM `reguser` [ RunTime:0.0009s ]
SQL: SELECT * FROM `reguser` WHERE `reg_id` = 8  [ RunTime:0.0024s ]

[ 2017-05-11T20:19:49+08:00 ] 113.107.163.197 /ScoreBoard/cloud.php/Home/Index/pk_myself?&reg_id=8&_=1494505187012
INFO: [ app_init ] --START--
INFO: Run Behavior\BuildLiteBehavior [ RunTime:0.000012s ]
INFO: [ app_init ] --END-- [ RunTime:0.000265s ]
INFO: [ app_begin ] --START--
INFO: Run Behavior\ReadHtmlCacheBehavior [ RunTime:0.000291s ]
INFO: [ app_begin ] --END-- [ RunTime:0.000340s ]
SQL: SHOW COLUMNS FROM `user_team` [ RunTime:0.0009s ]
SQL: SELECT * FROM `user_team` WHERE `reg_id` = 8  [ RunTime:0.0006s ]
SQL: SHOW COLUMNS FROM `reg_league` [ RunTime:0.0025s ]
SQL: SELECT * FROM `reg_league` WHERE `reg_id` = 8  [ RunTime:0.0007s ]
SQL: SHOW COLUMNS FROM `pk` [ RunTime:0.0004s ]
SQL: SELECT * FROM `pk` WHERE `t_id2` = '11' AND `pk_character` = 0  [ RunTime:0.0003s ]
SQL: SELECT * FROM `pk` WHERE `t_id1` = '11' AND `pk_character` = 0  [ RunTime:0.0016s ]
SQL: SELECT * FROM `pk` WHERE `t_id1` = '11' AND `pk_character` = 2  [ RunTime:0.0002s ]
NOTIC: [8] Undefined variable: data1 /var/www/ScoreBoard/Cloud/Home/Controller/IndexController.class.php 第 199 行.
NOTIC: [8] Undefined variable: data2 /var/www/ScoreBoard/Cloud/Home/Controller/IndexController.class.php 第 199 行.
NOTIC: [8] Undefined variable: data3 /var/www/ScoreBoard/Cloud/Home/Controller/IndexController.class.php 第 199 行.
NOTIC: [8] Undefined variable: data4 /var/www/ScoreBoard/Cloud/Home/Controller/IndexController.class.php 第 199 行.

[ 2017-05-11T20:19:49+08:00 ] 113.107.163.197 /ScoreBoard/cloud.php/Home/Index/show_mes?&reg_id=8&_=1494505187011
INFO: [ app_init ] --START--
INFO: Run Behavior\BuildLiteBehavior [ RunTime:0.000015s ]
INFO: [ app_init ] --END-- [ RunTime:0.000280s ]
INFO: [ app_begin ] --START--
INFO: Run Behavior\ReadHtmlCacheBehavior [ RunTime:0.000307s ]
INFO: [ app_begin ] --END-- [ RunTime:0.000371s ]
SQL: SHOW COLUMNS FROM `reguser` [ RunTime:0.0005s ]
SQL: SELECT * FROM `reguser` WHERE `reg_id` = 8  [ RunTime:0.0001s ]
SQL: SHOW COLUMNS FROM `message` [ RunTime:0.0003s ]
SQL: SELECT * FROM `message` WHERE `to_id` = 8  [ RunTime:0.0001s ]

[ 2017-05-11T20:19:49+08:00 ] 113.107.163.197 /ScoreBoard/cloud.php/Home/Index/show_personal?&reg_id=8&_=1494505187010
INFO: [ app_init ] --START--
INFO: Run Behavior\BuildLiteBehavior [ RunTime:0.000012s ]
INFO: [ app_init ] --END-- [ RunTime:0.000228s ]
INFO: [ app_begin ] --START--
INFO: Run Behavior\ReadHtmlCacheBehavior [ RunTime:0.000293s ]
INFO: [ app_begin ] --END-- [ RunTime:0.000341s ]
SQL: SHOW COLUMNS FROM `reguser` [ RunTime:0.0006s ]
SQL: SELECT * FROM `reguser` WHERE `reg_id` = 8  [ RunTime:0.0001s ]

[ 2017-05-11T20:19:49+08:00 ] 113.107.163.197 /ScoreBoard/cloud.php/Home/Index/show_mes?&reg_id=8&_=1494505187011
INFO: [ app_init ] --START--
INFO: Run Behavior\BuildLiteBehavior [ RunTime:0.000010s ]
INFO: [ app_init ] --END-- [ RunTime:0.000240s ]
INFO: [ app_begin ] --START--
INFO: Run Behavior\ReadHtmlCacheBehavior [ RunTime:0.000312s ]
INFO: [ app_begin ] --END-- [ RunTime:0.000371s ]
SQL: SHOW COLUMNS FROM `reguser` [ RunTime:0.0005s ]
SQL: SELECT * FROM `reguser` WHERE `reg_id` = 8  [ RunTime:0.0001s ]
SQL: SHOW COLUMNS FROM `message` [ RunTime:0.0003s ]
SQL: SELECT * FROM `message` WHERE `to_id` = 8  [ RunTime:0.0001s ]

[ 2017-05-11T20:19:49+08:00 ] 113.107.163.197 /ScoreBoard/cloud.php/Home/Index/pk_myself?&reg_id=8&_=1494505187012
INFO: [ app_init ] --START--
INFO: Run Behavior\BuildLiteBehavior [ RunTime:0.000012s ]
INFO: [ app_init ] --END-- [ RunTime:0.000225s ]
INFO: [ app_begin ] --START--
INFO: Run Behavior\ReadHtmlCacheBehavior [ RunTime:0.000279s ]
INFO: [ app_begin ] --END-- [ RunTime:0.000328s ]
SQL: SHOW COLUMNS FROM `user_team` [ RunTime:0.0005s ]
SQL: SELECT * FROM `user_team` WHERE `reg_id` = 8  [ RunTime:0.0001s ]
SQL: SHOW COLUMNS FROM `reg_league` [ RunTime:0.0003s ]
SQL: SELECT * FROM `reg_league` WHERE `reg_id` = 8  [ RunTime:0.0001s ]
SQL: SHOW COLUMNS FROM `pk` [ RunTime:0.0004s ]
SQL: SELECT * FROM `pk` WHERE `t_id2` = '11' AND `pk_character` = 0  [ RunTime:0.0001s ]
SQL: SELECT * FROM `pk` WHERE `t_id1` = '11' AND `pk_character` = 0  [ RunTime:0.0001s ]
SQL: SELECT * FROM `pk` WHERE `t_id1` = '11' AND `pk_character` = 2  [ RunTime:0.0001s ]
NOTIC: [8] Undefined variable: data1 /var/www/ScoreBoard/Cloud/Home/Controller/IndexController.class.php 第 199 行.
NOTIC: [8] Undefined variable: data2 /var/www/ScoreBoard/Cloud/Home/Controller/IndexController.class.php 第 199 行.
NOTIC: [8] Undefined variable: data3 /var/www/ScoreBoard/Cloud/Home/Controller/IndexController.class.php 第 199 行.
NOTIC: [8] Undefined variable: data4 /var/www/ScoreBoard/Cloud/Home/Controller/IndexController.class.php 第 199 行.

[ 2017-05-11T20:19:52+08:00 ] 113.107.163.197 /ScoreBoard/cloud.php/Home/Show/show_videos?&_=1494505189646
INFO: [ app_init ] --START--
INFO: Run Behavior\BuildLiteBehavior [ RunTime:0.000012s ]
INFO: [ app_init ] --END-- [ RunTime:0.000226s ]
INFO: [ app_begin ] --START--
INFO: Run Behavior\ReadHtmlCacheBehavior [ RunTime:0.008323s ]
INFO: [ app_begin ] --END-- [ RunTime:0.008377s ]
SQL: SHOW COLUMNS FROM `pk` [ RunTime:0.0006s ]
SQL: SELECT `image1`,`pk_name`,`intro` FROM `pk` WHERE ( state=1 ) ORDER BY pk_id desc LIMIT 0,4   [ RunTime:0.0008s ]
SQL: SELECT `image1`,`pk_name`,`intro` FROM `pk` WHERE ( state=1 ) ORDER BY pk_id desc LIMIT 4,3   [ RunTime:0.0007s ]

[ 2017-05-11T20:19:52+08:00 ] 113.107.163.197 /ScoreBoard/cloud.php/Home/Show/show_news?&_=1494505189645
INFO: [ app_init ] --START--
INFO: Run Behavior\BuildLiteBehavior [ RunTime:0.000011s ]
INFO: [ app_init ] --END-- [ RunTime:0.000243s ]
INFO: [ app_begin ] --START--
INFO: Run Behavior\ReadHtmlCacheBehavior [ RunTime:0.000300s ]
INFO: [ app_begin ] --END-- [ RunTime:0.000357s ]
SQL: SHOW COLUMNS FROM `outnews` [ RunTime:0.0005s ]
SQL: SELECT * FROM `outnews` LIMIT 0,6   [ RunTime:0.0023s ]
SQL: SELECT * FROM `outnews` LIMIT 6,3   [ RunTime:0.0008s ]

[ 2017-05-11T20:19:52+08:00 ] 113.107.163.197 /ScoreBoard/cloud.php/Home/Show/pk_show?&_=1494505189644
INFO: [ app_init ] --START--
INFO: Run Behavior\BuildLiteBehavior [ RunTime:0.000010s ]
INFO: [ app_init ] --END-- [ RunTime:0.000215s ]
INFO: [ app_begin ] --START--
INFO: Run Behavior\ReadHtmlCacheBehavior [ RunTime:0.008307s ]
INFO: [ app_begin ] --END-- [ RunTime:0.008360s ]
SQL: SHOW COLUMNS FROM `pk` [ RunTime:0.0004s ]
SQL: SELECT * FROM `pk` WHERE `state` >= 1  [ RunTime:0.0001s ]
SQL: SHOW COLUMNS FROM `team` [ RunTime:0.0010s ]
SQL: SELECT * FROM `team` WHERE `t_id` = 1  [ RunTime:0.0001s ]
SQL: SELECT * FROM `team` WHERE `t_id` = 10  [ RunTime:0.0216s ]
NOTIC: [8] Undefined offset: 0 /var/www/ScoreBoard/Cloud/Home/Controller/ShowController.class.php 第 232 行.
SQL: SELECT * FROM `team` WHERE `t_id` = 1  [ RunTime:0.0034s ]
SQL: SELECT * FROM `team` WHERE `t_id` = 3  [ RunTime:0.0017s ]
SQL: SELECT * FROM `team` WHERE `t_id` = 2  [ RunTime:0.0001s ]
SQL: SELECT * FROM `team` WHERE `t_id` = 4  [ RunTime:0.0001s ]
SQL: SELECT * FROM `team` WHERE `t_id` = 2  [ RunTime:0.0001s ]
SQL: SELECT * FROM `team` WHERE `t_id` = 3  [ RunTime:0.0015s ]
SQL: SELECT * FROM `team` WHERE `t_id` = 2  [ RunTime:0.0034s ]
SQL: SELECT * FROM `team` WHERE `t_id` = 1  [ RunTime:0.0001s ]
SQL: SELECT * FROM `team` WHERE `t_id` = 1  [ RunTime:0.0001s ]
SQL: SELECT * FROM `team` WHERE `t_id` = 3  [ RunTime:0.0001s ]
SQL: SELECT * FROM `team` WHERE `t_id` = 2  [ RunTime:0.0001s ]
SQL: SELECT * FROM `team` WHERE `t_id` = 0  [ RunTime:0.0001s ]
NOTIC: [8] Undefined offset: 0 /var/www/ScoreBoard/Cloud/Home/Controller/ShowController.class.php 第 232 行.
SQL: SELECT * FROM `team` WHERE `t_id` = 0  [ RunTime:0.0027s ]
NOTIC: [8] Undefined offset: 0 /var/www/ScoreBoard/Cloud/Home/Controller/ShowController.class.php 第 229 行.
SQL: SELECT * FROM `team` WHERE `t_id` = 0  [ RunTime:0.0001s ]
NOTIC: [8] Undefined offset: 0 /var/www/ScoreBoard/Cloud/Home/Controller/ShowController.class.php 第 232 行.

[ 2017-05-11T20:19:52+08:00 ] 113.107.163.197 /ScoreBoard/cloud.php/Home/Show/scanner_show?&_=1494505189648
INFO: [ app_init ] --START--
INFO: Run Behavior\BuildLiteBehavior [ RunTime:0.000014s ]
INFO: [ app_init ] --END-- [ RunTime:0.000232s ]
INFO: [ app_begin ] --START--
INFO: Run Behavior\ReadHtmlCacheBehavior [ RunTime:0.000278s ]
INFO: [ app_begin ] --END-- [ RunTime:0.000330s ]
SQL: SHOW COLUMNS FROM `pk` [ RunTime:0.0006s ]
SQL: SELECT `image1`,`pk_name` FROM `pk` WHERE ( state=1 ) LIMIT 0,4   [ RunTime:0.0041s ]

[ 2017-05-11T20:19:52+08:00 ] 113.107.163.197 /ScoreBoard/cloud.php/Home/Show/show_team?&_=1494505189647
INFO: [ app_init ] --START--
INFO: Run Behavior\BuildLiteBehavior [ RunTime:0.000016s ]
INFO: [ app_init ] --END-- [ RunTime:0.000288s ]
INFO: [ app_begin ] --START--
INFO: Run Behavior\ReadHtmlCacheBehavior [ RunTime:0.000321s ]
INFO: [ app_begin ] --END-- [ RunTime:0.000382s ]
SQL: SHOW COLUMNS FROM `team` [ RunTime:0.0007s ]
SQL: SELECT * FROM `team`  [ RunTime:0.0036s ]
NOTIC: [2] Division by zero /var/www/ScoreBoard/Cloud/Home/Controller/ShowController.class.php 第 460 行.
NOTIC: [2] Division by zero /var/www/ScoreBoard/Cloud/Home/Controller/ShowController.class.php 第 460 行.
NOTIC: [2] Division by zero /var/www/ScoreBoard/Cloud/Home/Controller/ShowController.class.php 第 460 行.
NOTIC: [2] Division by zero /var/www/ScoreBoard/Cloud/Home/Controller/ShowController.class.php 第 460 行.
NOTIC: [2] Division by zero /var/www/ScoreBoard/Cloud/Home/Controller/ShowController.class.php 第 460 行.
NOTIC: [2] Division by zero /var/www/ScoreBoard/Cloud/Home/Controller/ShowController.class.php 第 460 行.
NOTIC: [2] Division by zero /var/www/ScoreBoard/Cloud/Home/Controller/ShowController.class.php 第 460 行.
NOTIC: [2] Division by zero /var/www/ScoreBoard/Cloud/Home/Controller/ShowController.class.php 第 460 行.
NOTIC: [2] Division by zero /var/www/ScoreBoard/Cloud/Home/Controller/ShowController.class.php 第 460 行.

[ 2017-05-11T20:19:52+08:00 ] 113.107.163.197 /ScoreBoard/cloud.php/Home/Show/add_view?&callback=flightHandler&_=1494505189649
INFO: [ app_init ] --START--
INFO: Run Behavior\BuildLiteBehavior [ RunTime:0.000016s ]
INFO: [ app_init ] --END-- [ RunTime:0.000300s ]
INFO: [ app_begin ] --START--
INFO: Run Behavior\ReadHtmlCacheBehavior [ RunTime:0.000316s ]
INFO: [ app_begin ] --END-- [ RunTime:0.000372s ]
SQL: SHOW COLUMNS FROM `number` [ RunTime:0.0004s ]
SQL: SELECT * FROM `number` WHERE `id` = 1  [ RunTime:0.0013s ]
SQL: UPDATE `number` SET `view_num`='1789' WHERE `id` = 1 [ RunTime:0.0111s ]
INFO: [ app_end ] --START--
INFO: Run Behavior\ShowPageTraceBehavior [ RunTime:0.000351s ]
INFO: [ app_end ] --END-- [ RunTime:0.000406s ]

[ 2017-05-11T20:19:52+08:00 ] 113.107.163.197 /ScoreBoard/cloud.php/Home/Show/show_videos?&_=1494505189646
INFO: [ app_init ] --START--
INFO: Run Behavior\BuildLiteBehavior [ RunTime:0.000014s ]
INFO: [ app_init ] --END-- [ RunTime:0.000248s ]
INFO: [ app_begin ] --START--
INFO: Run Behavior\ReadHtmlCacheBehavior [ RunTime:0.000300s ]
INFO: [ app_begin ] --END-- [ RunTime:0.000350s ]
SQL: SHOW COLUMNS FROM `pk` [ RunTime:0.0005s ]
SQL: SELECT `image1`,`pk_name`,`intro` FROM `pk` WHERE ( state=1 ) ORDER BY pk_id desc LIMIT 0,4   [ RunTime:0.0001s ]
SQL: SELECT `image1`,`pk_name`,`intro` FROM `pk` WHERE ( state=1 ) ORDER BY pk_id desc LIMIT 4,3   [ RunTime:0.0001s ]

[ 2017-05-11T20:19:52+08:00 ] 113.107.163.197 /ScoreBoard/cloud.php/Home/Show/show_news?&_=1494505189645
INFO: [ app_init ] --START--
INFO: Run Behavior\BuildLiteBehavior [ RunTime:0.000014s ]
INFO: [ app_init ] --END-- [ RunTime:0.000251s ]
INFO: [ app_begin ] --START--
INFO: Run Behavior\ReadHtmlCacheBehavior [ RunTime:0.000322s ]
INFO: [ app_begin ] --END-- [ RunTime:0.000382s ]
SQL: SHOW COLUMNS FROM `outnews` [ RunTime:0.0003s ]
SQL: SELECT * FROM `outnews` LIMIT 0,6   [ RunTime:0.0004s ]
SQL: SELECT * FROM `outnews` LIMIT 6,3   [ RunTime:0.0012s ]

[ 2017-05-11T20:19:52+08:00 ] 113.107.163.197 /ScoreBoard/cloud.php/Home/Show/pk_show?&_=1494505189644
INFO: [ app_init ] --START--
INFO: Run Behavior\BuildLiteBehavior [ RunTime:0.000015s ]
INFO: [ app_init ] --END-- [ RunTime:0.000258s ]
INFO: [ app_begin ] --START--
INFO: Run Behavior\ReadHtmlCacheBehavior [ RunTime:0.000285s ]
INFO: [ app_begin ] --END-- [ RunTime:0.000336s ]
SQL: SHOW COLUMNS FROM `pk` [ RunTime:0.0004s ]
SQL: SELECT * FROM `pk` WHERE `state` >= 1  [ RunTime:0.0015s ]
SQL: SHOW COLUMNS FROM `team` [ RunTime:0.0004s ]
SQL: SELECT * FROM `team` WHERE `t_id` = 1  [ RunTime:0.0001s ]
SQL: SELECT * FROM `team` WHERE `t_id` = 10  [ RunTime:0.0001s ]
NOTIC: [8] Undefined offset: 0 /var/www/ScoreBoard/Cloud/Home/Controller/ShowController.class.php 第 232 行.
SQL: SELECT * FROM `team` WHERE `t_id` = 1  [ RunTime:0.0001s ]
SQL: SELECT * FROM `team` WHERE `t_id` = 3  [ RunTime:0.0001s ]
SQL: SELECT * FROM `team` WHERE `t_id` = 2  [ RunTime:0.0001s ]
SQL: SELECT * FROM `team` WHERE `t_id` = 4  [ RunTime:0.0001s ]
SQL: SELECT * FROM `team` WHERE `t_id` = 2  [ RunTime:0.0001s ]
SQL: SELECT * FROM `team` WHERE `t_id` = 3  [ RunTime:0.0001s ]
SQL: SELECT * FROM `team` WHERE `t_id` = 2  [ RunTime:0.0001s ]
SQL: SELECT * FROM `team` WHERE `t_id` = 1  [ RunTime:0.0001s ]
SQL: SELECT * FROM `team` WHERE `t_id` = 1  [ RunTime:0.0001s ]
SQL: SELECT * FROM `team` WHERE `t_id` = 3  [ RunTime:0.0001s ]
SQL: SELECT * FROM `team` WHERE `t_id` = 2  [ RunTime:0.0001s ]
SQL: SELECT * FROM `team` WHERE `t_id` = 0  [ RunTime:0.0001s ]
NOTIC: [8] Undefined offset: 0 /var/www/ScoreBoard/Cloud/Home/Controller/ShowController.class.php 第 232 行.
SQL: SELECT * FROM `team` WHERE `t_id` = 0  [ RunTime:0.0001s ]
NOTIC: [8] Undefined offset: 0 /var/www/ScoreBoard/Cloud/Home/Controller/ShowController.class.php 第 229 行.
SQL: SELECT * FROM `team` WHERE `t_id` = 0  [ RunTime:0.0001s ]
NOTIC: [8] Undefined offset: 0 /var/www/ScoreBoard/Cloud/Home/Controller/ShowController.class.php 第 232 行.

[ 2017-05-11T20:19:52+08:00 ] 113.107.163.197 /ScoreBoard/cloud.php/Home/Show/scanner_show?&_=1494505189648
INFO: [ app_init ] --START--
INFO: Run Behavior\BuildLiteBehavior [ RunTime:0.000013s ]
INFO: [ app_init ] --END-- [ RunTime:0.000232s ]
INFO: [ app_begin ] --START--
INFO: Run Behavior\ReadHtmlCacheBehavior [ RunTime:0.000289s ]
INFO: [ app_begin ] --END-- [ RunTime:0.000337s ]
SQL: SHOW COLUMNS FROM `pk` [ RunTime:0.0006s ]
SQL: SELECT `image1`,`pk_name` FROM `pk` WHERE ( state=1 ) LIMIT 0,4   [ RunTime:0.0001s ]

[ 2017-05-11T20:19:52+08:00 ] 113.107.163.197 /ScoreBoard/cloud.php/Home/Show/show_view_download?&_=1494505189650
INFO: [ app_init ] --START--
INFO: Run Behavior\BuildLiteBehavior [ RunTime:0.000016s ]
INFO: [ app_init ] --END-- [ RunTime:0.000289s ]
INFO: [ app_begin ] --START--
INFO: Run Behavior\ReadHtmlCacheBehavior [ RunTime:0.000310s ]
INFO: [ app_begin ] --END-- [ RunTime:0.000374s ]
SQL: SHOW COLUMNS FROM `number` [ RunTime:0.0005s ]
SQL: SELECT * FROM `number` WHERE `id` = 1  [ RunTime:0.0002s ]

[ 2017-05-11T20:19:52+08:00 ] 113.107.163.197 /ScoreBoard/cloud.php/Home/Show/show_view_download?&_=1494505189650
INFO: [ app_init ] --START--
INFO: Run Behavior\BuildLiteBehavior [ RunTime:0.000012s ]
INFO: [ app_init ] --END-- [ RunTime:0.000223s ]
INFO: [ app_begin ] --START--
INFO: Run Behavior\ReadHtmlCacheBehavior [ RunTime:0.000281s ]
INFO: [ app_begin ] --END-- [ RunTime:0.000330s ]
SQL: SHOW COLUMNS FROM `number` [ RunTime:0.0005s ]
SQL: SELECT * FROM `number` WHERE `id` = 1  [ RunTime:0.0001s ]

[ 2017-05-11T20:19:52+08:00 ] 113.107.163.197 /ScoreBoard/cloud.php/Home/Show/show_team?&_=1494505189647
INFO: [ app_init ] --START--
INFO: Run Behavior\BuildLiteBehavior [ RunTime:0.000011s ]
INFO: [ app_init ] --END-- [ RunTime:0.000226s ]
INFO: [ app_begin ] --START--
INFO: Run Behavior\ReadHtmlCacheBehavior [ RunTime:0.000277s ]
INFO: [ app_begin ] --END-- [ RunTime:0.000325s ]
SQL: SHOW COLUMNS FROM `team` [ RunTime:0.0006s ]
SQL: SELECT * FROM `team`  [ RunTime:0.0001s ]
NOTIC: [2] Division by zero /var/www/ScoreBoard/Cloud/Home/Controller/ShowController.class.php 第 460 行.
NOTIC: [2] Division by zero /var/www/ScoreBoard/Cloud/Home/Controller/ShowController.class.php 第 460 行.
NOTIC: [2] Division by zero /var/www/ScoreBoard/Cloud/Home/Controller/ShowController.class.php 第 460 行.
NOTIC: [2] Division by zero /var/www/ScoreBoard/Cloud/Home/Controller/ShowController.class.php 第 460 行.
NOTIC: [2] Division by zero /var/www/ScoreBoard/Cloud/Home/Controller/ShowController.class.php 第 460 行.
NOTIC: [2] Division by zero /var/www/ScoreBoard/Cloud/Home/Controller/ShowController.class.php 第 460 行.
NOTIC: [2] Division by zero /var/www/ScoreBoard/Cloud/Home/Controller/ShowController.class.php 第 460 行.
NOTIC: [2] Division by zero /var/www/ScoreBoard/Cloud/Home/Controller/ShowController.class.php 第 460 行.
NOTIC: [2] Division by zero /var/www/ScoreBoard/Cloud/Home/Controller/ShowController.class.php 第 460 行.

[ 2017-05-11T20:19:59+08:00 ] 61.151.226.202 /ScoreBoard/cloud.php/Home/Index/show_personal?&reg_id=8&_=1494505187010
INFO: [ app_init ] --START--
INFO: Run Behavior\BuildLiteBehavior [ RunTime:0.000016s ]
INFO: [ app_init ] --END-- [ RunTime:0.000288s ]
INFO: [ app_begin ] --START--
INFO: Run Behavior\ReadHtmlCacheBehavior [ RunTime:0.000312s ]
INFO: [ app_begin ] --END-- [ RunTime:0.000365s ]
SQL: SHOW COLUMNS FROM `reguser` [ RunTime:0.0010s ]
SQL: SELECT * FROM `reguser` WHERE `reg_id` = 8  [ RunTime:0.0001s ]

[ 2017-05-11T20:19:59+08:00 ] 112.65.193.13 /ScoreBoard/cloud.php/Home/Index/show_mes?&reg_id=8&_=1494505187011
INFO: [ app_init ] --START--
INFO: Run Behavior\BuildLiteBehavior [ RunTime:0.000019s ]
INFO: [ app_init ] --END-- [ RunTime:0.000315s ]
INFO: [ app_begin ] --START--
INFO: Run Behavior\ReadHtmlCacheBehavior [ RunTime:0.000323s ]
INFO: [ app_begin ] --END-- [ RunTime:0.000380s ]
SQL: SHOW COLUMNS FROM `reguser` [ RunTime:0.0011s ]
SQL: SELECT * FROM `reguser` WHERE `reg_id` = 8  [ RunTime:0.0014s ]
SQL: SHOW COLUMNS FROM `message` [ RunTime:0.0004s ]
SQL: SELECT * FROM `message` WHERE `to_id` = 8  [ RunTime:0.0001s ]

[ 2017-05-11T20:20:02+08:00 ] 180.153.206.20 /ScoreBoard/cloud.php/Home/Show/show_videos?&_=1494505189646
INFO: [ app_init ] --START--
INFO: Run Behavior\BuildLiteBehavior [ RunTime:0.000013s ]
INFO: [ app_init ] --END-- [ RunTime:0.000231s ]
INFO: [ app_begin ] --START--
INFO: Run Behavior\ReadHtmlCacheBehavior [ RunTime:0.000277s ]
INFO: [ app_begin ] --END-- [ RunTime:0.000326s ]
SQL: SHOW COLUMNS FROM `pk` [ RunTime:0.0006s ]
SQL: SELECT `image1`,`pk_name`,`intro` FROM `pk` WHERE ( state=1 ) ORDER BY pk_id desc LIMIT 0,4   [ RunTime:0.0001s ]
SQL: SELECT `image1`,`pk_name`,`intro` FROM `pk` WHERE ( state=1 ) ORDER BY pk_id desc LIMIT 4,3   [ RunTime:0.0001s ]

[ 2017-05-11T20:20:02+08:00 ] 101.226.51.230 /ScoreBoard/cloud.php/Home/Show/show_team?&_=1494505189647
INFO: [ app_init ] --START--
INFO: Run Behavior\BuildLiteBehavior [ RunTime:0.000013s ]
INFO: [ app_init ] --END-- [ RunTime:0.009092s ]
INFO: [ app_begin ] --START--
INFO: Run Behavior\ReadHtmlCacheBehavior [ RunTime:0.000287s ]
INFO: [ app_begin ] --END-- [ RunTime:0.000337s ]
SQL: SHOW COLUMNS FROM `team` [ RunTime:0.0011s ]
SQL: SELECT * FROM `team`  [ RunTime:0.0017s ]
NOTIC: [2] Division by zero /var/www/ScoreBoard/Cloud/Home/Controller/ShowController.class.php 第 460 行.
NOTIC: [2] Division by zero /var/www/ScoreBoard/Cloud/Home/Controller/ShowController.class.php 第 460 行.
NOTIC: [2] Division by zero /var/www/ScoreBoard/Cloud/Home/Controller/ShowController.class.php 第 460 行.
NOTIC: [2] Division by zero /var/www/ScoreBoard/Cloud/Home/Controller/ShowController.class.php 第 460 行.
NOTIC: [2] Division by zero /var/www/ScoreBoard/Cloud/Home/Controller/ShowController.class.php 第 460 行.
NOTIC: [2] Division by zero /var/www/ScoreBoard/Cloud/Home/Controller/ShowController.class.php 第 460 行.
NOTIC: [2] Division by zero /var/www/ScoreBoard/Cloud/Home/Controller/ShowController.class.php 第 460 行.
NOTIC: [2] Division by zero /var/www/ScoreBoard/Cloud/Home/Controller/ShowController.class.php 第 460 行.
NOTIC: [2] Division by zero /var/www/ScoreBoard/Cloud/Home/Controller/ShowController.class.php 第 460 行.

[ 2017-05-11T20:20:02+08:00 ] 101.226.65.107 /ScoreBoard/cloud.php/Home/Show/show_videos?&_=1494505189646
INFO: [ app_init ] --START--
INFO: Run Behavior\BuildLiteBehavior [ RunTime:0.000015s ]
INFO: [ app_init ] --END-- [ RunTime:0.000277s ]
INFO: [ app_begin ] --START--
INFO: Run Behavior\ReadHtmlCacheBehavior [ RunTime:0.000289s ]
INFO: [ app_begin ] --END-- [ RunTime:0.000338s ]
SQL: SHOW COLUMNS FROM `pk` [ RunTime:0.0013s ]
SQL: SELECT `image1`,`pk_name`,`intro` FROM `pk` WHERE ( state=1 ) ORDER BY pk_id desc LIMIT 0,4   [ RunTime:0.0029s ]
SQL: SELECT `image1`,`pk_name`,`intro` FROM `pk` WHERE ( state=1 ) ORDER BY pk_id desc LIMIT 4,3   [ RunTime:0.0011s ]

[ 2017-05-11T20:20:02+08:00 ] 180.153.214.180 /ScoreBoard/cloud.php/Home/Show/show_videos?&_=1494505189646
INFO: [ app_init ] --START--
INFO: Run Behavior\BuildLiteBehavior [ RunTime:0.000012s ]
INFO: [ app_init ] --END-- [ RunTime:0.000226s ]
INFO: [ app_begin ] --START--
INFO: Run Behavior\ReadHtmlCacheBehavior [ RunTime:0.000281s ]
INFO: [ app_begin ] --END-- [ RunTime:0.000329s ]
SQL: SHOW COLUMNS FROM `pk` [ RunTime:0.0004s ]
SQL: SELECT `image1`,`pk_name`,`intro` FROM `pk` WHERE ( state=1 ) ORDER BY pk_id desc LIMIT 0,4   [ RunTime:0.0038s ]
SQL: SELECT `image1`,`pk_name`,`intro` FROM `pk` WHERE ( state=1 ) ORDER BY pk_id desc LIMIT 4,3   [ RunTime:0.0017s ]

[ 2017-05-11T20:20:02+08:00 ] 180.153.205.252 /ScoreBoard/cloud.php/Home/Show/show_view_download?&_=1494505189650
INFO: [ app_init ] --START--
INFO: Run Behavior\BuildLiteBehavior [ RunTime:0.000013s ]
INFO: [ app_init ] --END-- [ RunTime:0.000245s ]
INFO: [ app_begin ] --START--
INFO: Run Behavior\ReadHtmlCacheBehavior [ RunTime:0.000284s ]
INFO: [ app_begin ] --END-- [ RunTime:0.000331s ]
SQL: SHOW COLUMNS FROM `number` [ RunTime:0.0023s ]
SQL: SELECT * FROM `number` WHERE `id` = 1  [ RunTime:0.0032s ]

[ 2017-05-11T20:20:02+08:00 ] 61.151.218.119 /ScoreBoard/cloud.php/Home/Show/scanner_show?&_=1494505189648
INFO: [ app_init ] --START--
INFO: Run Behavior\BuildLiteBehavior [ RunTime:0.000014s ]
INFO: [ app_init ] --END-- [ RunTime:0.003551s ]
INFO: [ app_begin ] --START--
INFO: Run Behavior\ReadHtmlCacheBehavior [ RunTime:0.000281s ]
INFO: [ app_begin ] --END-- [ RunTime:0.000329s ]
SQL: SHOW COLUMNS FROM `pk` [ RunTime:0.0015s ]
SQL: SELECT `image1`,`pk_name` FROM `pk` WHERE ( state=1 ) LIMIT 0,4   [ RunTime:0.0032s ]

[ 2017-05-11T20:20:02+08:00 ] 180.153.214.176 /ScoreBoard/cloud.php/Home/Show/show_news?&_=1494505189645
INFO: [ app_init ] --START--
INFO: Run Behavior\BuildLiteBehavior [ RunTime:0.000012s ]
INFO: [ app_init ] --END-- [ RunTime:0.000228s ]
INFO: [ app_begin ] --START--
INFO: Run Behavior\ReadHtmlCacheBehavior [ RunTime:0.000292s ]
INFO: [ app_begin ] --END-- [ RunTime:0.000351s ]
SQL: SHOW COLUMNS FROM `outnews` [ RunTime:0.0003s ]
SQL: SELECT * FROM `outnews` LIMIT 0,6   [ RunTime:0.0021s ]
SQL: SELECT * FROM `outnews` LIMIT 6,3   [ RunTime:0.0003s ]

[ 2017-05-11T20:20:02+08:00 ] 180.153.214.176 /ScoreBoard/cloud.php/Home/Show/pk_show?&_=1494505189644
INFO: [ app_init ] --START--
INFO: Run Behavior\BuildLiteBehavior [ RunTime:0.000013s ]
INFO: [ app_init ] --END-- [ RunTime:0.000224s ]
INFO: [ app_begin ] --START--
INFO: Run Behavior\ReadHtmlCacheBehavior [ RunTime:0.000278s ]
INFO: [ app_begin ] --END-- [ RunTime:0.000326s ]
SQL: SHOW COLUMNS FROM `pk` [ RunTime:0.0014s ]
SQL: SELECT * FROM `pk` WHERE `state` >= 1  [ RunTime:0.0038s ]
SQL: SHOW COLUMNS FROM `team` [ RunTime:0.0016s ]
SQL: SELECT * FROM `team` WHERE `t_id` = 1  [ RunTime:0.0032s ]
SQL: SELECT * FROM `team` WHERE `t_id` = 10  [ RunTime:0.0003s ]
NOTIC: [8] Undefined offset: 0 /var/www/ScoreBoard/Cloud/Home/Controller/ShowController.class.php 第 232 行.
SQL: SELECT * FROM `team` WHERE `t_id` = 1  [ RunTime:0.0030s ]
SQL: SELECT * FROM `team` WHERE `t_id` = 3  [ RunTime:0.0043s ]
SQL: SELECT * FROM `team` WHERE `t_id` = 2  [ RunTime:0.0015s ]
SQL: SELECT * FROM `team` WHERE `t_id` = 4  [ RunTime:0.0001s ]
SQL: SELECT * FROM `team` WHERE `t_id` = 2  [ RunTime:0.0005s ]
SQL: SELECT * FROM `team` WHERE `t_id` = 3  [ RunTime:0.0001s ]
SQL: SELECT * FROM `team` WHERE `t_id` = 2  [ RunTime:0.0001s ]
SQL: SELECT * FROM `team` WHERE `t_id` = 1  [ RunTime:0.0001s ]
SQL: SELECT * FROM `team` WHERE `t_id` = 1  [ RunTime:0.0001s ]
SQL: SELECT * FROM `team` WHERE `t_id` = 3  [ RunTime:0.0001s ]
SQL: SELECT * FROM `team` WHERE `t_id` = 2  [ RunTime:0.0001s ]
SQL: SELECT * FROM `team` WHERE `t_id` = 0  [ RunTime:0.0001s ]
NOTIC: [8] Undefined offset: 0 /var/www/ScoreBoard/Cloud/Home/Controller/ShowController.class.php 第 232 行.
SQL: SELECT * FROM `team` WHERE `t_id` = 0  [ RunTime:0.0001s ]
NOTIC: [8] Undefined offset: 0 /var/www/ScoreBoard/Cloud/Home/Controller/ShowController.class.php 第 229 行.
SQL: SELECT * FROM `team` WHERE `t_id` = 0  [ RunTime:0.0001s ]
NOTIC: [8] Undefined offset: 0 /var/www/ScoreBoard/Cloud/Home/Controller/ShowController.class.php 第 232 行.

